[ 2016-10-15T19:39:47+08:00 ] ::1 /dawashop/admin.php/Admin/Product/index.html
INFO: [ app_init ] --START--
INFO: Run Behavior\BuildLiteBehavior [ RunTime:0.000020s ]
INFO: [ app_init ] --END-- [ RunTime:0.037900s ]
ERR: 无法加载控制器:Product

[ 2016-10-15T19:40:00+08:00 ] ::1 /dawashop/admin.php/Admin/user/add
INFO: [ app_init ] --START--
INFO: Run Behavior\BuildLiteBehavior [ RunTime:0.000016s ]
INFO: [ app_init ] --END-- [ RunTime:0.000620s ]

[ 2016-10-15T19:46:04+08:00 ] ::1 /dawashop/admin.php/Admin/Productattr/index.html
INFO: [ app_init ] --START--
INFO: Run Behavior\BuildLiteBehavior [ RunTime:0.000027s ]
INFO: [ app_init ] --END-- [ RunTime:0.001141s ]

[ 2016-10-15T19:46:04+08:00 ] ::1 /dawashop/admin.php/Admin/user/add
INFO: [ app_init ] --START--
INFO: Run Behavior\BuildLiteBehavior [ RunTime:0.000017s ]
INFO: [ app_init ] --END-- [ RunTime:0.000775s ]

[ 2016-10-15T19:46:04+08:00 ] ::1 /dawashop/admin.php/Admin/user/add
INFO: [ app_init ] --START--
INFO: Run Behavior\BuildLiteBehavior [ RunTime:0.000016s ]
INFO: [ app_init ] --END-- [ RunTime:0.000674s ]

[ 2016-10-15T19:46:05+08:00 ] ::1 /dawashop/admin.php/Admin/user/index
INFO: [ app_init ] --START--
INFO: Run Behavior\BuildLiteBehavior [ RunTime:0.000026s ]
INFO: [ app_init ] --END-- [ RunTime:0.000991s ]

[ 2016-10-15T19:46:05+08:00 ] ::1 /dawashop/admin.php/Admin/user/add
INFO: [ app_init ] --START--
INFO: Run Behavior\BuildLiteBehavior [ RunTime:0.000022s ]
INFO: [ app_init ] --END-- [ RunTime:0.000964s ]

[ 2016-10-15T19:46:22+08:00 ] ::1 /dawashop/admin.php/Admin/user/add
INFO: [ app_init ] --START--
INFO: Run Behavior\BuildLiteBehavior [ RunTime:0.000022s ]
INFO: [ app_init ] --END-- [ RunTime:0.000733s ]

[ 2016-10-15T20:49:24+08:00 ] ::1 /dawashop/admin.php/Admin/Productattr/index.html
INFO: [ app_init ] --START--
INFO: Run Behavior\BuildLiteBehavior [ RunTime:0.000015s ]
INFO: [ app_init ] --END-- [ RunTime:0.000650s ]

[ 2016-10-15T20:49:25+08:00 ] ::1 /dawashop/admin.php/Admin/Productattr/add.html
INFO: [ app_init ] --START--
INFO: Run Behavior\BuildLiteBehavior [ RunTime:0.000023s ]
INFO: [ app_init ] --END-- [ RunTime:0.000754s ]

[ 2016-10-15T21:54:27+08:00 ] ::1 /dawashop/admin.php/Admin/Productattr/add.html
INFO: [ app_init ] --START--
INFO: Run Behavior\BuildLiteBehavior [ RunTime:0.000021s ]
INFO: [ app_init ] --END-- [ RunTime:0.001934s ]

[ 2016-10-15T21:55:51+08:00 ] ::1 /dawashop/admin.php/Admin/Productattr/getattrdata
INFO: [ app_init ] --START--
INFO: Run Behavior\BuildLiteBehavior [ RunTime:0.000016s ]
INFO: [ app_init ] --END-- [ RunTime:0.000615s ]

[ 2016-10-15T22:22:00+08:00 ] ::1 /dawashop/admin.php/Admin/Productattr/getattrdata
INFO: [ app_init ] --START--
INFO: Run Behavior\BuildLiteBehavior [ RunTime:0.000019s ]
INFO: [ app_init ] --END-- [ RunTime:0.001311s ]

[ 2016-10-15T22:24:11+08:00 ] ::1 /dawashop/admin.php/Admin/Productattr/add.html
INFO: [ app_init ] --START--
INFO: Run Behavior\BuildLiteBehavior [ RunTime:0.000015s ]
INFO: [ app_init ] --END-- [ RunTime:0.000620s ]

[ 2016-10-15T22:24:15+08:00 ] ::1 /dawashop/admin.php/Admin/Productattr/getattrdata
INFO: [ app_init ] --START--
INFO: Run Behavior\BuildLiteBehavior [ RunTime:0.000015s ]
INFO: [ app_init ] --END-- [ RunTime:0.000601s ]

[ 2016-10-15T22:26:56+08:00 ] ::1 /dawashop/admin.php/Admin/Productattr/getattrdata
INFO: [ app_init ] --START--
INFO: Run Behavior\BuildLiteBehavior [ RunTime:0.000023s ]
INFO: [ app_init ] --END-- [ RunTime:0.001074s ]

[ 2016-10-15T22:37:56+08:00 ] ::1 /dawashop/admin.php/Admin/Productattr/getattrdata
INFO: [ app_init ] --START--
INFO: Run Behavior\BuildLiteBehavior [ RunTime:0.000015s ]
INFO: [ app_init ] --END-- [ RunTime:0.000576s ]

[ 2016-10-15T22:38:30+08:00 ] ::1 /dawashop/admin.php/Admin/Productattr/getattrdata
INFO: [ app_init ] --START--
INFO: Run Behavior\BuildLiteBehavior [ RunTime:0.000019s ]
INFO: [ app_init ] --END-- [ RunTime:0.000606s ]

[ 2016-10-15T22:38:39+08:00 ] ::1 /dawashop/admin.php/Admin/Productattr/getattrdata
INFO: [ app_init ] --START--
INFO: Run Behavior\BuildLiteBehavior [ RunTime:0.000016s ]
INFO: [ app_init ] --END-- [ RunTime:0.000526s ]

[ 2016-10-15T22:50:10+08:00 ] ::1 /dawashop/admin.php/Admin/Productattr/getattrdata
INFO: [ app_init ] --START--
INFO: Run Behavior\BuildLiteBehavior [ RunTime:0.000015s ]
INFO: [ app_init ] --END-- [ RunTime:0.000659s ]

