[ 2016-10-17T09:38:14+08:00 ] ::1 /dawashop/admin.php/Admin/Productattr/add.html
INFO: [ app_init ] --START--
INFO: Run Behavior\BuildLiteBehavior [ RunTime:0.000018s ]
INFO: [ app_init ] --END-- [ RunTime:0.042577s ]

[ 2016-10-17T09:38:18+08:00 ] ::1 /dawashop/admin.php/Admin/Productattr/add.html
INFO: [ app_init ] --START--
INFO: Run Behavior\BuildLiteBehavior [ RunTime:0.000014s ]
INFO: [ app_init ] --END-- [ RunTime:0.000431s ]

[ 2016-10-17T09:38:21+08:00 ] ::1 /dawashop/admin.php/Admin/Productattr/add.html
INFO: [ app_init ] --START--
INFO: Run Behavior\BuildLiteBehavior [ RunTime:0.000014s ]
INFO: [ app_init ] --END-- [ RunTime:0.000460s ]

[ 2016-10-17T09:38:27+08:00 ] ::1 /dawashop/admin.php/Admin/Productattr/add.html
INFO: [ app_init ] --START--
INFO: Run Behavior\BuildLiteBehavior [ RunTime:0.000016s ]
INFO: [ app_init ] --END-- [ RunTime:0.000584s ]

[ 2016-10-17T09:42:51+08:00 ] ::1 /dawashop/admin.php/Admin/Productattr/add.html
INFO: [ app_init ] --START--
INFO: Run Behavior\BuildLiteBehavior [ RunTime:0.000024s ]
INFO: [ app_init ] --END-- [ RunTime:0.001346s ]

[ 2016-10-17T09:42:53+08:00 ] ::1 /dawashop/admin.php/Admin/Productattr/add.html
INFO: [ app_init ] --START--
INFO: Run Behavior\BuildLiteBehavior [ RunTime:0.000015s ]
INFO: [ app_init ] --END-- [ RunTime:0.000586s ]

[ 2016-10-17T09:42:55+08:00 ] ::1 /dawashop/admin.php/Admin/Productattr/add.html
INFO: [ app_init ] --START--
INFO: Run Behavior\BuildLiteBehavior [ RunTime:0.000024s ]
INFO: [ app_init ] --END-- [ RunTime:0.000634s ]

[ 2016-10-17T09:42:56+08:00 ] ::1 /dawashop/admin.php/Admin/Productattr/add.html
INFO: [ app_init ] --START--
INFO: Run Behavior\BuildLiteBehavior [ RunTime:0.000014s ]
INFO: [ app_init ] --END-- [ RunTime:0.000431s ]

[ 2016-10-17T09:42:56+08:00 ] ::1 /dawashop/admin.php/Admin/Productattr/add.html
INFO: [ app_init ] --START--
INFO: Run Behavior\BuildLiteBehavior [ RunTime:0.000022s ]
INFO: [ app_init ] --END-- [ RunTime:0.000659s ]

[ 2016-10-17T09:47:25+08:00 ] ::1 /dawashop/admin.php/Admin/Productattr/add.html
INFO: [ app_init ] --START--
INFO: Run Behavior\BuildLiteBehavior [ RunTime:0.000015s ]
INFO: [ app_init ] --END-- [ RunTime:0.000586s ]

[ 2016-10-17T09:47:26+08:00 ] ::1 /dawashop/admin.php/Admin/Productattr/add.html
INFO: [ app_init ] --START--
INFO: Run Behavior\BuildLiteBehavior [ RunTime:0.000017s ]
INFO: [ app_init ] --END-- [ RunTime:0.000578s ]

[ 2016-10-17T09:47:28+08:00 ] ::1 /dawashop/admin.php/Admin/Productattr/add.html
INFO: [ app_init ] --START--
INFO: Run Behavior\BuildLiteBehavior [ RunTime:0.000017s ]
INFO: [ app_init ] --END-- [ RunTime:0.000467s ]

[ 2016-10-17T09:47:40+08:00 ] ::1 /dawashop/admin.php/Admin/Productattr/add.html
INFO: [ app_init ] --START--
INFO: Run Behavior\BuildLiteBehavior [ RunTime:0.000018s ]
INFO: [ app_init ] --END-- [ RunTime:0.000525s ]

[ 2016-10-17T09:47:41+08:00 ] ::1 /dawashop/admin.php/Admin/Productattr/add.html
INFO: [ app_init ] --START--
INFO: Run Behavior\BuildLiteBehavior [ RunTime:0.000018s ]
INFO: [ app_init ] --END-- [ RunTime:0.001060s ]

[ 2016-10-17T09:47:43+08:00 ] ::1 /dawashop/admin.php/Admin/Productattr/add.html
INFO: [ app_init ] --START--
INFO: Run Behavior\BuildLiteBehavior [ RunTime:0.000016s ]
INFO: [ app_init ] --END-- [ RunTime:0.000463s ]

[ 2016-10-17T09:47:44+08:00 ] ::1 /dawashop/admin.php/Admin/Productattr/add.html
INFO: [ app_init ] --START--
INFO: Run Behavior\BuildLiteBehavior [ RunTime:0.000018s ]
INFO: [ app_init ] --END-- [ RunTime:0.000468s ]

[ 2016-10-17T09:47:45+08:00 ] ::1 /dawashop/admin.php/Admin/Productattr/add.html
INFO: [ app_init ] --START--
INFO: Run Behavior\BuildLiteBehavior [ RunTime:0.000016s ]
INFO: [ app_init ] --END-- [ RunTime:0.000460s ]

[ 2016-10-17T09:47:46+08:00 ] ::1 /dawashop/admin.php/Admin/Productattr/add.html
INFO: [ app_init ] --START--
INFO: Run Behavior\BuildLiteBehavior [ RunTime:0.000016s ]
INFO: [ app_init ] --END-- [ RunTime:0.000451s ]

[ 2016-10-17T09:47:47+08:00 ] ::1 /dawashop/admin.php/Admin/Productattr/add.html
INFO: [ app_init ] --START--
INFO: Run Behavior\BuildLiteBehavior [ RunTime:0.000018s ]
INFO: [ app_init ] --END-- [ RunTime:0.000517s ]

[ 2016-10-17T09:47:48+08:00 ] ::1 /dawashop/admin.php/Admin/Productattr/add.html
INFO: [ app_init ] --START--
INFO: Run Behavior\BuildLiteBehavior [ RunTime:0.000016s ]
INFO: [ app_init ] --END-- [ RunTime:0.000456s ]

[ 2016-10-17T09:47:49+08:00 ] ::1 /dawashop/admin.php/Admin/Productattr/add.html
INFO: [ app_init ] --START--
INFO: Run Behavior\BuildLiteBehavior [ RunTime:0.000025s ]
INFO: [ app_init ] --END-- [ RunTime:0.000662s ]

[ 2016-10-17T09:58:19+08:00 ] ::1 /dawashop/admin.php/Admin/Productattr/add.html
INFO: [ app_init ] --START--
INFO: Run Behavior\BuildLiteBehavior [ RunTime:0.000014s ]
INFO: [ app_init ] --END-- [ RunTime:0.000579s ]

[ 2016-10-17T09:58:21+08:00 ] ::1 /dawashop/admin.php/Admin/Productattr/add.html
INFO: [ app_init ] --START--
INFO: Run Behavior\BuildLiteBehavior [ RunTime:0.000015s ]
INFO: [ app_init ] --END-- [ RunTime:0.000552s ]

[ 2016-10-17T09:58:22+08:00 ] ::1 /dawashop/admin.php/Admin/Productattr/add.html
INFO: [ app_init ] --START--
INFO: Run Behavior\BuildLiteBehavior [ RunTime:0.000016s ]
INFO: [ app_init ] --END-- [ RunTime:0.000528s ]

[ 2016-10-17T09:58:23+08:00 ] ::1 /dawashop/admin.php/Admin/Productattr/add.html
INFO: [ app_init ] --START--
INFO: Run Behavior\BuildLiteBehavior [ RunTime:0.000015s ]
INFO: [ app_init ] --END-- [ RunTime:0.000426s ]

[ 2016-10-17T09:58:24+08:00 ] ::1 /dawashop/admin.php/Admin/Productattr/add.html
INFO: [ app_init ] --START--
INFO: Run Behavior\BuildLiteBehavior [ RunTime:0.000019s ]
INFO: [ app_init ] --END-- [ RunTime:0.000710s ]

[ 2016-10-17T09:58:24+08:00 ] ::1 /dawashop/admin.php/Admin/Productattr/add.html
INFO: [ app_init ] --START--
INFO: Run Behavior\BuildLiteBehavior [ RunTime:0.000019s ]
INFO: [ app_init ] --END-- [ RunTime:0.000434s ]

[ 2016-10-17T09:58:25+08:00 ] ::1 /dawashop/admin.php/Admin/Productattr/add.html
INFO: [ app_init ] --START--
INFO: Run Behavior\BuildLiteBehavior [ RunTime:0.000014s ]
INFO: [ app_init ] --END-- [ RunTime:0.000431s ]

[ 2016-10-17T09:58:25+08:00 ] ::1 /dawashop/admin.php/Admin/Productattr/add.html
INFO: [ app_init ] --START--
INFO: Run Behavior\BuildLiteBehavior [ RunTime:0.000014s ]
INFO: [ app_init ] --END-- [ RunTime:0.000461s ]

[ 2016-10-17T09:58:26+08:00 ] ::1 /dawashop/admin.php/Admin/Productattr/add.html
INFO: [ app_init ] --START--
INFO: Run Behavior\BuildLiteBehavior [ RunTime:0.000014s ]
INFO: [ app_init ] --END-- [ RunTime:0.000434s ]

[ 2016-10-17T09:58:27+08:00 ] ::1 /dawashop/admin.php/Admin/Productattr/add.html
INFO: [ app_init ] --START--
INFO: Run Behavior\BuildLiteBehavior [ RunTime:0.000015s ]
INFO: [ app_init ] --END-- [ RunTime:0.000442s ]

[ 2016-10-17T09:58:55+08:00 ] ::1 /dawashop/admin.php/Admin/Productattr/add.html
INFO: [ app_init ] --START--
INFO: Run Behavior\BuildLiteBehavior [ RunTime:0.000014s ]
INFO: [ app_init ] --END-- [ RunTime:0.000449s ]

[ 2016-10-17T09:58:56+08:00 ] ::1 /dawashop/admin.php/Admin/Productattr/add.html
INFO: [ app_init ] --START--
INFO: Run Behavior\BuildLiteBehavior [ RunTime:0.000015s ]
INFO: [ app_init ] --END-- [ RunTime:0.000441s ]

[ 2016-10-17T09:58:57+08:00 ] ::1 /dawashop/admin.php/Admin/Productattr/add.html
INFO: [ app_init ] --START--
INFO: Run Behavior\BuildLiteBehavior [ RunTime:0.000016s ]
INFO: [ app_init ] --END-- [ RunTime:0.000470s ]

[ 2016-10-17T09:58:58+08:00 ] ::1 /dawashop/admin.php/Admin/Productattr/add.html
INFO: [ app_init ] --START--
INFO: Run Behavior\BuildLiteBehavior [ RunTime:0.000014s ]
INFO: [ app_init ] --END-- [ RunTime:0.000426s ]

[ 2016-10-17T09:58:59+08:00 ] ::1 /dawashop/admin.php/Admin/Productattr/add.html
INFO: [ app_init ] --START--
INFO: Run Behavior\BuildLiteBehavior [ RunTime:0.000014s ]
INFO: [ app_init ] --END-- [ RunTime:0.000425s ]

[ 2016-10-17T10:08:19+08:00 ] ::1 /dawashop/admin.php/Admin/Productattr/add.html
INFO: [ app_init ] --START--
INFO: Run Behavior\BuildLiteBehavior [ RunTime:0.000017s ]
INFO: [ app_init ] --END-- [ RunTime:0.000791s ]

[ 2016-10-17T10:08:20+08:00 ] ::1 /dawashop/admin.php/Admin/Productattr/add.html
INFO: [ app_init ] --START--
INFO: Run Behavior\BuildLiteBehavior [ RunTime:0.000024s ]
INFO: [ app_init ] --END-- [ RunTime:0.001071s ]

[ 2016-10-17T10:08:21+08:00 ] ::1 /dawashop/admin.php/Admin/Productattr/add.html
INFO: [ app_init ] --START--
INFO: Run Behavior\BuildLiteBehavior [ RunTime:0.000026s ]
INFO: [ app_init ] --END-- [ RunTime:0.000617s ]

[ 2016-10-17T10:08:22+08:00 ] ::1 /dawashop/admin.php/Admin/Productattr/add.html
INFO: [ app_init ] --START--
INFO: Run Behavior\BuildLiteBehavior [ RunTime:0.000023s ]
INFO: [ app_init ] --END-- [ RunTime:0.000652s ]

[ 2016-10-17T10:08:23+08:00 ] ::1 /dawashop/admin.php/Admin/Productattr/add.html
INFO: [ app_init ] --START--
INFO: Run Behavior\BuildLiteBehavior [ RunTime:0.000024s ]
INFO: [ app_init ] --END-- [ RunTime:0.000723s ]

[ 2016-10-17T10:08:24+08:00 ] ::1 /dawashop/admin.php/Admin/Productattr/add.html
INFO: [ app_init ] --START--
INFO: Run Behavior\BuildLiteBehavior [ RunTime:0.000022s ]
INFO: [ app_init ] --END-- [ RunTime:0.000626s ]

[ 2016-10-17T10:08:26+08:00 ] ::1 /dawashop/admin.php/Admin/Productattr/add.html
INFO: [ app_init ] --START--
INFO: Run Behavior\BuildLiteBehavior [ RunTime:0.000024s ]
INFO: [ app_init ] --END-- [ RunTime:0.000810s ]

[ 2016-10-17T10:08:36+08:00 ] ::1 /dawashop/admin.php/Admin/Productattr/add.html
INFO: [ app_init ] --START--
INFO: Run Behavior\BuildLiteBehavior [ RunTime:0.000073s ]
INFO: [ app_init ] --END-- [ RunTime:0.001506s ]

[ 2016-10-17T10:08:37+08:00 ] ::1 /dawashop/admin.php/Admin/Productattr/add.html
INFO: [ app_init ] --START--
INFO: Run Behavior\BuildLiteBehavior [ RunTime:0.000017s ]
INFO: [ app_init ] --END-- [ RunTime:0.000526s ]

[ 2016-10-17T10:08:38+08:00 ] ::1 /dawashop/admin.php/Admin/Productattr/add.html
INFO: [ app_init ] --START--
INFO: Run Behavior\BuildLiteBehavior [ RunTime:0.000025s ]
INFO: [ app_init ] --END-- [ RunTime:0.000718s ]

[ 2016-10-17T10:08:39+08:00 ] ::1 /dawashop/admin.php/Admin/Productattr/add.html
INFO: [ app_init ] --START--
INFO: Run Behavior\BuildLiteBehavior [ RunTime:0.000017s ]
INFO: [ app_init ] --END-- [ RunTime:0.000470s ]

[ 2016-10-17T10:08:39+08:00 ] ::1 /dawashop/admin.php/Admin/Productattr/add.html
INFO: [ app_init ] --START--
INFO: Run Behavior\BuildLiteBehavior [ RunTime:0.000025s ]
INFO: [ app_init ] --END-- [ RunTime:0.000556s ]

[ 2016-10-17T10:08:40+08:00 ] ::1 /dawashop/admin.php/Admin/Productattr/add.html
INFO: [ app_init ] --START--
INFO: Run Behavior\BuildLiteBehavior [ RunTime:0.000018s ]
INFO: [ app_init ] --END-- [ RunTime:0.000528s ]

[ 2016-10-17T10:08:41+08:00 ] ::1 /dawashop/admin.php/Admin/Productattr/add.html
INFO: [ app_init ] --START--
INFO: Run Behavior\BuildLiteBehavior [ RunTime:0.000027s ]
INFO: [ app_init ] --END-- [ RunTime:0.000789s ]

[ 2016-10-17T10:08:42+08:00 ] ::1 /dawashop/admin.php/Admin/Productattr/add.html
INFO: [ app_init ] --START--
INFO: Run Behavior\BuildLiteBehavior [ RunTime:0.000020s ]
INFO: [ app_init ] --END-- [ RunTime:0.000586s ]

[ 2016-10-17T10:08:43+08:00 ] ::1 /dawashop/admin.php/Admin/Productattr/add.html
INFO: [ app_init ] --START--
INFO: Run Behavior\BuildLiteBehavior [ RunTime:0.000026s ]
INFO: [ app_init ] --END-- [ RunTime:0.000945s ]

[ 2016-10-17T10:08:43+08:00 ] ::1 /dawashop/admin.php/Admin/Productattr/add.html
INFO: [ app_init ] --START--
INFO: Run Behavior\BuildLiteBehavior [ RunTime:0.000022s ]
INFO: [ app_init ] --END-- [ RunTime:0.000539s ]

[ 2016-10-17T10:08:44+08:00 ] ::1 /dawashop/admin.php/Admin/Productattr/add.html
INFO: [ app_init ] --START--
INFO: Run Behavior\BuildLiteBehavior [ RunTime:0.000017s ]
INFO: [ app_init ] --END-- [ RunTime:0.000534s ]

[ 2016-10-17T10:08:45+08:00 ] ::1 /dawashop/admin.php/Admin/Productattr/add.html
INFO: [ app_init ] --START--
INFO: Run Behavior\BuildLiteBehavior [ RunTime:0.000017s ]
INFO: [ app_init ] --END-- [ RunTime:0.000732s ]

[ 2016-10-17T10:08:46+08:00 ] ::1 /dawashop/admin.php/Admin/Productattr/add.html
INFO: [ app_init ] --START--
INFO: Run Behavior\BuildLiteBehavior [ RunTime:0.000026s ]
INFO: [ app_init ] --END-- [ RunTime:0.000805s ]

[ 2016-10-17T10:08:48+08:00 ] ::1 /dawashop/admin.php/Admin/Productattr/add.html
INFO: [ app_init ] --START--
INFO: Run Behavior\BuildLiteBehavior [ RunTime:0.000018s ]
INFO: [ app_init ] --END-- [ RunTime:0.000599s ]

[ 2016-10-17T10:08:49+08:00 ] ::1 /dawashop/admin.php/Admin/Productattr/add.html
INFO: [ app_init ] --START--
INFO: Run Behavior\BuildLiteBehavior [ RunTime:0.000024s ]
INFO: [ app_init ] --END-- [ RunTime:0.000554s ]

[ 2016-10-17T10:19:45+08:00 ] ::1 /dawashop/admin.php/Admin/Productattr/add.html
INFO: [ app_init ] --START--
INFO: Run Behavior\BuildLiteBehavior [ RunTime:0.000016s ]
INFO: [ app_init ] --END-- [ RunTime:0.000588s ]

[ 2016-10-17T10:19:47+08:00 ] ::1 /dawashop/admin.php/Admin/Productattr/add.html
INFO: [ app_init ] --START--
INFO: Run Behavior\BuildLiteBehavior [ RunTime:0.000014s ]
INFO: [ app_init ] --END-- [ RunTime:0.000433s ]

[ 2016-10-17T10:19:49+08:00 ] ::1 /dawashop/admin.php/Admin/Productattr/add.html
INFO: [ app_init ] --START--
INFO: Run Behavior\BuildLiteBehavior [ RunTime:0.000016s ]
INFO: [ app_init ] --END-- [ RunTime:0.000457s ]

[ 2016-10-17T10:19:50+08:00 ] ::1 /dawashop/admin.php/Admin/Productattr/add.html
INFO: [ app_init ] --START--
INFO: Run Behavior\BuildLiteBehavior [ RunTime:0.000016s ]
INFO: [ app_init ] --END-- [ RunTime:0.000456s ]

[ 2016-10-17T10:19:51+08:00 ] ::1 /dawashop/admin.php/Admin/Productattr/add.html
INFO: [ app_init ] --START--
INFO: Run Behavior\BuildLiteBehavior [ RunTime:0.000027s ]
INFO: [ app_init ] --END-- [ RunTime:0.000637s ]

[ 2016-10-17T10:19:52+08:00 ] ::1 /dawashop/admin.php/Admin/Productattr/add.html
INFO: [ app_init ] --START--
INFO: Run Behavior\BuildLiteBehavior [ RunTime:0.000015s ]
INFO: [ app_init ] --END-- [ RunTime:0.000471s ]

[ 2016-10-17T10:19:52+08:00 ] ::1 /dawashop/admin.php/Admin/Productattr/add.html
INFO: [ app_init ] --START--
INFO: Run Behavior\BuildLiteBehavior [ RunTime:0.000015s ]
INFO: [ app_init ] --END-- [ RunTime:0.000442s ]

[ 2016-10-17T10:19:53+08:00 ] ::1 /dawashop/admin.php/Admin/Productattr/add.html
INFO: [ app_init ] --START--
INFO: Run Behavior\BuildLiteBehavior [ RunTime:0.000015s ]
INFO: [ app_init ] --END-- [ RunTime:0.000440s ]

[ 2016-10-17T10:19:54+08:00 ] ::1 /dawashop/admin.php/Admin/Productattr/add.html
INFO: [ app_init ] --START--
INFO: Run Behavior\BuildLiteBehavior [ RunTime:0.000016s ]
INFO: [ app_init ] --END-- [ RunTime:0.000455s ]

[ 2016-10-17T10:19:55+08:00 ] ::1 /dawashop/admin.php/Admin/Productattr/add.html
INFO: [ app_init ] --START--
INFO: Run Behavior\BuildLiteBehavior [ RunTime:0.000016s ]
INFO: [ app_init ] --END-- [ RunTime:0.000433s ]

[ 2016-10-17T10:19:56+08:00 ] ::1 /dawashop/admin.php/Admin/Productattr/add.html
INFO: [ app_init ] --START--
INFO: Run Behavior\BuildLiteBehavior [ RunTime:0.000015s ]
INFO: [ app_init ] --END-- [ RunTime:0.000437s ]

[ 2016-10-17T10:22:10+08:00 ] ::1 /dawashop/admin.php/Admin/Productattr/add.html
INFO: [ app_init ] --START--
INFO: Run Behavior\BuildLiteBehavior [ RunTime:0.000016s ]
INFO: [ app_init ] --END-- [ RunTime:0.000578s ]

[ 2016-10-17T10:22:13+08:00 ] ::1 /dawashop/admin.php/Admin/Productattr/add.html
INFO: [ app_init ] --START--
INFO: Run Behavior\BuildLiteBehavior [ RunTime:0.000014s ]
INFO: [ app_init ] --END-- [ RunTime:0.000435s ]

[ 2016-10-17T10:22:14+08:00 ] ::1 /dawashop/admin.php/Admin/Productattr/add.html
INFO: [ app_init ] --START--
INFO: Run Behavior\BuildLiteBehavior [ RunTime:0.000014s ]
INFO: [ app_init ] --END-- [ RunTime:0.000435s ]

[ 2016-10-17T10:22:15+08:00 ] ::1 /dawashop/admin.php/Admin/Productattr/add.html
INFO: [ app_init ] --START--
INFO: Run Behavior\BuildLiteBehavior [ RunTime:0.000015s ]
INFO: [ app_init ] --END-- [ RunTime:0.000449s ]

[ 2016-10-17T10:22:16+08:00 ] ::1 /dawashop/admin.php/Admin/Productattr/add.html
INFO: [ app_init ] --START--
INFO: Run Behavior\BuildLiteBehavior [ RunTime:0.000015s ]
INFO: [ app_init ] --END-- [ RunTime:0.000432s ]

[ 2016-10-17T10:22:18+08:00 ] ::1 /dawashop/admin.php/Admin/Productattr/add.html
INFO: [ app_init ] --START--
INFO: Run Behavior\BuildLiteBehavior [ RunTime:0.000014s ]
INFO: [ app_init ] --END-- [ RunTime:0.000441s ]

[ 2016-10-17T10:22:18+08:00 ] ::1 /dawashop/admin.php/Admin/Productattr/add.html
INFO: [ app_init ] --START--
INFO: Run Behavior\BuildLiteBehavior [ RunTime:0.000015s ]
INFO: [ app_init ] --END-- [ RunTime:0.000445s ]

[ 2016-10-17T10:22:19+08:00 ] ::1 /dawashop/admin.php/Admin/Productattr/add.html
INFO: [ app_init ] --START--
INFO: Run Behavior\BuildLiteBehavior [ RunTime:0.000024s ]
INFO: [ app_init ] --END-- [ RunTime:0.000699s ]

[ 2016-10-17T10:22:20+08:00 ] ::1 /dawashop/admin.php/Admin/Productattr/add.html
INFO: [ app_init ] --START--
INFO: Run Behavior\BuildLiteBehavior [ RunTime:0.000015s ]
INFO: [ app_init ] --END-- [ RunTime:0.000435s ]

[ 2016-10-17T10:22:22+08:00 ] ::1 /dawashop/admin.php/Admin/Productattr/add.html
INFO: [ app_init ] --START--
INFO: Run Behavior\BuildLiteBehavior [ RunTime:0.000016s ]
INFO: [ app_init ] --END-- [ RunTime:0.000444s ]

[ 2016-10-17T10:22:23+08:00 ] ::1 /dawashop/admin.php/Admin/Productattr/add.html
INFO: [ app_init ] --START--
INFO: Run Behavior\BuildLiteBehavior [ RunTime:0.000015s ]
INFO: [ app_init ] --END-- [ RunTime:0.000442s ]

[ 2016-10-17T10:22:59+08:00 ] ::1 /dawashop/admin.php/Admin/Productattr/add.html
INFO: [ app_init ] --START--
INFO: Run Behavior\BuildLiteBehavior [ RunTime:0.000016s ]
INFO: [ app_init ] --END-- [ RunTime:0.000449s ]

[ 2016-10-17T10:23:00+08:00 ] ::1 /dawashop/admin.php/Admin/Productattr/add.html
INFO: [ app_init ] --START--
INFO: Run Behavior\BuildLiteBehavior [ RunTime:0.000015s ]
INFO: [ app_init ] --END-- [ RunTime:0.000437s ]

[ 2016-10-17T10:23:01+08:00 ] ::1 /dawashop/admin.php/Admin/Productattr/add.html
INFO: [ app_init ] --START--
INFO: Run Behavior\BuildLiteBehavior [ RunTime:0.000014s ]
INFO: [ app_init ] --END-- [ RunTime:0.000434s ]

[ 2016-10-17T10:23:02+08:00 ] ::1 /dawashop/admin.php/Admin/Productattr/add.html
INFO: [ app_init ] --START--
INFO: Run Behavior\BuildLiteBehavior [ RunTime:0.000016s ]
INFO: [ app_init ] --END-- [ RunTime:0.000485s ]

[ 2016-10-17T10:23:03+08:00 ] ::1 /dawashop/admin.php/Admin/Productattr/add.html
INFO: [ app_init ] --START--
INFO: Run Behavior\BuildLiteBehavior [ RunTime:0.000016s ]
INFO: [ app_init ] --END-- [ RunTime:0.000447s ]

[ 2016-10-17T10:23:06+08:00 ] ::1 /dawashop/admin.php/Admin/Productattr/add.html
INFO: [ app_init ] --START--
INFO: Run Behavior\BuildLiteBehavior [ RunTime:0.000014s ]
INFO: [ app_init ] --END-- [ RunTime:0.000439s ]

[ 2016-10-17T10:23:10+08:00 ] ::1 /dawashop/admin.php/Admin/Productattr/add.html
INFO: [ app_init ] --START--
INFO: Run Behavior\BuildLiteBehavior [ RunTime:0.000017s ]
INFO: [ app_init ] --END-- [ RunTime:0.000464s ]

[ 2016-10-17T10:23:11+08:00 ] ::1 /dawashop/admin.php/Admin/Productattr/add.html
INFO: [ app_init ] --START--
INFO: Run Behavior\BuildLiteBehavior [ RunTime:0.000019s ]
INFO: [ app_init ] --END-- [ RunTime:0.000577s ]

[ 2016-10-17T10:23:36+08:00 ] ::1 /dawashop/admin.php/Admin/Productattr/add.html
INFO: [ app_init ] --START--
INFO: Run Behavior\BuildLiteBehavior [ RunTime:0.000019s ]
INFO: [ app_init ] --END-- [ RunTime:0.001018s ]

[ 2016-10-17T10:24:08+08:00 ] ::1 /dawashop/admin.php/Admin/Productattr/add.html
INFO: [ app_init ] --START--
INFO: Run Behavior\BuildLiteBehavior [ RunTime:0.000027s ]
INFO: [ app_init ] --END-- [ RunTime:0.000723s ]

[ 2016-10-17T10:24:10+08:00 ] ::1 /dawashop/admin.php/Admin/Productattr/add.html
INFO: [ app_init ] --START--
INFO: Run Behavior\BuildLiteBehavior [ RunTime:0.000017s ]
INFO: [ app_init ] --END-- [ RunTime:0.000538s ]

[ 2016-10-17T10:24:13+08:00 ] ::1 /dawashop/admin.php/Admin/Productattr/add.html
INFO: [ app_init ] --START--
INFO: Run Behavior\BuildLiteBehavior [ RunTime:0.000016s ]
INFO: [ app_init ] --END-- [ RunTime:0.000624s ]

[ 2016-10-17T10:24:14+08:00 ] ::1 /dawashop/admin.php/Admin/Productattr/add.html
INFO: [ app_init ] --START--
INFO: Run Behavior\BuildLiteBehavior [ RunTime:0.000016s ]
INFO: [ app_init ] --END-- [ RunTime:0.000483s ]

[ 2016-10-17T10:24:14+08:00 ] ::1 /dawashop/admin.php/Admin/Productattr/add.html
INFO: [ app_init ] --START--
INFO: Run Behavior\BuildLiteBehavior [ RunTime:0.000015s ]
INFO: [ app_init ] --END-- [ RunTime:0.000442s ]

[ 2016-10-17T10:24:15+08:00 ] ::1 /dawashop/admin.php/Admin/Productattr/add.html
INFO: [ app_init ] --START--
INFO: Run Behavior\BuildLiteBehavior [ RunTime:0.000024s ]
INFO: [ app_init ] --END-- [ RunTime:0.000543s ]

[ 2016-10-17T10:24:16+08:00 ] ::1 /dawashop/admin.php/Admin/Productattr/add.html
INFO: [ app_init ] --START--
INFO: Run Behavior\BuildLiteBehavior [ RunTime:0.000049s ]
INFO: [ app_init ] --END-- [ RunTime:0.000727s ]

[ 2016-10-17T10:24:20+08:00 ] ::1 /dawashop/admin.php/Admin/Productattr/add.html
INFO: [ app_init ] --START--
INFO: Run Behavior\BuildLiteBehavior [ RunTime:0.000027s ]
INFO: [ app_init ] --END-- [ RunTime:0.000751s ]

[ 2016-10-17T10:26:27+08:00 ] ::1 /dawashop/admin.php/Admin/Productattr/add.html
INFO: [ app_init ] --START--
INFO: Run Behavior\BuildLiteBehavior [ RunTime:0.000017s ]
INFO: [ app_init ] --END-- [ RunTime:0.000587s ]

[ 2016-10-17T10:26:28+08:00 ] ::1 /dawashop/admin.php/Admin/Productattr/add.html
INFO: [ app_init ] --START--
INFO: Run Behavior\BuildLiteBehavior [ RunTime:0.000025s ]
INFO: [ app_init ] --END-- [ RunTime:0.000732s ]

[ 2016-10-17T10:26:29+08:00 ] ::1 /dawashop/admin.php/Admin/Productattr/add.html
INFO: [ app_init ] --START--
INFO: Run Behavior\BuildLiteBehavior [ RunTime:0.000014s ]
INFO: [ app_init ] --END-- [ RunTime:0.000441s ]

[ 2016-10-17T10:26:30+08:00 ] ::1 /dawashop/admin.php/Admin/Productattr/add.html
INFO: [ app_init ] --START--
INFO: Run Behavior\BuildLiteBehavior [ RunTime:0.000016s ]
INFO: [ app_init ] --END-- [ RunTime:0.000450s ]

[ 2016-10-17T10:26:31+08:00 ] ::1 /dawashop/admin.php/Admin/Productattr/add.html
INFO: [ app_init ] --START--
INFO: Run Behavior\BuildLiteBehavior [ RunTime:0.000017s ]
INFO: [ app_init ] --END-- [ RunTime:0.000492s ]

[ 2016-10-17T10:26:33+08:00 ] ::1 /dawashop/admin.php/Admin/Productattr/add.html
INFO: [ app_init ] --START--
INFO: Run Behavior\BuildLiteBehavior [ RunTime:0.000016s ]
INFO: [ app_init ] --END-- [ RunTime:0.000451s ]

[ 2016-10-17T10:26:34+08:00 ] ::1 /dawashop/admin.php/Admin/Productattr/add.html
INFO: [ app_init ] --START--
INFO: Run Behavior\BuildLiteBehavior [ RunTime:0.000017s ]
INFO: [ app_init ] --END-- [ RunTime:0.000445s ]

[ 2016-10-17T10:26:39+08:00 ] ::1 /dawashop/admin.php/Admin/Productattr/add.html
INFO: [ app_init ] --START--
INFO: Run Behavior\BuildLiteBehavior [ RunTime:0.000016s ]
INFO: [ app_init ] --END-- [ RunTime:0.000604s ]

[ 2016-10-17T10:26:40+08:00 ] ::1 /dawashop/admin.php/Admin/Productattr/add.html
INFO: [ app_init ] --START--
INFO: Run Behavior\BuildLiteBehavior [ RunTime:0.000014s ]
INFO: [ app_init ] --END-- [ RunTime:0.000436s ]

[ 2016-10-17T10:26:41+08:00 ] ::1 /dawashop/admin.php/Admin/Productattr/add.html
INFO: [ app_init ] --START--
INFO: Run Behavior\BuildLiteBehavior [ RunTime:0.000014s ]
INFO: [ app_init ] --END-- [ RunTime:0.000439s ]

[ 2016-10-17T10:26:42+08:00 ] ::1 /dawashop/admin.php/Admin/Productattr/add.html
INFO: [ app_init ] --START--
INFO: Run Behavior\BuildLiteBehavior [ RunTime:0.000014s ]
INFO: [ app_init ] --END-- [ RunTime:0.000427s ]

[ 2016-10-17T10:26:42+08:00 ] ::1 /dawashop/admin.php/Admin/Productattr/add.html
INFO: [ app_init ] --START--
INFO: Run Behavior\BuildLiteBehavior [ RunTime:0.000016s ]
INFO: [ app_init ] --END-- [ RunTime:0.000501s ]

[ 2016-10-17T10:28:34+08:00 ] ::1 /dawashop/admin.php/Admin/Productattr/add.html
INFO: [ app_init ] --START--
INFO: Run Behavior\BuildLiteBehavior [ RunTime:0.000017s ]
INFO: [ app_init ] --END-- [ RunTime:0.000649s ]

[ 2016-10-17T10:28:36+08:00 ] ::1 /dawashop/admin.php/Admin/Productattr/add.html
INFO: [ app_init ] --START--
INFO: Run Behavior\BuildLiteBehavior [ RunTime:0.000014s ]
INFO: [ app_init ] --END-- [ RunTime:0.000550s ]

[ 2016-10-17T10:28:37+08:00 ] ::1 /dawashop/admin.php/Admin/Productattr/add.html
INFO: [ app_init ] --START--
INFO: Run Behavior\BuildLiteBehavior [ RunTime:0.000016s ]
INFO: [ app_init ] --END-- [ RunTime:0.000557s ]

[ 2016-10-17T10:28:40+08:00 ] ::1 /dawashop/admin.php/Admin/Productattr/add.html
INFO: [ app_init ] --START--
INFO: Run Behavior\BuildLiteBehavior [ RunTime:0.000022s ]
INFO: [ app_init ] --END-- [ RunTime:0.000886s ]

[ 2016-10-17T10:29:28+08:00 ] ::1 /dawashop/admin.php/Admin/Productattr/add.html
INFO: [ app_init ] --START--
INFO: Run Behavior\BuildLiteBehavior [ RunTime:0.000017s ]
INFO: [ app_init ] --END-- [ RunTime:0.000709s ]

[ 2016-10-17T10:29:29+08:00 ] ::1 /dawashop/admin.php/Admin/Productattr/add.html
INFO: [ app_init ] --START--
INFO: Run Behavior\BuildLiteBehavior [ RunTime:0.000017s ]
INFO: [ app_init ] --END-- [ RunTime:0.000667s ]

[ 2016-10-17T10:29:30+08:00 ] ::1 /dawashop/admin.php/Admin/Productattr/add.html
INFO: [ app_init ] --START--
INFO: Run Behavior\BuildLiteBehavior [ RunTime:0.000022s ]
INFO: [ app_init ] --END-- [ RunTime:0.000707s ]

[ 2016-10-17T10:29:31+08:00 ] ::1 /dawashop/admin.php/Admin/Productattr/add.html
INFO: [ app_init ] --START--
INFO: Run Behavior\BuildLiteBehavior [ RunTime:0.000016s ]
INFO: [ app_init ] --END-- [ RunTime:0.000581s ]

[ 2016-10-17T10:47:37+08:00 ] ::1 /dawashop/admin.php/Admin/Productattr/add.html
INFO: [ app_init ] --START--
INFO: Run Behavior\BuildLiteBehavior [ RunTime:0.000015s ]
INFO: [ app_init ] --END-- [ RunTime:0.000567s ]

[ 2016-10-17T10:47:38+08:00 ] ::1 /dawashop/admin.php/Admin/Productattr/add.html
INFO: [ app_init ] --START--
INFO: Run Behavior\BuildLiteBehavior [ RunTime:0.000015s ]
INFO: [ app_init ] --END-- [ RunTime:0.000573s ]

[ 2016-10-17T10:47:40+08:00 ] ::1 /dawashop/admin.php/Admin/Productattr/add.html
INFO: [ app_init ] --START--
INFO: Run Behavior\BuildLiteBehavior [ RunTime:0.000029s ]
INFO: [ app_init ] --END-- [ RunTime:0.000743s ]

[ 2016-10-17T10:47:41+08:00 ] ::1 /dawashop/admin.php/Admin/Productattr/add.html
INFO: [ app_init ] --START--
INFO: Run Behavior\BuildLiteBehavior [ RunTime:0.000023s ]
INFO: [ app_init ] --END-- [ RunTime:0.000553s ]

[ 2016-10-17T10:47:42+08:00 ] ::1 /dawashop/admin.php/Admin/Productattr/add.html
INFO: [ app_init ] --START--
INFO: Run Behavior\BuildLiteBehavior [ RunTime:0.000013s ]
INFO: [ app_init ] --END-- [ RunTime:0.000426s ]

[ 2016-10-17T10:47:43+08:00 ] ::1 /dawashop/admin.php/Admin/Productattr/add.html
INFO: [ app_init ] --START--
INFO: Run Behavior\BuildLiteBehavior [ RunTime:0.000015s ]
INFO: [ app_init ] --END-- [ RunTime:0.000475s ]

[ 2016-10-17T10:47:45+08:00 ] ::1 /dawashop/admin.php/Admin/Productattr/add.html
INFO: [ app_init ] --START--
INFO: Run Behavior\BuildLiteBehavior [ RunTime:0.000014s ]
INFO: [ app_init ] --END-- [ RunTime:0.000429s ]

[ 2016-10-17T10:47:46+08:00 ] ::1 /dawashop/admin.php/Admin/Productattr/add.html
INFO: [ app_init ] --START--
INFO: Run Behavior\BuildLiteBehavior [ RunTime:0.000016s ]
INFO: [ app_init ] --END-- [ RunTime:0.000443s ]

[ 2016-10-17T10:47:48+08:00 ] ::1 /dawashop/admin.php/Admin/Productattr/add.html
INFO: [ app_init ] --START--
INFO: Run Behavior\BuildLiteBehavior [ RunTime:0.000015s ]
INFO: [ app_init ] --END-- [ RunTime:0.000446s ]

[ 2016-10-17T10:47:49+08:00 ] ::1 /dawashop/admin.php/Admin/Productattr/add.html
INFO: [ app_init ] --START--
INFO: Run Behavior\BuildLiteBehavior [ RunTime:0.000012s ]
INFO: [ app_init ] --END-- [ RunTime:0.000426s ]

[ 2016-10-17T10:48:06+08:00 ] ::1 /dawashop/admin.php/Admin/Productattr/add.html
INFO: [ app_init ] --START--
INFO: Run Behavior\BuildLiteBehavior [ RunTime:0.000015s ]
INFO: [ app_init ] --END-- [ RunTime:0.000456s ]

[ 2016-10-17T10:48:07+08:00 ] ::1 /dawashop/admin.php/Admin/Productattr/add.html
INFO: [ app_init ] --START--
INFO: Run Behavior\BuildLiteBehavior [ RunTime:0.000015s ]
INFO: [ app_init ] --END-- [ RunTime:0.000436s ]

[ 2016-10-17T10:48:08+08:00 ] ::1 /dawashop/admin.php/Admin/Productattr/add.html
INFO: [ app_init ] --START--
INFO: Run Behavior\BuildLiteBehavior [ RunTime:0.000014s ]
INFO: [ app_init ] --END-- [ RunTime:0.000427s ]

[ 2016-10-17T10:49:54+08:00 ] ::1 /dawashop/admin.php/Admin/Productattr/add.html
INFO: [ app_init ] --START--
INFO: Run Behavior\BuildLiteBehavior [ RunTime:0.000025s ]
INFO: [ app_init ] --END-- [ RunTime:0.000721s ]

[ 2016-10-17T10:50:48+08:00 ] ::1 /dawashop/admin.php/Admin/Productattr/add.html
INFO: [ app_init ] --START--
INFO: Run Behavior\BuildLiteBehavior [ RunTime:0.000014s ]
INFO: [ app_init ] --END-- [ RunTime:0.000434s ]

[ 2016-10-17T10:50:49+08:00 ] ::1 /dawashop/admin.php/Admin/Productattr/add.html
INFO: [ app_init ] --START--
INFO: Run Behavior\BuildLiteBehavior [ RunTime:0.000014s ]
INFO: [ app_init ] --END-- [ RunTime:0.000432s ]

[ 2016-10-17T10:50:54+08:00 ] ::1 /dawashop/admin.php/Admin/Productattr/add.html
INFO: [ app_init ] --START--
INFO: Run Behavior\BuildLiteBehavior [ RunTime:0.000014s ]
INFO: [ app_init ] --END-- [ RunTime:0.000432s ]

[ 2016-10-17T10:50:55+08:00 ] ::1 /dawashop/admin.php/Admin/Productattr/add.html
INFO: [ app_init ] --START--
INFO: Run Behavior\BuildLiteBehavior [ RunTime:0.000014s ]
INFO: [ app_init ] --END-- [ RunTime:0.000439s ]

[ 2016-10-17T10:51:17+08:00 ] ::1 /dawashop/admin.php/Admin/Productattr/add.html
INFO: [ app_init ] --START--
INFO: Run Behavior\BuildLiteBehavior [ RunTime:0.000016s ]
INFO: [ app_init ] --END-- [ RunTime:0.000522s ]

[ 2016-10-17T11:04:50+08:00 ] ::1 /dawashop/admin.php/Admin/Productattr/add.html
INFO: [ app_init ] --START--
INFO: Run Behavior\BuildLiteBehavior [ RunTime:0.000014s ]
INFO: [ app_init ] --END-- [ RunTime:0.000605s ]

[ 2016-10-17T11:04:52+08:00 ] ::1 /dawashop/admin.php/Admin/Productattr/add.html
INFO: [ app_init ] --START--
INFO: Run Behavior\BuildLiteBehavior [ RunTime:0.000014s ]
INFO: [ app_init ] --END-- [ RunTime:0.000462s ]

[ 2016-10-17T11:04:53+08:00 ] ::1 /dawashop/admin.php/Admin/Productattr/add.html
INFO: [ app_init ] --START--
INFO: Run Behavior\BuildLiteBehavior [ RunTime:0.000014s ]
INFO: [ app_init ] --END-- [ RunTime:0.000431s ]

[ 2016-10-17T11:04:54+08:00 ] ::1 /dawashop/admin.php/Admin/Productattr/add.html
INFO: [ app_init ] --START--
INFO: Run Behavior\BuildLiteBehavior [ RunTime:0.000014s ]
INFO: [ app_init ] --END-- [ RunTime:0.000431s ]

[ 2016-10-17T11:04:55+08:00 ] ::1 /dawashop/admin.php/Admin/Productattr/add.html
INFO: [ app_init ] --START--
INFO: Run Behavior\BuildLiteBehavior [ RunTime:0.000021s ]
INFO: [ app_init ] --END-- [ RunTime:0.000647s ]

[ 2016-10-17T11:04:56+08:00 ] ::1 /dawashop/admin.php/Admin/Productattr/add.html
INFO: [ app_init ] --START--
INFO: Run Behavior\BuildLiteBehavior [ RunTime:0.000017s ]
INFO: [ app_init ] --END-- [ RunTime:0.000540s ]

[ 2016-10-17T11:14:40+08:00 ] ::1 /dawashop/admin.php/Admin/Productattr/add.html
INFO: [ app_init ] --START--
INFO: Run Behavior\BuildLiteBehavior [ RunTime:0.000018s ]
INFO: [ app_init ] --END-- [ RunTime:0.000982s ]

[ 2016-10-17T12:41:11+08:00 ] ::1 /dawashop/admin.php/Admin/Productattr/add.html
INFO: [ app_init ] --START--
INFO: Run Behavior\BuildLiteBehavior [ RunTime:0.000015s ]
INFO: [ app_init ] --END-- [ RunTime:0.000624s ]

[ 2016-10-17T12:41:12+08:00 ] ::1 /dawashop/admin.php/Admin/Productattr/%7BU('Admin/Product/getattrdata')%7D
INFO: [ app_init ] --START--
INFO: Run Behavior\BuildLiteBehavior [ RunTime:0.000016s ]
INFO: [ app_init ] --END-- [ RunTime:0.000632s ]
INFO: [ app_begin ] --START--
INFO: Run Behavior\ReadHtmlCacheBehavior [ RunTime:0.001070s ]
INFO: [ app_begin ] --END-- [ RunTime:0.001121s ]
ERR: 非法操作:{U('Admin

[ 2016-10-17T12:43:02+08:00 ] ::1 /dawashop/admin.php/Admin/Productattr/add.html
INFO: [ app_init ] --START--
INFO: Run Behavior\BuildLiteBehavior [ RunTime:0.000020s ]
INFO: [ app_init ] --END-- [ RunTime:0.000600s ]

[ 2016-10-17T12:43:03+08:00 ] ::1 /dawashop/admin.php/Admin/Productattr/getattrdata
INFO: [ app_init ] --START--
INFO: Run Behavior\BuildLiteBehavior [ RunTime:0.000013s ]
INFO: [ app_init ] --END-- [ RunTime:0.000430s ]
INFO: [ app_begin ] --START--
INFO: Run Behavior\ReadHtmlCacheBehavior [ RunTime:0.001218s ]
INFO: [ app_begin ] --END-- [ RunTime:0.001313s ]
SQL: SHOW COLUMNS FROM `think_product_attrgroup` [ RunTime:0.0121s ]
SQL: SELECT * FROM `think_product_attrgroup` WHERE ( attrgroup_name = '' )  [ RunTime:0.0081s ]

[ 2016-10-17T12:43:06+08:00 ] ::1 /dawashop/admin.php/Admin/Productattr/getattrdata
INFO: [ app_init ] --START--
INFO: Run Behavior\BuildLiteBehavior [ RunTime:0.000015s ]
INFO: [ app_init ] --END-- [ RunTime:0.000445s ]
INFO: [ app_begin ] --START--
INFO: Run Behavior\ReadHtmlCacheBehavior [ RunTime:0.000724s ]
INFO: [ app_begin ] --END-- [ RunTime:0.000777s ]
SQL: SHOW COLUMNS FROM `think_product_attrgroup` [ RunTime:0.0009s ]
SQL: SELECT * FROM `think_product_attrgroup` WHERE ( attrgroup_name = '' )  [ RunTime:0.0003s ]

[ 2016-10-17T12:43:07+08:00 ] ::1 /dawashop/admin.php/Admin/Productattr/getattrdata
INFO: [ app_init ] --START--
INFO: Run Behavior\BuildLiteBehavior [ RunTime:0.000015s ]
INFO: [ app_init ] --END-- [ RunTime:0.000439s ]
INFO: [ app_begin ] --START--
INFO: Run Behavior\ReadHtmlCacheBehavior [ RunTime:0.000708s ]
INFO: [ app_begin ] --END-- [ RunTime:0.000759s ]
SQL: SHOW COLUMNS FROM `think_product_attrgroup` [ RunTime:0.0008s ]
SQL: SELECT * FROM `think_product_attrgroup` WHERE ( attrgroup_name = '' )  [ RunTime:0.0003s ]

[ 2016-10-17T12:43:09+08:00 ] ::1 /dawashop/admin.php/Admin/Productattr/getattrdata
INFO: [ app_init ] --START--
INFO: Run Behavior\BuildLiteBehavior [ RunTime:0.000014s ]
INFO: [ app_init ] --END-- [ RunTime:0.000452s ]
INFO: [ app_begin ] --START--
INFO: Run Behavior\ReadHtmlCacheBehavior [ RunTime:0.001284s ]
INFO: [ app_begin ] --END-- [ RunTime:0.001381s ]
SQL: SHOW COLUMNS FROM `think_product_attrgroup` [ RunTime:0.0008s ]
SQL: SELECT * FROM `think_product_attrgroup` WHERE ( attrgroup_name = '' )  [ RunTime:0.0003s ]

[ 2016-10-17T12:44:09+08:00 ] ::1 /dawashop/admin.php/Admin/Productattr/getattrdata
INFO: [ app_init ] --START--
INFO: Run Behavior\BuildLiteBehavior [ RunTime:0.000015s ]
INFO: [ app_init ] --END-- [ RunTime:0.000557s ]
INFO: [ app_begin ] --START--
INFO: Run Behavior\ReadHtmlCacheBehavior [ RunTime:0.001050s ]
INFO: [ app_begin ] --END-- [ RunTime:0.001104s ]
SQL: SHOW COLUMNS FROM `think_product_attrgroup` [ RunTime:0.0010s ]
SQL: SELECT * FROM `think_product_attrgroup` WHERE ( attrgroup_name = '' )  [ RunTime:0.0003s ]

[ 2016-10-17T12:44:10+08:00 ] ::1 /dawashop/admin.php/Admin/Productattr/getattrdata
INFO: [ app_init ] --START--
INFO: Run Behavior\BuildLiteBehavior [ RunTime:0.000014s ]
INFO: [ app_init ] --END-- [ RunTime:0.000432s ]
INFO: [ app_begin ] --START--
INFO: Run Behavior\ReadHtmlCacheBehavior [ RunTime:0.000743s ]
INFO: [ app_begin ] --END-- [ RunTime:0.000801s ]
SQL: SHOW COLUMNS FROM `think_product_attrgroup` [ RunTime:0.0008s ]
SQL: SELECT * FROM `think_product_attrgroup` WHERE ( attrgroup_name = '' )  [ RunTime:0.0004s ]

[ 2016-10-17T12:44:11+08:00 ] ::1 /dawashop/admin.php/Admin/Productattr/getattrdata
INFO: [ app_init ] --START--
INFO: Run Behavior\BuildLiteBehavior [ RunTime:0.000020s ]
INFO: [ app_init ] --END-- [ RunTime:0.000631s ]
INFO: [ app_begin ] --START--
INFO: Run Behavior\ReadHtmlCacheBehavior [ RunTime:0.000923s ]
INFO: [ app_begin ] --END-- [ RunTime:0.000994s ]
SQL: SHOW COLUMNS FROM `think_product_attrgroup` [ RunTime:0.0013s ]
SQL: SELECT * FROM `think_product_attrgroup` WHERE ( attrgroup_name = '' )  [ RunTime:0.0006s ]

[ 2016-10-17T12:44:12+08:00 ] ::1 /dawashop/admin.php/Admin/Productattr/getattrdata
INFO: [ app_init ] --START--
INFO: Run Behavior\BuildLiteBehavior [ RunTime:0.000014s ]
INFO: [ app_init ] --END-- [ RunTime:0.000432s ]
INFO: [ app_begin ] --START--
INFO: Run Behavior\ReadHtmlCacheBehavior [ RunTime:0.000701s ]
INFO: [ app_begin ] --END-- [ RunTime:0.000752s ]
SQL: SHOW COLUMNS FROM `think_product_attrgroup` [ RunTime:0.0007s ]
SQL: SELECT * FROM `think_product_attrgroup` WHERE ( attrgroup_name = '' )  [ RunTime:0.0003s ]

[ 2016-10-17T12:44:13+08:00 ] ::1 /dawashop/admin.php/Admin/Productattr/add.html
INFO: [ app_init ] --START--
INFO: Run Behavior\BuildLiteBehavior [ RunTime:0.000015s ]
INFO: [ app_init ] --END-- [ RunTime:0.000557s ]

[ 2016-10-17T12:44:14+08:00 ] ::1 /dawashop/admin.php/Admin/Productattr/getattrdata
INFO: [ app_init ] --START--
INFO: Run Behavior\BuildLiteBehavior [ RunTime:0.000014s ]
INFO: [ app_init ] --END-- [ RunTime:0.000433s ]
INFO: [ app_begin ] --START--
INFO: Run Behavior\ReadHtmlCacheBehavior [ RunTime:0.000707s ]
INFO: [ app_begin ] --END-- [ RunTime:0.000758s ]
SQL: SHOW COLUMNS FROM `think_product_attrgroup` [ RunTime:0.0007s ]
SQL: SELECT * FROM `think_product_attrgroup` WHERE ( attrgroup_name = '' )  [ RunTime:0.0003s ]

[ 2016-10-17T12:44:38+08:00 ] ::1 /dawashop/admin.php/Admin/Productattr/getattrdata
INFO: [ app_init ] --START--
INFO: Run Behavior\BuildLiteBehavior [ RunTime:0.000015s ]
INFO: [ app_init ] --END-- [ RunTime:0.000437s ]
INFO: [ app_begin ] --START--
INFO: Run Behavior\ReadHtmlCacheBehavior [ RunTime:0.000718s ]
INFO: [ app_begin ] --END-- [ RunTime:0.000768s ]
SQL: SHOW COLUMNS FROM `think_product_attrgroup` [ RunTime:0.0008s ]
SQL: SELECT * FROM `think_product_attrgroup` WHERE ( attrgroup_name = '' )  [ RunTime:0.0003s ]

[ 2016-10-17T12:44:39+08:00 ] ::1 /dawashop/admin.php/Admin/Productattr/getattrdata
INFO: [ app_init ] --START--
INFO: Run Behavior\BuildLiteBehavior [ RunTime:0.000015s ]
INFO: [ app_init ] --END-- [ RunTime:0.000446s ]
INFO: [ app_begin ] --START--
INFO: Run Behavior\ReadHtmlCacheBehavior [ RunTime:0.000711s ]
INFO: [ app_begin ] --END-- [ RunTime:0.000762s ]
SQL: SHOW COLUMNS FROM `think_product_attrgroup` [ RunTime:0.0008s ]
SQL: SELECT * FROM `think_product_attrgroup` WHERE ( attrgroup_name = '' )  [ RunTime:0.0003s ]

[ 2016-10-17T12:44:40+08:00 ] ::1 /dawashop/admin.php/Admin/Productattr/getattrdata
INFO: [ app_init ] --START--
INFO: Run Behavior\BuildLiteBehavior [ RunTime:0.000016s ]
INFO: [ app_init ] --END-- [ RunTime:0.000432s ]
INFO: [ app_begin ] --START--
INFO: Run Behavior\ReadHtmlCacheBehavior [ RunTime:0.000765s ]
INFO: [ app_begin ] --END-- [ RunTime:0.000823s ]
SQL: SHOW COLUMNS FROM `think_product_attrgroup` [ RunTime:0.0008s ]
SQL: SELECT * FROM `think_product_attrgroup` WHERE ( attrgroup_name = '' )  [ RunTime:0.0003s ]

[ 2016-10-17T12:46:13+08:00 ] ::1 /dawashop/admin.php/Admin/Productattr/getattrdata
INFO: [ app_init ] --START--
INFO: Run Behavior\BuildLiteBehavior [ RunTime:0.000018s ]
INFO: [ app_init ] --END-- [ RunTime:0.001478s ]
INFO: [ app_begin ] --START--
INFO: Run Behavior\ReadHtmlCacheBehavior [ RunTime:0.001064s ]
INFO: [ app_begin ] --END-- [ RunTime:0.001118s ]
SQL: SHOW COLUMNS FROM `think_product_attrgroup` [ RunTime:0.0008s ]
SQL: SELECT * FROM `think_product_attrgroup` WHERE ( attrgroup_name = '' )  [ RunTime:0.0003s ]

[ 2016-10-17T12:47:50+08:00 ] ::1 /dawashop/admin.php/Admin/Productattr/add.html
INFO: [ app_init ] --START--
INFO: Run Behavior\BuildLiteBehavior [ RunTime:0.000026s ]
INFO: [ app_init ] --END-- [ RunTime:0.001001s ]

[ 2016-10-17T12:47:51+08:00 ] ::1 /dawashop/admin.php/Admin/Productattr/getattrdata
INFO: [ app_init ] --START--
INFO: Run Behavior\BuildLiteBehavior [ RunTime:0.000015s ]
INFO: [ app_init ] --END-- [ RunTime:0.000572s ]
INFO: [ app_begin ] --START--
INFO: Run Behavior\ReadHtmlCacheBehavior [ RunTime:0.001038s ]
INFO: [ app_begin ] --END-- [ RunTime:0.001091s ]
SQL: SHOW COLUMNS FROM `think_product_attrgroup` [ RunTime:0.0009s ]
SQL: SELECT * FROM `think_product_attrgroup` WHERE ( attrgroup_name = '' )  [ RunTime:0.0004s ]

[ 2016-10-17T12:52:23+08:00 ] ::1 /dawashop/admin.php/Admin/Productattr/add.html
INFO: [ app_init ] --START--
INFO: Run Behavior\BuildLiteBehavior [ RunTime:0.000016s ]
INFO: [ app_init ] --END-- [ RunTime:0.000591s ]

[ 2016-10-17T12:52:24+08:00 ] ::1 /dawashop/admin.php/Admin/Productattr/getattrdata
INFO: [ app_init ] --START--
INFO: Run Behavior\BuildLiteBehavior [ RunTime:0.000015s ]
INFO: [ app_init ] --END-- [ RunTime:0.000436s ]
INFO: [ app_begin ] --START--
INFO: Run Behavior\ReadHtmlCacheBehavior [ RunTime:0.000695s ]
INFO: [ app_begin ] --END-- [ RunTime:0.000746s ]
SQL: SHOW COLUMNS FROM `think_product_attrgroup` [ RunTime:0.0010s ]
SQL: SELECT * FROM `think_product_attrgroup` WHERE ( attrgroup_name = '' )  [ RunTime:0.0003s ]

[ 2016-10-17T12:52:50+08:00 ] ::1 /dawashop/admin.php/Admin/Productattr/add.html
INFO: [ app_init ] --START--
INFO: Run Behavior\BuildLiteBehavior [ RunTime:0.000025s ]
INFO: [ app_init ] --END-- [ RunTime:0.001016s ]

[ 2016-10-17T12:52:51+08:00 ] ::1 /dawashop/admin.php/Admin/Productattr/getattrdata
INFO: [ app_init ] --START--
INFO: Run Behavior\BuildLiteBehavior [ RunTime:0.000014s ]
INFO: [ app_init ] --END-- [ RunTime:0.000452s ]
INFO: [ app_begin ] --START--
INFO: Run Behavior\ReadHtmlCacheBehavior [ RunTime:0.000775s ]
INFO: [ app_begin ] --END-- [ RunTime:0.000846s ]
SQL: SHOW COLUMNS FROM `think_product_attrgroup` [ RunTime:0.0008s ]
SQL: SELECT * FROM `think_product_attrgroup` WHERE ( attrgroup_name = '' )  [ RunTime:0.0003s ]

[ 2016-10-17T13:03:21+08:00 ] ::1 /dawashop/admin.php/Admin/Productattr/add.html
INFO: [ app_init ] --START--
INFO: Run Behavior\BuildLiteBehavior [ RunTime:0.000017s ]
INFO: [ app_init ] --END-- [ RunTime:0.000881s ]

[ 2016-10-17T13:03:22+08:00 ] ::1 /dawashop/admin.php/Admin/Productattr/getattrdata
INFO: [ app_init ] --START--
INFO: Run Behavior\BuildLiteBehavior [ RunTime:0.000015s ]
INFO: [ app_init ] --END-- [ RunTime:0.000557s ]
INFO: [ app_begin ] --START--
INFO: Run Behavior\ReadHtmlCacheBehavior [ RunTime:0.001154s ]
INFO: [ app_begin ] --END-- [ RunTime:0.001240s ]
SQL: SHOW COLUMNS FROM `think_product_attrgroup` [ RunTime:0.0009s ]
NOTIC: [4096] Object of class Think\Model could not be converted to string C:\AppServ\www\dawashop\dawashop\Admin\Controller\ProductattrController.class.php 第 17 行.
SQL: SELECT * FROM `think_product_attrgroup` WHERE ( attrgroup_name = '' )  [ RunTime:0.0003s ]
INFO: [ app_end ] --START--
INFO: Run Behavior\ShowPageTraceBehavior [ RunTime:0.001142s ]
INFO: [ app_end ] --END-- [ RunTime:0.001192s ]

[ 2016-10-17T13:03:24+08:00 ] ::1 /dawashop/admin.php/Admin/Productattr/getattrdata
INFO: [ app_init ] --START--
INFO: Run Behavior\BuildLiteBehavior [ RunTime:0.000014s ]
INFO: [ app_init ] --END-- [ RunTime:0.000443s ]
INFO: [ app_begin ] --START--
INFO: Run Behavior\ReadHtmlCacheBehavior [ RunTime:0.000706s ]
INFO: [ app_begin ] --END-- [ RunTime:0.000758s ]
SQL: SHOW COLUMNS FROM `think_product_attrgroup` [ RunTime:0.0008s ]
NOTIC: [4096] Object of class Think\Model could not be converted to string C:\AppServ\www\dawashop\dawashop\Admin\Controller\ProductattrController.class.php 第 17 行.
SQL: SELECT * FROM `think_product_attrgroup` WHERE ( attrgroup_name = '' )  [ RunTime:0.0004s ]
INFO: [ app_end ] --START--
INFO: Run Behavior\ShowPageTraceBehavior [ RunTime:0.000907s ]
INFO: [ app_end ] --END-- [ RunTime:0.000960s ]

[ 2016-10-17T13:03:26+08:00 ] ::1 /dawashop/admin.php/Admin/Productattr/getattrdata
INFO: [ app_init ] --START--
INFO: Run Behavior\BuildLiteBehavior [ RunTime:0.000043s ]
INFO: [ app_init ] --END-- [ RunTime:0.000668s ]
INFO: [ app_begin ] --START--
INFO: Run Behavior\ReadHtmlCacheBehavior [ RunTime:0.001215s ]
INFO: [ app_begin ] --END-- [ RunTime:0.001325s ]
SQL: SHOW COLUMNS FROM `think_product_attrgroup` [ RunTime:0.0008s ]
NOTIC: [4096] Object of class Think\Model could not be converted to string C:\AppServ\www\dawashop\dawashop\Admin\Controller\ProductattrController.class.php 第 17 行.
SQL: SELECT * FROM `think_product_attrgroup` WHERE ( attrgroup_name = '' )  [ RunTime:0.0003s ]
INFO: [ app_end ] --START--
INFO: Run Behavior\ShowPageTraceBehavior [ RunTime:0.000898s ]
INFO: [ app_end ] --END-- [ RunTime:0.000944s ]

[ 2016-10-17T13:03:28+08:00 ] ::1 /dawashop/admin.php/Admin/Productattr/getattrdata
INFO: [ app_init ] --START--
INFO: Run Behavior\BuildLiteBehavior [ RunTime:0.000015s ]
INFO: [ app_init ] --END-- [ RunTime:0.000443s ]
INFO: [ app_begin ] --START--
INFO: Run Behavior\ReadHtmlCacheBehavior [ RunTime:0.000774s ]
INFO: [ app_begin ] --END-- [ RunTime:0.000835s ]
SQL: SHOW COLUMNS FROM `think_product_attrgroup` [ RunTime:0.0008s ]
NOTIC: [4096] Object of class Think\Model could not be converted to string C:\AppServ\www\dawashop\dawashop\Admin\Controller\ProductattrController.class.php 第 17 行.
SQL: SELECT * FROM `think_product_attrgroup` WHERE ( attrgroup_name = '' )  [ RunTime:0.0003s ]
INFO: [ app_end ] --START--
INFO: Run Behavior\ShowPageTraceBehavior [ RunTime:0.000898s ]
INFO: [ app_end ] --END-- [ RunTime:0.000945s ]

[ 2016-10-17T13:03:37+08:00 ] ::1 /dawashop/admin.php/Admin/Productattr/getattrdata
INFO: [ app_init ] --START--
INFO: Run Behavior\BuildLiteBehavior [ RunTime:0.000014s ]
INFO: [ app_init ] --END-- [ RunTime:0.000440s ]
INFO: [ app_begin ] --START--
INFO: Run Behavior\ReadHtmlCacheBehavior [ RunTime:0.000723s ]
INFO: [ app_begin ] --END-- [ RunTime:0.000777s ]
SQL: SHOW COLUMNS FROM `think_product_attrgroup` [ RunTime:0.0008s ]
NOTIC: [4096] Object of class Think\Model could not be converted to string C:\AppServ\www\dawashop\dawashop\Admin\Controller\ProductattrController.class.php 第 17 行.
SQL: SELECT * FROM `think_product_attrgroup` WHERE ( attrgroup_name = '' )  [ RunTime:0.0003s ]
INFO: [ app_end ] --START--
INFO: Run Behavior\ShowPageTraceBehavior [ RunTime:0.000900s ]
INFO: [ app_end ] --END-- [ RunTime:0.000945s ]

[ 2016-10-17T13:03:37+08:00 ] ::1 /dawashop/admin.php/Admin/Productattr/getattrdata
INFO: [ app_init ] --START--
INFO: Run Behavior\BuildLiteBehavior [ RunTime:0.000015s ]
INFO: [ app_init ] --END-- [ RunTime:0.000451s ]
INFO: [ app_begin ] --START--
INFO: Run Behavior\ReadHtmlCacheBehavior [ RunTime:0.001061s ]
INFO: [ app_begin ] --END-- [ RunTime:0.001127s ]
SQL: SHOW COLUMNS FROM `think_product_attrgroup` [ RunTime:0.0007s ]
NOTIC: [4096] Object of class Think\Model could not be converted to string C:\AppServ\www\dawashop\dawashop\Admin\Controller\ProductattrController.class.php 第 17 行.
SQL: SELECT * FROM `think_product_attrgroup` WHERE ( attrgroup_name = '' )  [ RunTime:0.0164s ]
INFO: [ app_end ] --START--
INFO: Run Behavior\ShowPageTraceBehavior [ RunTime:0.000937s ]
INFO: [ app_end ] --END-- [ RunTime:0.000984s ]

[ 2016-10-17T13:03:37+08:00 ] ::1 /dawashop/admin.php/Admin/Productattr/getattrdata
INFO: [ app_init ] --START--
INFO: Run Behavior\BuildLiteBehavior [ RunTime:0.000014s ]
INFO: [ app_init ] --END-- [ RunTime:0.000429s ]
INFO: [ app_begin ] --START--
INFO: Run Behavior\ReadHtmlCacheBehavior [ RunTime:0.000707s ]
INFO: [ app_begin ] --END-- [ RunTime:0.000759s ]
SQL: SHOW COLUMNS FROM `think_product_attrgroup` [ RunTime:0.0008s ]
NOTIC: [4096] Object of class Think\Model could not be converted to string C:\AppServ\www\dawashop\dawashop\Admin\Controller\ProductattrController.class.php 第 17 行.
SQL: SELECT * FROM `think_product_attrgroup` WHERE ( attrgroup_name = '' )  [ RunTime:0.0003s ]
INFO: [ app_end ] --START--
INFO: Run Behavior\ShowPageTraceBehavior [ RunTime:0.000913s ]
INFO: [ app_end ] --END-- [ RunTime:0.000960s ]

[ 2016-10-17T13:03:51+08:00 ] ::1 /dawashop/admin.php/Admin/Productattr/add.html
INFO: [ app_init ] --START--
INFO: Run Behavior\BuildLiteBehavior [ RunTime:0.000015s ]
INFO: [ app_init ] --END-- [ RunTime:0.000459s ]

[ 2016-10-17T13:03:54+08:00 ] ::1 /dawashop/admin.php/Admin/Productattr/getattrdata
INFO: [ app_init ] --START--
INFO: Run Behavior\BuildLiteBehavior [ RunTime:0.000015s ]
INFO: [ app_init ] --END-- [ RunTime:0.000452s ]
INFO: [ app_begin ] --START--
INFO: Run Behavior\ReadHtmlCacheBehavior [ RunTime:0.000754s ]
INFO: [ app_begin ] --END-- [ RunTime:0.000815s ]
SQL: SHOW COLUMNS FROM `think_product_attrgroup` [ RunTime:0.0009s ]
NOTIC: [4096] Object of class Think\Model could not be converted to string C:\AppServ\www\dawashop\dawashop\Admin\Controller\ProductattrController.class.php 第 17 行.
SQL: SELECT * FROM `think_product_attrgroup` WHERE ( attrgroup_name = '' )  [ RunTime:0.0004s ]
INFO: [ app_end ] --START--
INFO: Run Behavior\ShowPageTraceBehavior [ RunTime:0.000895s ]
INFO: [ app_end ] --END-- [ RunTime:0.000941s ]

[ 2016-10-17T13:04:04+08:00 ] ::1 /dawashop/admin.php/Admin/Productattr/getattrdata
INFO: [ app_init ] --START--
INFO: Run Behavior\BuildLiteBehavior [ RunTime:0.000015s ]
INFO: [ app_init ] --END-- [ RunTime:0.000462s ]
INFO: [ app_begin ] --START--
INFO: Run Behavior\ReadHtmlCacheBehavior [ RunTime:0.000701s ]
INFO: [ app_begin ] --END-- [ RunTime:0.000752s ]
SQL: SHOW COLUMNS FROM `think_product_attrgroup` [ RunTime:0.0009s ]
NOTIC: [4096] Object of class Think\Model could not be converted to string C:\AppServ\www\dawashop\dawashop\Admin\Controller\ProductattrController.class.php 第 17 行.
SQL: SELECT * FROM `think_product_attrgroup` WHERE ( attrgroup_name = '' )  [ RunTime:0.0003s ]
INFO: [ app_end ] --START--
INFO: Run Behavior\ShowPageTraceBehavior [ RunTime:0.000829s ]
INFO: [ app_end ] --END-- [ RunTime:0.000876s ]

[ 2016-10-17T13:04:08+08:00 ] ::1 /dawashop/admin.php/Admin/Productattr/getattrdata
INFO: [ app_init ] --START--
INFO: Run Behavior\BuildLiteBehavior [ RunTime:0.000013s ]
INFO: [ app_init ] --END-- [ RunTime:0.000426s ]
INFO: [ app_begin ] --START--
INFO: Run Behavior\ReadHtmlCacheBehavior [ RunTime:0.000765s ]
INFO: [ app_begin ] --END-- [ RunTime:0.000825s ]
SQL: SHOW COLUMNS FROM `think_product_attrgroup` [ RunTime:0.0008s ]
NOTIC: [4096] Object of class Think\Model could not be converted to string C:\AppServ\www\dawashop\dawashop\Admin\Controller\ProductattrController.class.php 第 17 行.
SQL: SELECT * FROM `think_product_attrgroup` WHERE ( attrgroup_name = '' )  [ RunTime:0.0003s ]
INFO: [ app_end ] --START--
INFO: Run Behavior\ShowPageTraceBehavior [ RunTime:0.000921s ]
INFO: [ app_end ] --END-- [ RunTime:0.000968s ]

[ 2016-10-17T13:04:10+08:00 ] ::1 /dawashop/admin.php/Admin/Productattr/getattrdata
INFO: [ app_init ] --START--
INFO: Run Behavior\BuildLiteBehavior [ RunTime:0.000015s ]
INFO: [ app_init ] --END-- [ RunTime:0.000440s ]
INFO: [ app_begin ] --START--
INFO: Run Behavior\ReadHtmlCacheBehavior [ RunTime:0.000704s ]
INFO: [ app_begin ] --END-- [ RunTime:0.000760s ]
SQL: SHOW COLUMNS FROM `think_product_attrgroup` [ RunTime:0.0009s ]
NOTIC: [4096] Object of class Think\Model could not be converted to string C:\AppServ\www\dawashop\dawashop\Admin\Controller\ProductattrController.class.php 第 17 行.
SQL: SELECT * FROM `think_product_attrgroup` WHERE ( attrgroup_name = '' )  [ RunTime:0.0004s ]
INFO: [ app_end ] --START--
INFO: Run Behavior\ShowPageTraceBehavior [ RunTime:0.000932s ]
INFO: [ app_end ] --END-- [ RunTime:0.000986s ]

[ 2016-10-17T13:04:13+08:00 ] ::1 /dawashop/admin.php/Admin/Productattr/getattrdata
INFO: [ app_init ] --START--
INFO: Run Behavior\BuildLiteBehavior [ RunTime:0.000016s ]
INFO: [ app_init ] --END-- [ RunTime:0.000472s ]
INFO: [ app_begin ] --START--
INFO: Run Behavior\ReadHtmlCacheBehavior [ RunTime:0.001054s ]
INFO: [ app_begin ] --END-- [ RunTime:0.001156s ]
SQL: SHOW COLUMNS FROM `think_product_attrgroup` [ RunTime:0.0011s ]
NOTIC: [4096] Object of class Think\Model could not be converted to string C:\AppServ\www\dawashop\dawashop\Admin\Controller\ProductattrController.class.php 第 17 行.
SQL: SELECT * FROM `think_product_attrgroup` WHERE ( attrgroup_name = '' )  [ RunTime:0.0006s ]
INFO: [ app_end ] --START--
INFO: Run Behavior\ShowPageTraceBehavior [ RunTime:0.001240s ]
INFO: [ app_end ] --END-- [ RunTime:0.001326s ]

[ 2016-10-17T13:05:20+08:00 ] ::1 /dawashop/admin.php/Admin/Productattr/add.html
INFO: [ app_init ] --START--
INFO: Run Behavior\BuildLiteBehavior [ RunTime:0.000082s ]
INFO: [ app_init ] --END-- [ RunTime:0.001060s ]

[ 2016-10-17T13:05:42+08:00 ] ::1 /dawashop/admin.php/Admin/Productattr/add.html
INFO: [ app_init ] --START--
INFO: Run Behavior\BuildLiteBehavior [ RunTime:0.000018s ]
INFO: [ app_init ] --END-- [ RunTime:0.000997s ]

[ 2016-10-17T13:05:45+08:00 ] ::1 /dawashop/admin.php/Admin/Productattr/getattrdata
INFO: [ app_init ] --START--
INFO: Run Behavior\BuildLiteBehavior [ RunTime:0.000014s ]
INFO: [ app_init ] --END-- [ RunTime:0.000451s ]
INFO: [ app_begin ] --START--
INFO: Run Behavior\ReadHtmlCacheBehavior [ RunTime:0.000997s ]
INFO: [ app_begin ] --END-- [ RunTime:0.001076s ]
SQL: SHOW COLUMNS FROM `think_product_attrgroup` [ RunTime:0.0011s ]
SQL: SELECT * FROM `think_product_attrgroup` WHERE ( attrgroup_name = '' )  [ RunTime:0.0005s ]
INFO: [ app_end ] --START--
INFO: Run Behavior\ShowPageTraceBehavior [ RunTime:0.001744s ]
INFO: [ app_end ] --END-- [ RunTime:0.001812s ]

[ 2016-10-17T13:06:40+08:00 ] ::1 /dawashop/admin.php/Admin/Productattr/add.html
INFO: [ app_init ] --START--
INFO: Run Behavior\BuildLiteBehavior [ RunTime:0.000016s ]
INFO: [ app_init ] --END-- [ RunTime:0.000467s ]

[ 2016-10-17T13:06:51+08:00 ] ::1 /dawashop/admin.php/Admin/Productattr/getattrdata
INFO: [ app_init ] --START--
INFO: Run Behavior\BuildLiteBehavior [ RunTime:0.000015s ]
INFO: [ app_init ] --END-- [ RunTime:0.000708s ]
INFO: [ app_begin ] --START--
INFO: Run Behavior\ReadHtmlCacheBehavior [ RunTime:0.000760s ]
INFO: [ app_begin ] --END-- [ RunTime:0.000811s ]
SQL: SHOW COLUMNS FROM `think_product_attrgroup` [ RunTime:0.0008s ]
SQL: SELECT * FROM `think_product_attrgroup` WHERE ( attrgroup_name = '' )  [ RunTime:0.0004s ]
INFO: [ app_end ] --START--
INFO: Run Behavior\ShowPageTraceBehavior [ RunTime:0.000956s ]
INFO: [ app_end ] --END-- [ RunTime:0.001009s ]

[ 2016-10-17T13:07:53+08:00 ] ::1 /dawashop/admin.php/Admin/Productattr/getattrdata
INFO: [ app_init ] --START--
INFO: Run Behavior\BuildLiteBehavior [ RunTime:0.000016s ]
INFO: [ app_init ] --END-- [ RunTime:0.000752s ]
INFO: [ app_begin ] --START--
INFO: Run Behavior\ReadHtmlCacheBehavior [ RunTime:0.001107s ]
INFO: [ app_begin ] --END-- [ RunTime:0.001161s ]
SQL: SHOW COLUMNS FROM `think_product_attrgroup` [ RunTime:0.0009s ]
SQL: SELECT * FROM `think_product_attrgroup` WHERE ( attrgroup_name = '' )  [ RunTime:0.0003s ]
INFO: [ app_end ] --START--
INFO: Run Behavior\ShowPageTraceBehavior [ RunTime:0.001193s ]
INFO: [ app_end ] --END-- [ RunTime:0.001243s ]

[ 2016-10-17T13:08:01+08:00 ] ::1 /dawashop/admin.php/Admin/Productattr/getattrdata
INFO: [ app_init ] --START--
INFO: Run Behavior\BuildLiteBehavior [ RunTime:0.000016s ]
INFO: [ app_init ] --END-- [ RunTime:0.000443s ]
INFO: [ app_begin ] --START--
INFO: Run Behavior\ReadHtmlCacheBehavior [ RunTime:0.001244s ]
INFO: [ app_begin ] --END-- [ RunTime:0.001394s ]
SQL: SHOW COLUMNS FROM `think_product_attrgroup` [ RunTime:0.0007s ]
SQL: SELECT * FROM `think_product_attrgroup` WHERE ( attrgroup_name = '' )  [ RunTime:0.0003s ]
INFO: [ app_end ] --START--
INFO: Run Behavior\ShowPageTraceBehavior [ RunTime:0.000874s ]
INFO: [ app_end ] --END-- [ RunTime:0.000921s ]

[ 2016-10-17T20:09:19+08:00 ] ::1 /dawashop/admin.php/Admin/Productattr/add.html
INFO: [ app_init ] --START--
INFO: Run Behavior\BuildLiteBehavior [ RunTime:0.000020s ]
INFO: [ app_init ] --END-- [ RunTime:0.012839s ]

[ 2016-10-17T20:09:25+08:00 ] ::1 /dawashop/admin.php/Admin/Productattr/getattrdata
INFO: [ app_init ] --START--
INFO: Run Behavior\BuildLiteBehavior [ RunTime:0.000024s ]
INFO: [ app_init ] --END-- [ RunTime:0.000702s ]
INFO: [ app_begin ] --START--
INFO: Run Behavior\ReadHtmlCacheBehavior [ RunTime:0.001203s ]
INFO: [ app_begin ] --END-- [ RunTime:0.001322s ]
SQL: SHOW COLUMNS FROM `think_product_attrgroup` [ RunTime:0.0021s ]
SQL: SELECT * FROM `think_product_attrgroup` WHERE ( attrgroup_name = '' )  [ RunTime:0.0005s ]
INFO: [ app_end ] --START--
INFO: Run Behavior\ShowPageTraceBehavior [ RunTime:0.000934s ]
INFO: [ app_end ] --END-- [ RunTime:0.000978s ]

[ 2016-10-17T20:10:56+08:00 ] ::1 /dawashop/admin.php/Admin/Productattr/add.html
INFO: [ app_init ] --START--
INFO: Run Behavior\BuildLiteBehavior [ RunTime:0.000017s ]
INFO: [ app_init ] --END-- [ RunTime:0.000541s ]

[ 2016-10-17T20:11:04+08:00 ] ::1 /dawashop/admin.php/Admin/Productattr/getattrdata
INFO: [ app_init ] --START--
INFO: Run Behavior\BuildLiteBehavior [ RunTime:0.000017s ]
INFO: [ app_init ] --END-- [ RunTime:0.000596s ]
INFO: [ app_begin ] --START--
INFO: Run Behavior\ReadHtmlCacheBehavior [ RunTime:0.000773s ]
INFO: [ app_begin ] --END-- [ RunTime:0.000837s ]
SQL: SHOW COLUMNS FROM `think_product_attrgroup` [ RunTime:0.0010s ]
SQL: SELECT * FROM `think_product_attrgroup` WHERE ( attrgroup_name = '' )  [ RunTime:0.0003s ]
INFO: [ app_end ] --START--
INFO: Run Behavior\ShowPageTraceBehavior [ RunTime:0.000969s ]
INFO: [ app_end ] --END-- [ RunTime:0.001026s ]

[ 2016-10-17T20:11:26+08:00 ] ::1 /dawashop/admin.php/Admin/Productattr/add.html
INFO: [ app_init ] --START--
INFO: Run Behavior\BuildLiteBehavior [ RunTime:0.000015s ]
INFO: [ app_init ] --END-- [ RunTime:0.000563s ]

[ 2016-10-17T20:14:49+08:00 ] ::1 /dawashop/admin.php/Admin/Productattr/add.html
INFO: [ app_init ] --START--
INFO: Run Behavior\BuildLiteBehavior [ RunTime:0.000015s ]
INFO: [ app_init ] --END-- [ RunTime:0.000574s ]

[ 2016-10-17T20:14:51+08:00 ] ::1 /dawashop/admin.php/Admin/Productattr/getattrdata
INFO: [ app_init ] --START--
INFO: Run Behavior\BuildLiteBehavior [ RunTime:0.000014s ]
INFO: [ app_init ] --END-- [ RunTime:0.000431s ]
INFO: [ app_begin ] --START--
INFO: Run Behavior\ReadHtmlCacheBehavior [ RunTime:0.000746s ]
INFO: [ app_begin ] --END-- [ RunTime:0.000814s ]
SQL: SHOW COLUMNS FROM `think_product_attrgroup` [ RunTime:0.0010s ]
SQL: SELECT * FROM `think_product_attrgroup` WHERE ( attrgroup_name = '' )  [ RunTime:0.0003s ]
INFO: [ app_end ] --START--
INFO: Run Behavior\ShowPageTraceBehavior [ RunTime:0.000865s ]
INFO: [ app_end ] --END-- [ RunTime:0.000908s ]

[ 2016-10-17T20:14:52+08:00 ] ::1 /dawashop/admin.php/Admin/Productattr/getattrdata
INFO: [ app_init ] --START--
INFO: Run Behavior\BuildLiteBehavior [ RunTime:0.000015s ]
INFO: [ app_init ] --END-- [ RunTime:0.000434s ]
INFO: [ app_begin ] --START--
INFO: Run Behavior\ReadHtmlCacheBehavior [ RunTime:0.000704s ]
INFO: [ app_begin ] --END-- [ RunTime:0.000755s ]
SQL: SHOW COLUMNS FROM `think_product_attrgroup` [ RunTime:0.0008s ]
SQL: SELECT * FROM `think_product_attrgroup` WHERE ( attrgroup_name = '' )  [ RunTime:0.0003s ]
INFO: [ app_end ] --START--
INFO: Run Behavior\ShowPageTraceBehavior [ RunTime:0.000855s ]
INFO: [ app_end ] --END-- [ RunTime:0.000900s ]

[ 2016-10-17T20:14:54+08:00 ] ::1 /dawashop/admin.php/Admin/Productattr/add.html
INFO: [ app_init ] --START--
INFO: Run Behavior\BuildLiteBehavior [ RunTime:0.000015s ]
INFO: [ app_init ] --END-- [ RunTime:0.000450s ]

[ 2016-10-17T20:14:58+08:00 ] ::1 /dawashop/admin.php/Admin/Productattr/getattrdata
INFO: [ app_init ] --START--
INFO: Run Behavior\BuildLiteBehavior [ RunTime:0.000015s ]
INFO: [ app_init ] --END-- [ RunTime:0.000553s ]
INFO: [ app_begin ] --START--
INFO: Run Behavior\ReadHtmlCacheBehavior [ RunTime:0.001045s ]
INFO: [ app_begin ] --END-- [ RunTime:0.001096s ]
SQL: SHOW COLUMNS FROM `think_product_attrgroup` [ RunTime:0.0008s ]
SQL: SELECT * FROM `think_product_attrgroup` WHERE ( attrgroup_name = '' )  [ RunTime:0.0004s ]
INFO: [ app_end ] --START--
INFO: Run Behavior\ShowPageTraceBehavior [ RunTime:0.001323s ]
INFO: [ app_end ] --END-- [ RunTime:0.001389s ]

[ 2016-10-17T20:18:01+08:00 ] ::1 /dawashop/admin.php/Admin/Productattr/add.html
INFO: [ app_init ] --START--
INFO: Run Behavior\BuildLiteBehavior [ RunTime:0.000016s ]
INFO: [ app_init ] --END-- [ RunTime:0.000665s ]

[ 2016-10-17T20:18:06+08:00 ] ::1 /dawashop/admin.php/Admin/Productattr/getattrdata
INFO: [ app_init ] --START--
INFO: Run Behavior\BuildLiteBehavior [ RunTime:0.000022s ]
INFO: [ app_init ] --END-- [ RunTime:0.000652s ]
INFO: [ app_begin ] --START--
INFO: Run Behavior\ReadHtmlCacheBehavior [ RunTime:0.001200s ]
INFO: [ app_begin ] --END-- [ RunTime:0.001301s ]
SQL: SHOW COLUMNS FROM `think_product_attrgroup` [ RunTime:0.0009s ]
SQL: SELECT * FROM `think_product_attrgroup` WHERE ( attrgroup_name = 'attrName1' )  [ RunTime:0.0003s ]
INFO: [ app_end ] --START--
INFO: Run Behavior\ShowPageTraceBehavior [ RunTime:0.000893s ]
INFO: [ app_end ] --END-- [ RunTime:0.000941s ]

[ 2016-10-17T20:36:00+08:00 ] ::1 /dawashop/admin.php/Admin/Productattr/add.html
INFO: [ app_init ] --START--
INFO: Run Behavior\BuildLiteBehavior [ RunTime:0.000022s ]
INFO: [ app_init ] --END-- [ RunTime:0.000823s ]

[ 2016-10-17T20:36:59+08:00 ] ::1 /dawashop/admin.php/Admin/Productattr/add.html
INFO: [ app_init ] --START--
INFO: Run Behavior\BuildLiteBehavior [ RunTime:0.000015s ]
INFO: [ app_init ] --END-- [ RunTime:0.000457s ]

[ 2016-10-17T20:37:11+08:00 ] ::1 /dawashop/admin.php/Admin/Productattr/getattrdata
INFO: [ app_init ] --START--
INFO: Run Behavior\BuildLiteBehavior [ RunTime:0.000154s ]
INFO: [ app_init ] --END-- [ RunTime:0.001688s ]
INFO: [ app_begin ] --START--
INFO: Run Behavior\ReadHtmlCacheBehavior [ RunTime:0.001032s ]
INFO: [ app_begin ] --END-- [ RunTime:0.001120s ]
SQL: SHOW COLUMNS FROM `think_product_attrgroup` [ RunTime:0.0020s ]
SQL: SELECT * FROM `think_product_attrgroup` WHERE ( attrgroup_name = 'attrName1' )  [ RunTime:0.0004s ]
INFO: [ app_end ] --START--
INFO: Run Behavior\ShowPageTraceBehavior [ RunTime:0.000905s ]
INFO: [ app_end ] --END-- [ RunTime:0.000955s ]

[ 2016-10-17T20:39:24+08:00 ] ::1 /dawashop/admin.php/Admin/Productattr/add.html
INFO: [ app_init ] --START--
INFO: Run Behavior\BuildLiteBehavior [ RunTime:0.000016s ]
INFO: [ app_init ] --END-- [ RunTime:0.000595s ]

[ 2016-10-17T20:39:28+08:00 ] ::1 /dawashop/admin.php/Admin/Productattr/getattrdata
INFO: [ app_init ] --START--
INFO: Run Behavior\BuildLiteBehavior [ RunTime:0.000015s ]
INFO: [ app_init ] --END-- [ RunTime:0.000436s ]
INFO: [ app_begin ] --START--
INFO: Run Behavior\ReadHtmlCacheBehavior [ RunTime:0.000700s ]
INFO: [ app_begin ] --END-- [ RunTime:0.000750s ]
SQL: SHOW COLUMNS FROM `think_product_attrgroup` [ RunTime:0.0010s ]
SQL: SELECT * FROM `think_product_attrgroup` WHERE ( attrgroup_name = 'attrName1' )  [ RunTime:0.0004s ]

[ 2016-10-17T20:40:22+08:00 ] ::1 /dawashop/admin.php/Admin/Productattr/getattrdata
INFO: [ app_init ] --START--
INFO: Run Behavior\BuildLiteBehavior [ RunTime:0.000014s ]
INFO: [ app_init ] --END-- [ RunTime:0.000449s ]
INFO: [ app_begin ] --START--
INFO: Run Behavior\ReadHtmlCacheBehavior [ RunTime:0.000761s ]
INFO: [ app_begin ] --END-- [ RunTime:0.000818s ]
SQL: SHOW COLUMNS FROM `think_product_attrgroup` [ RunTime:0.0009s ]
SQL: SELECT * FROM `think_product_attrgroup` WHERE ( attrgroup_name = 'attrName1' )  [ RunTime:0.0004s ]

[ 2016-10-17T20:40:26+08:00 ] ::1 /dawashop/admin.php/Admin/Productattr/getattrdata
INFO: [ app_init ] --START--
INFO: Run Behavior\BuildLiteBehavior [ RunTime:0.000025s ]
INFO: [ app_init ] --END-- [ RunTime:0.000582s ]
INFO: [ app_begin ] --START--
INFO: Run Behavior\ReadHtmlCacheBehavior [ RunTime:0.000714s ]
INFO: [ app_begin ] --END-- [ RunTime:0.000766s ]
SQL: SHOW COLUMNS FROM `think_product_attrgroup` [ RunTime:0.0009s ]
SQL: SELECT * FROM `think_product_attrgroup` WHERE ( attrgroup_name = 'attrName1' )  [ RunTime:0.0004s ]

[ 2016-10-17T20:42:27+08:00 ] ::1 /dawashop/admin.php/Admin/Productattr/add.html
INFO: [ app_init ] --START--
INFO: Run Behavior\BuildLiteBehavior [ RunTime:0.000015s ]
INFO: [ app_init ] --END-- [ RunTime:0.000583s ]

[ 2016-10-17T20:42:33+08:00 ] ::1 /dawashop/admin.php/Admin/Productattr/getattrdata
INFO: [ app_init ] --START--
INFO: Run Behavior\BuildLiteBehavior [ RunTime:0.000015s ]
INFO: [ app_init ] --END-- [ RunTime:0.000456s ]
INFO: [ app_begin ] --START--
INFO: Run Behavior\ReadHtmlCacheBehavior [ RunTime:0.000771s ]
INFO: [ app_begin ] --END-- [ RunTime:0.000840s ]
SQL: SHOW COLUMNS FROM `think_product_attrgroup` [ RunTime:0.0009s ]
SQL: SELECT * FROM `think_product_attrgroup` WHERE ( attrgroup_name = '' )  [ RunTime:0.0004s ]

[ 2016-10-17T20:52:40+08:00 ] ::1 /dawashop/admin.php/Admin/Productattr/add.html
INFO: [ app_init ] --START--
INFO: Run Behavior\BuildLiteBehavior [ RunTime:0.000024s ]
INFO: [ app_init ] --END-- [ RunTime:0.000928s ]

[ 2016-10-17T20:52:50+08:00 ] ::1 /dawashop/admin.php/Admin/Productattr/getattrdata
INFO: [ app_init ] --START--
INFO: Run Behavior\BuildLiteBehavior [ RunTime:0.000016s ]
INFO: [ app_init ] --END-- [ RunTime:0.000563s ]
INFO: [ app_begin ] --START--
INFO: Run Behavior\ReadHtmlCacheBehavior [ RunTime:0.000807s ]
INFO: [ app_begin ] --END-- [ RunTime:0.000876s ]
SQL: SHOW COLUMNS FROM `think_product_attrgroup` [ RunTime:0.0010s ]
SQL: SELECT * FROM `think_product_attrgroup` WHERE ( attrgroup_name = '' )  [ RunTime:0.0003s ]

[ 2016-10-17T20:53:25+08:00 ] ::1 /dawashop/admin.php/Admin/Productattr/add.html
INFO: [ app_init ] --START--
INFO: Run Behavior\BuildLiteBehavior [ RunTime:0.000026s ]
INFO: [ app_init ] --END-- [ RunTime:0.001032s ]

[ 2016-10-17T20:53:29+08:00 ] ::1 /dawashop/admin.php/Admin/Productattr/getattrdata
INFO: [ app_init ] --START--
INFO: Run Behavior\BuildLiteBehavior [ RunTime:0.000027s ]
INFO: [ app_init ] --END-- [ RunTime:0.000836s ]
INFO: [ app_begin ] --START--
INFO: Run Behavior\ReadHtmlCacheBehavior [ RunTime:0.000860s ]
INFO: [ app_begin ] --END-- [ RunTime:0.000949s ]
SQL: SHOW COLUMNS FROM `think_product_attrgroup` [ RunTime:0.0012s ]
SQL: SELECT * FROM `think_product_attrgroup` WHERE ( attrgroup_name = '电器' )  [ RunTime:0.0006s ]

[ 2016-10-17T21:25:30+08:00 ] ::1 /dawashop/admin.php/Admin/Productattr/add.html
INFO: [ app_init ] --START--
INFO: Run Behavior\BuildLiteBehavior [ RunTime:0.000016s ]
INFO: [ app_init ] --END-- [ RunTime:0.000786s ]

[ 2016-10-17T21:25:53+08:00 ] ::1 /dawashop/admin.php/Admin/Productattr/add.html
INFO: [ app_init ] --START--
INFO: Run Behavior\BuildLiteBehavior [ RunTime:0.000014s ]
INFO: [ app_init ] --END-- [ RunTime:0.000435s ]

[ 2016-10-17T21:25:56+08:00 ] ::1 /dawashop/admin.php/Admin/Productattr/getattrdata
INFO: [ app_init ] --START--
INFO: Run Behavior\BuildLiteBehavior [ RunTime:0.000014s ]
INFO: [ app_init ] --END-- [ RunTime:0.000471s ]
INFO: [ app_begin ] --START--
INFO: Run Behavior\ReadHtmlCacheBehavior [ RunTime:0.000981s ]
INFO: [ app_begin ] --END-- [ RunTime:0.001056s ]
SQL: SHOW COLUMNS FROM `think_product_attrgroup` [ RunTime:0.0019s ]
SQL: SELECT * FROM `think_product_attrgroup` WHERE ( attrgroup_name = '' )  [ RunTime:0.0004s ]

[ 2016-10-17T21:26:01+08:00 ] ::1 /dawashop/admin.php/Admin/Productattr/getattrdata
INFO: [ app_init ] --START--
INFO: Run Behavior\BuildLiteBehavior [ RunTime:0.000014s ]
INFO: [ app_init ] --END-- [ RunTime:0.000430s ]
INFO: [ app_begin ] --START--
INFO: Run Behavior\ReadHtmlCacheBehavior [ RunTime:0.000776s ]
INFO: [ app_begin ] --END-- [ RunTime:0.000836s ]
SQL: SHOW COLUMNS FROM `think_product_attrgroup` [ RunTime:0.0008s ]
SQL: SELECT * FROM `think_product_attrgroup` WHERE ( attrgroup_name = '' )  [ RunTime:0.0003s ]

[ 2016-10-17T21:28:47+08:00 ] ::1 /dawashop/admin.php/Admin/Productattr/add.html
INFO: [ app_init ] --START--
INFO: Run Behavior\BuildLiteBehavior [ RunTime:0.000015s ]
INFO: [ app_init ] --END-- [ RunTime:0.000584s ]

[ 2016-10-17T21:29:20+08:00 ] ::1 /dawashop/admin.php/Admin/Productattr/add.html
INFO: [ app_init ] --START--
INFO: Run Behavior\BuildLiteBehavior [ RunTime:0.000015s ]
INFO: [ app_init ] --END-- [ RunTime:0.000490s ]

[ 2016-10-17T21:29:22+08:00 ] ::1 /dawashop/admin.php/Admin/Productattr/getattrdata
INFO: [ app_init ] --START--
INFO: Run Behavior\BuildLiteBehavior [ RunTime:0.000014s ]
INFO: [ app_init ] --END-- [ RunTime:0.000440s ]
INFO: [ app_begin ] --START--
INFO: Run Behavior\ReadHtmlCacheBehavior [ RunTime:0.000704s ]
INFO: [ app_begin ] --END-- [ RunTime:0.000755s ]
SQL: SHOW COLUMNS FROM `think_product_attrgroup` [ RunTime:0.0009s ]
SQL: SELECT * FROM `think_product_attrgroup` WHERE ( attrgroup_name = '' )  [ RunTime:0.0003s ]

[ 2016-10-17T21:30:18+08:00 ] ::1 /dawashop/admin.php/Admin/Productattr/add.html
INFO: [ app_init ] --START--
INFO: Run Behavior\BuildLiteBehavior [ RunTime:0.000050s ]
INFO: [ app_init ] --END-- [ RunTime:0.001104s ]

[ 2016-10-17T21:30:21+08:00 ] ::1 /dawashop/admin.php/Admin/Productattr/getattrdata
INFO: [ app_init ] --START--
INFO: Run Behavior\BuildLiteBehavior [ RunTime:0.000023s ]
INFO: [ app_init ] --END-- [ RunTime:0.000793s ]
INFO: [ app_begin ] --START--
INFO: Run Behavior\ReadHtmlCacheBehavior [ RunTime:0.000961s ]
INFO: [ app_begin ] --END-- [ RunTime:0.001063s ]
SQL: SHOW COLUMNS FROM `think_product_attrgroup` [ RunTime:0.0013s ]
SQL: SELECT * FROM `think_product_attrgroup` WHERE ( attrgroup_name = '' )  [ RunTime:0.0009s ]

[ 2016-10-17T21:30:39+08:00 ] ::1 /dawashop/admin.php/Admin/Productattr/add.html
INFO: [ app_init ] --START--
INFO: Run Behavior\BuildLiteBehavior [ RunTime:0.000014s ]
INFO: [ app_init ] --END-- [ RunTime:0.000445s ]

[ 2016-10-17T21:32:39+08:00 ] ::1 /dawashop/admin.php/Admin/Productattr/add.html
INFO: [ app_init ] --START--
INFO: Run Behavior\BuildLiteBehavior [ RunTime:0.000034s ]
INFO: [ app_init ] --END-- [ RunTime:0.003059s ]

[ 2016-10-17T21:32:41+08:00 ] ::1 /dawashop/admin.php/Admin/Productattr/getattrdata
INFO: [ app_init ] --START--
INFO: Run Behavior\BuildLiteBehavior [ RunTime:0.000017s ]
INFO: [ app_init ] --END-- [ RunTime:0.000630s ]
INFO: [ app_begin ] --START--
INFO: Run Behavior\ReadHtmlCacheBehavior [ RunTime:0.001081s ]
INFO: [ app_begin ] --END-- [ RunTime:0.001139s ]
SQL: SHOW COLUMNS FROM `think_product_attrgroup` [ RunTime:0.0008s ]
SQL: SELECT * FROM `think_product_attrgroup` WHERE ( attrgroup_name = '' )  [ RunTime:0.0003s ]

[ 2016-10-17T21:35:46+08:00 ] ::1 /dawashop/admin.php/Admin/Productattr/add.html
INFO: [ app_init ] --START--
INFO: Run Behavior\BuildLiteBehavior [ RunTime:0.000028s ]
INFO: [ app_init ] --END-- [ RunTime:0.001275s ]

[ 2016-10-17T21:35:48+08:00 ] ::1 /dawashop/admin.php/Admin/Productattr/getattrdata
INFO: [ app_init ] --START--
INFO: Run Behavior\BuildLiteBehavior [ RunTime:0.000025s ]
INFO: [ app_init ] --END-- [ RunTime:0.000901s ]
INFO: [ app_begin ] --START--
INFO: Run Behavior\ReadHtmlCacheBehavior [ RunTime:0.001098s ]
INFO: [ app_begin ] --END-- [ RunTime:0.001188s ]
SQL: SHOW COLUMNS FROM `think_product_attrgroup` [ RunTime:0.0009s ]
SQL: SELECT * FROM `think_product_attrgroup` WHERE ( attrgroup_name = '' )  [ RunTime:0.0003s ]

[ 2016-10-17T21:38:44+08:00 ] ::1 /dawashop/admin.php/Admin/Productattr/add.html
INFO: [ app_init ] --START--
INFO: Run Behavior\BuildLiteBehavior [ RunTime:0.000016s ]
INFO: [ app_init ] --END-- [ RunTime:0.000594s ]

[ 2016-10-17T21:38:46+08:00 ] ::1 /dawashop/admin.php/Admin/Productattr/getattrdata
INFO: [ app_init ] --START--
INFO: Run Behavior\BuildLiteBehavior [ RunTime:0.000017s ]
INFO: [ app_init ] --END-- [ RunTime:0.000505s ]
INFO: [ app_begin ] --START--
INFO: Run Behavior\ReadHtmlCacheBehavior [ RunTime:0.001121s ]
INFO: [ app_begin ] --END-- [ RunTime:0.001223s ]
SQL: SHOW COLUMNS FROM `think_product_attrgroup` [ RunTime:0.0010s ]
SQL: SELECT * FROM `think_product_attrgroup` WHERE ( attrgroup_name = '' )  [ RunTime:0.0004s ]

[ 2016-10-17T22:51:52+08:00 ] ::1 /dawashop/admin.php/Admin/Productattr/add.html
INFO: [ app_init ] --START--
INFO: Run Behavior\BuildLiteBehavior [ RunTime:0.000111s ]
INFO: [ app_init ] --END-- [ RunTime:0.002552s ]

[ 2016-10-17T22:52:43+08:00 ] ::1 /dawashop/admin.php/Admin/Productattr/add.html
INFO: [ app_init ] --START--
INFO: Run Behavior\BuildLiteBehavior [ RunTime:0.000015s ]
INFO: [ app_init ] --END-- [ RunTime:0.000469s ]

[ 2016-10-17T22:53:22+08:00 ] ::1 /dawashop/admin.php/Admin/Productattr/add.html
INFO: [ app_init ] --START--
INFO: Run Behavior\BuildLiteBehavior [ RunTime:0.000016s ]
INFO: [ app_init ] --END-- [ RunTime:0.000526s ]

[ 2016-10-17T22:54:15+08:00 ] ::1 /dawashop/admin.php/Admin/Productattr/add.html
INFO: [ app_init ] --START--
INFO: Run Behavior\BuildLiteBehavior [ RunTime:0.000029s ]
INFO: [ app_init ] --END-- [ RunTime:0.000616s ]

[ 2016-10-17T22:56:38+08:00 ] ::1 /dawashop/admin.php/Admin/Productattr/add.html
INFO: [ app_init ] --START--
INFO: Run Behavior\BuildLiteBehavior [ RunTime:0.000016s ]
INFO: [ app_init ] --END-- [ RunTime:0.000666s ]

[ 2016-10-17T22:57:19+08:00 ] ::1 /dawashop/admin.php/Admin/Productattr/add.html
INFO: [ app_init ] --START--
INFO: Run Behavior\BuildLiteBehavior [ RunTime:0.000015s ]
INFO: [ app_init ] --END-- [ RunTime:0.000453s ]

[ 2016-10-17T22:58:49+08:00 ] ::1 /dawashop/admin.php/Admin/Productattr/add.html
INFO: [ app_init ] --START--
INFO: Run Behavior\BuildLiteBehavior [ RunTime:0.000015s ]
INFO: [ app_init ] --END-- [ RunTime:0.000638s ]

