[ 2016-10-20T00:01:24+08:00 ] ::1 /dawashop/admin.php/Admin/Productattr/index.html
INFO: [ app_init ] --START--
INFO: Run Behavior\BuildLiteBehavior [ RunTime:0.000017s ]
INFO: [ app_init ] --END-- [ RunTime:0.000685s ]

[ 2016-10-20T00:01:26+08:00 ] ::1 /dawashop/admin.php/Admin/Productattr/index.html
INFO: [ app_init ] --START--
INFO: Run Behavior\BuildLiteBehavior [ RunTime:0.000015s ]
INFO: [ app_init ] --END-- [ RunTime:0.000566s ]

[ 2016-10-20T00:01:28+08:00 ] ::1 /dawashop/admin.php/Admin/Productattr/index.html
INFO: [ app_init ] --START--
INFO: Run Behavior\BuildLiteBehavior [ RunTime:0.000016s ]
INFO: [ app_init ] --END-- [ RunTime:0.000792s ]

[ 2016-10-20T00:01:29+08:00 ] ::1 /dawashop/admin.php/Admin/Productattr/index.html
INFO: [ app_init ] --START--
INFO: Run Behavior\BuildLiteBehavior [ RunTime:0.000015s ]
INFO: [ app_init ] --END-- [ RunTime:0.000557s ]

[ 2016-10-20T00:01:30+08:00 ] ::1 /dawashop/admin.php/Admin/Productattr/index.html
INFO: [ app_init ] --START--
INFO: Run Behavior\BuildLiteBehavior [ RunTime:0.000015s ]
INFO: [ app_init ] --END-- [ RunTime:0.000571s ]

[ 2016-10-20T00:02:56+08:00 ] ::1 /dawashop/admin.php/Admin/Productattr/index.html
INFO: [ app_init ] --START--
INFO: Run Behavior\BuildLiteBehavior [ RunTime:0.000014s ]
INFO: [ app_init ] --END-- [ RunTime:0.000560s ]

[ 2016-10-20T00:02:57+08:00 ] ::1 /dawashop/admin.php/Admin/Productattr/%7BU('Admin/Productattr/attradd')%7D
INFO: [ app_init ] --START--
INFO: Run Behavior\BuildLiteBehavior [ RunTime:0.000015s ]
INFO: [ app_init ] --END-- [ RunTime:0.000570s ]
ERR: 非法操作:{U('Admin

[ 2016-10-20T00:03:52+08:00 ] ::1 /dawashop/admin.php/Admin/Productattr/index.html
INFO: [ app_init ] --START--
INFO: Run Behavior\BuildLiteBehavior [ RunTime:0.000031s ]
INFO: [ app_init ] --END-- [ RunTime:0.000854s ]

[ 2016-10-20T00:03:53+08:00 ] ::1 /dawashop/admin.php/Admin/Productattr/attradd.html
INFO: [ app_init ] --START--
INFO: Run Behavior\BuildLiteBehavior [ RunTime:0.000017s ]
INFO: [ app_init ] --END-- [ RunTime:0.000500s ]
ERR: 非法操作:attradd

[ 2016-10-20T00:04:24+08:00 ] ::1 /dawashop/admin.php/Admin/Productattr/index.html
INFO: [ app_init ] --START--
INFO: Run Behavior\BuildLiteBehavior [ RunTime:0.000015s ]
INFO: [ app_init ] --END-- [ RunTime:0.000462s ]

[ 2016-10-20T00:04:25+08:00 ] ::1 /dawashop/admin.php/Admin/Productattr/addattr.html
INFO: [ app_init ] --START--
INFO: Run Behavior\BuildLiteBehavior [ RunTime:0.000016s ]
INFO: [ app_init ] --END-- [ RunTime:0.000469s ]

[ 2016-10-20T00:05:23+08:00 ] ::1 /dawashop/admin.php/Admin/Productattr/addattr.html
INFO: [ app_init ] --START--
INFO: Run Behavior\BuildLiteBehavior [ RunTime:0.000015s ]
INFO: [ app_init ] --END-- [ RunTime:0.000576s ]

[ 2016-10-20T00:05:29+08:00 ] ::1 /dawashop/admin.php/Admin/Productattr/addattr.html
INFO: [ app_init ] --START--
INFO: Run Behavior\BuildLiteBehavior [ RunTime:0.000014s ]
INFO: [ app_init ] --END-- [ RunTime:0.000440s ]

[ 2016-10-20T00:05:35+08:00 ] ::1 /dawashop/admin.php/Admin/Productattr/addattr.html
INFO: [ app_init ] --START--
INFO: Run Behavior\BuildLiteBehavior [ RunTime:0.000015s ]
INFO: [ app_init ] --END-- [ RunTime:0.000489s ]

[ 2016-10-20T00:06:05+08:00 ] ::1 /dawashop/admin.php/Admin/Productattr/addattr.html
INFO: [ app_init ] --START--
INFO: Run Behavior\BuildLiteBehavior [ RunTime:0.000016s ]
INFO: [ app_init ] --END-- [ RunTime:0.000469s ]
ERR: 模板不存在:./dawashop/Admin/View/Productattr_addattr.html

[ 2016-10-20T00:07:02+08:00 ] ::1 /dawashop/admin.php/Admin/Productattr/addattr.html
INFO: [ app_init ] --START--
INFO: Run Behavior\BuildLiteBehavior [ RunTime:0.000015s ]
INFO: [ app_init ] --END-- [ RunTime:0.000463s ]

[ 2016-10-20T00:07:56+08:00 ] ::1 /dawashop/admin.php/Admin/Productattr/addattr.html
INFO: [ app_init ] --START--
INFO: Run Behavior\BuildLiteBehavior [ RunTime:0.000024s ]
INFO: [ app_init ] --END-- [ RunTime:0.001044s ]

[ 2016-10-20T00:25:33+08:00 ] ::1 /dawashop/admin.php/Admin/Productattr/index.html
INFO: [ app_init ] --START--
INFO: Run Behavior\BuildLiteBehavior [ RunTime:0.000027s ]
INFO: [ app_init ] --END-- [ RunTime:0.000924s ]

[ 2016-10-20T00:25:35+08:00 ] ::1 /dawashop/admin.php/Admin/Productattr/addattr/id/Arrayattr_id.html
INFO: [ app_init ] --START--
INFO: Run Behavior\BuildLiteBehavior [ RunTime:0.000014s ]
INFO: [ app_init ] --END-- [ RunTime:0.000455s ]

[ 2016-10-20T00:25:56+08:00 ] ::1 /dawashop/admin.php/Admin/Productattr/addattr/id/Arrayattr_id.html
INFO: [ app_init ] --START--
INFO: Run Behavior\BuildLiteBehavior [ RunTime:0.000024s ]
INFO: [ app_init ] --END-- [ RunTime:0.000678s ]

[ 2016-10-20T00:26:50+08:00 ] ::1 /dawashop/admin.php/Admin/Productattr/addattr/id/Arrayattr_id.html
INFO: [ app_init ] --START--
INFO: Run Behavior\BuildLiteBehavior [ RunTime:0.000017s ]
INFO: [ app_init ] --END-- [ RunTime:0.000514s ]

[ 2016-10-20T00:26:52+08:00 ] ::1 /dawashop/admin.php/Admin/Productattr/addattr/id/Arrayattr_id.html
INFO: [ app_init ] --START--
INFO: Run Behavior\BuildLiteBehavior [ RunTime:0.000014s ]
INFO: [ app_init ] --END-- [ RunTime:0.000453s ]

[ 2016-10-20T00:27:11+08:00 ] ::1 /dawashop/admin.php/Admin/Productattr/addattr/id/Arrayattr_id.html
INFO: [ app_init ] --START--
INFO: Run Behavior\BuildLiteBehavior [ RunTime:0.000016s ]
INFO: [ app_init ] --END-- [ RunTime:0.000468s ]

[ 2016-10-20T00:29:01+08:00 ] ::1 /dawashop/admin.php/Admin/Productattr/index.html
INFO: [ app_init ] --START--
INFO: Run Behavior\BuildLiteBehavior [ RunTime:0.000017s ]
INFO: [ app_init ] --END-- [ RunTime:0.000669s ]

[ 2016-10-20T00:29:05+08:00 ] ::1 /dawashop/admin.php/Admin/Productattr/index.html
INFO: [ app_init ] --START--
INFO: Run Behavior\BuildLiteBehavior [ RunTime:0.000016s ]
INFO: [ app_init ] --END-- [ RunTime:0.000466s ]

[ 2016-10-20T00:29:27+08:00 ] ::1 /dawashop/admin.php/Admin/Productattr/index.html
INFO: [ app_init ] --START--
INFO: Run Behavior\BuildLiteBehavior [ RunTime:0.000030s ]
INFO: [ app_init ] --END-- [ RunTime:0.001860s ]

[ 2016-10-20T00:29:28+08:00 ] ::1 /dawashop/admin.php/Admin/Productattr/index.html
INFO: [ app_init ] --START--
INFO: Run Behavior\BuildLiteBehavior [ RunTime:0.000038s ]
INFO: [ app_init ] --END-- [ RunTime:0.000775s ]

[ 2016-10-20T00:29:31+08:00 ] ::1 /dawashop/admin.php/Admin/Productattr/index.html
INFO: [ app_init ] --START--
INFO: Run Behavior\BuildLiteBehavior [ RunTime:0.000014s ]
INFO: [ app_init ] --END-- [ RunTime:0.000446s ]

[ 2016-10-20T00:30:07+08:00 ] ::1 /dawashop/admin.php/Admin/Productattr/index.html
INFO: [ app_init ] --START--
INFO: Run Behavior\BuildLiteBehavior [ RunTime:0.000015s ]
INFO: [ app_init ] --END-- [ RunTime:0.000468s ]

[ 2016-10-20T00:30:15+08:00 ] ::1 /dawashop/admin.php/Admin/Productattr/add.html
INFO: [ app_init ] --START--
INFO: Run Behavior\BuildLiteBehavior [ RunTime:0.000014s ]
INFO: [ app_init ] --END-- [ RunTime:0.000464s ]

[ 2016-10-20T00:30:19+08:00 ] ::1 /dawashop/admin.php/Admin/Productattr/index.html
INFO: [ app_init ] --START--
INFO: Run Behavior\BuildLiteBehavior [ RunTime:0.000021s ]
INFO: [ app_init ] --END-- [ RunTime:0.000698s ]

[ 2016-10-20T00:32:50+08:00 ] ::1 /dawashop/admin.php/Admin/Productattr/index.html
INFO: [ app_init ] --START--
INFO: Run Behavior\BuildLiteBehavior [ RunTime:0.000018s ]
INFO: [ app_init ] --END-- [ RunTime:0.000688s ]

[ 2016-10-20T00:33:08+08:00 ] ::1 /dawashop/admin.php/Admin/Productattr/index.html
INFO: [ app_init ] --START--
INFO: Run Behavior\BuildLiteBehavior [ RunTime:0.000018s ]
INFO: [ app_init ] --END-- [ RunTime:0.000748s ]

[ 2016-10-20T00:33:09+08:00 ] ::1 /dawashop/admin.php/Admin/Productattr/index.html
INFO: [ app_init ] --START--
INFO: Run Behavior\BuildLiteBehavior [ RunTime:0.000017s ]
INFO: [ app_init ] --END-- [ RunTime:0.000573s ]

[ 2016-10-20T00:33:44+08:00 ] ::1 /dawashop/admin.php/Admin/Productattr/index.html
INFO: [ app_init ] --START--
INFO: Run Behavior\BuildLiteBehavior [ RunTime:0.000016s ]
INFO: [ app_init ] --END-- [ RunTime:0.000493s ]

[ 2016-10-20T00:33:45+08:00 ] ::1 /dawashop/admin.php/Admin/Productattr/addattr/id/6.html
INFO: [ app_init ] --START--
INFO: Run Behavior\BuildLiteBehavior [ RunTime:0.000025s ]
INFO: [ app_init ] --END-- [ RunTime:0.000562s ]

[ 2016-10-20T00:33:48+08:00 ] ::1 /dawashop/admin.php/Admin/Productattr/addattr/id/5.html
INFO: [ app_init ] --START--
INFO: Run Behavior\BuildLiteBehavior [ RunTime:0.000015s ]
INFO: [ app_init ] --END-- [ RunTime:0.000461s ]

[ 2016-10-20T00:34:50+08:00 ] ::1 /dawashop/admin.php/Admin/Productattr/index.html
INFO: [ app_init ] --START--
INFO: Run Behavior\BuildLiteBehavior [ RunTime:0.000017s ]
INFO: [ app_init ] --END-- [ RunTime:0.000538s ]

[ 2016-10-20T00:34:51+08:00 ] ::1 /dawashop/admin.php/Admin/Productattr/addattr/id/6.html
INFO: [ app_init ] --START--
INFO: Run Behavior\BuildLiteBehavior [ RunTime:0.000018s ]
INFO: [ app_init ] --END-- [ RunTime:0.000630s ]

[ 2016-10-20T00:34:57+08:00 ] ::1 /dawashop/admin.php/Admin/Productattr/addattr/id/9.html
INFO: [ app_init ] --START--
INFO: Run Behavior\BuildLiteBehavior [ RunTime:0.000016s ]
INFO: [ app_init ] --END-- [ RunTime:0.000533s ]

[ 2016-10-20T00:35:37+08:00 ] ::1 /dawashop/admin.php/Admin/Productattr/index.html
INFO: [ app_init ] --START--
INFO: Run Behavior\BuildLiteBehavior [ RunTime:0.000016s ]
INFO: [ app_init ] --END-- [ RunTime:0.000500s ]

[ 2016-10-20T00:35:38+08:00 ] ::1 /dawashop/admin.php/Admin/Productattr/addattr/id/6.html
INFO: [ app_init ] --START--
INFO: Run Behavior\BuildLiteBehavior [ RunTime:0.000016s ]
INFO: [ app_init ] --END-- [ RunTime:0.000446s ]

[ 2016-10-20T00:36:03+08:00 ] ::1 /dawashop/admin.php/Admin/Productattr/index.html
INFO: [ app_init ] --START--
INFO: Run Behavior\BuildLiteBehavior [ RunTime:0.000018s ]
INFO: [ app_init ] --END-- [ RunTime:0.000581s ]

[ 2016-10-20T00:36:04+08:00 ] ::1 /dawashop/admin.php/Admin/Productattr/addattr/id/6.html
INFO: [ app_init ] --START--
INFO: Run Behavior\BuildLiteBehavior [ RunTime:0.000017s ]
INFO: [ app_init ] --END-- [ RunTime:0.000581s ]

[ 2016-10-20T00:36:08+08:00 ] ::1 /dawashop/admin.php/Admin/Productattr/addattr/id/4.html
INFO: [ app_init ] --START--
INFO: Run Behavior\BuildLiteBehavior [ RunTime:0.000015s ]
INFO: [ app_init ] --END-- [ RunTime:0.000453s ]

[ 2016-10-20T00:36:11+08:00 ] ::1 /dawashop/admin.php/Admin/Productattr/addattr/id/6.html
INFO: [ app_init ] --START--
INFO: Run Behavior\BuildLiteBehavior [ RunTime:0.000018s ]
INFO: [ app_init ] --END-- [ RunTime:0.000592s ]

[ 2016-10-20T00:36:19+08:00 ] ::1 /dawashop/admin.php/Admin/Productattr/addattr/id/10.html
INFO: [ app_init ] --START--
INFO: Run Behavior\BuildLiteBehavior [ RunTime:0.000014s ]
INFO: [ app_init ] --END-- [ RunTime:0.000454s ]

[ 2016-10-20T00:36:22+08:00 ] ::1 /dawashop/admin.php/Admin/Productattr/addattr/id/1.html
INFO: [ app_init ] --START--
INFO: Run Behavior\BuildLiteBehavior [ RunTime:0.000015s ]
INFO: [ app_init ] --END-- [ RunTime:0.000457s ]

[ 2016-10-20T00:36:55+08:00 ] ::1 /dawashop/admin.php/Admin/Productattr/index.html
INFO: [ app_init ] --START--
INFO: Run Behavior\BuildLiteBehavior [ RunTime:0.000017s ]
INFO: [ app_init ] --END-- [ RunTime:0.000550s ]

[ 2016-10-20T00:36:57+08:00 ] ::1 /dawashop/admin.php/Admin/Productattr/addattr/id/5.html
INFO: [ app_init ] --START--
INFO: Run Behavior\BuildLiteBehavior [ RunTime:0.000016s ]
INFO: [ app_init ] --END-- [ RunTime:0.000601s ]

[ 2016-10-20T00:37:20+08:00 ] ::1 /dawashop/admin.php/Admin/Productattr/index.html
INFO: [ app_init ] --START--
INFO: Run Behavior\BuildLiteBehavior [ RunTime:0.000037s ]
INFO: [ app_init ] --END-- [ RunTime:0.001675s ]

[ 2016-10-20T00:37:21+08:00 ] ::1 /dawashop/admin.php/Admin/Productattr/addattr/id/6.html
INFO: [ app_init ] --START--
INFO: Run Behavior\BuildLiteBehavior [ RunTime:0.000014s ]
INFO: [ app_init ] --END-- [ RunTime:0.000557s ]

[ 2016-10-20T00:38:46+08:00 ] ::1 /dawashop/admin.php/Admin/Productattr/index.html
INFO: [ app_init ] --START--
INFO: Run Behavior\BuildLiteBehavior [ RunTime:0.000022s ]
INFO: [ app_init ] --END-- [ RunTime:0.000950s ]

[ 2016-10-20T00:38:47+08:00 ] ::1 /dawashop/admin.php/Admin/Productattr/addattr/id/6.html
INFO: [ app_init ] --START--
INFO: Run Behavior\BuildLiteBehavior [ RunTime:0.000015s ]
INFO: [ app_init ] --END-- [ RunTime:0.000559s ]

[ 2016-10-20T00:39:13+08:00 ] ::1 /dawashop/admin.php/Admin/Productattr/index.html
INFO: [ app_init ] --START--
INFO: Run Behavior\BuildLiteBehavior [ RunTime:0.000021s ]
INFO: [ app_init ] --END-- [ RunTime:0.000524s ]

[ 2016-10-20T00:39:14+08:00 ] ::1 /dawashop/admin.php/Admin/Productattr/addattr/id/6.html
INFO: [ app_init ] --START--
INFO: Run Behavior\BuildLiteBehavior [ RunTime:0.000015s ]
INFO: [ app_init ] --END-- [ RunTime:0.000593s ]

[ 2016-10-20T10:33:51+08:00 ] ::1 /dawashop/admin.php/Admin/Productattr/add.html
INFO: [ app_init ] --START--
INFO: Run Behavior\BuildLiteBehavior [ RunTime:0.000018s ]
INFO: [ app_init ] --END-- [ RunTime:0.023203s ]

[ 2016-10-20T10:34:07+08:00 ] ::1 /dawashop/admin.php/Admin/Product/index.html
INFO: [ app_init ] --START--
INFO: Run Behavior\BuildLiteBehavior [ RunTime:0.000013s ]
INFO: [ app_init ] --END-- [ RunTime:0.000543s ]
ERR: 无法加载控制器:Product

[ 2016-10-20T10:34:11+08:00 ] ::1 /dawashop/admin.php/Admin/Productattr/index.html
INFO: [ app_init ] --START--
INFO: Run Behavior\BuildLiteBehavior [ RunTime:0.000015s ]
INFO: [ app_init ] --END-- [ RunTime:0.000665s ]

[ 2016-10-20T10:34:13+08:00 ] ::1 /dawashop/admin.php/Admin/Productattr/addattr/id/4.html
INFO: [ app_init ] --START--
INFO: Run Behavior\BuildLiteBehavior [ RunTime:0.000015s ]
INFO: [ app_init ] --END-- [ RunTime:0.000711s ]

[ 2016-10-20T10:36:41+08:00 ] ::1 /dawashop/admin.php/Admin/Productattr/addattr/id/4.html
INFO: [ app_init ] --START--
INFO: Run Behavior\BuildLiteBehavior [ RunTime:0.000019s ]
INFO: [ app_init ] --END-- [ RunTime:0.000922s ]

[ 2016-10-20T10:37:51+08:00 ] ::1 /dawashop/admin.php/Admin/Productattr/addattr/id/4.html
INFO: [ app_init ] --START--
INFO: Run Behavior\BuildLiteBehavior [ RunTime:0.000014s ]
INFO: [ app_init ] --END-- [ RunTime:0.000568s ]

[ 2016-10-20T10:39:11+08:00 ] ::1 /dawashop/admin.php/Admin/Productattr/addattr/id/4.html
INFO: [ app_init ] --START--
INFO: Run Behavior\BuildLiteBehavior [ RunTime:0.000014s ]
INFO: [ app_init ] --END-- [ RunTime:0.000553s ]

[ 2016-10-20T10:39:12+08:00 ] ::1 /dawashop/admin.php/Admin/Productattr/addattr/id/4.html
INFO: [ app_init ] --START--
INFO: Run Behavior\BuildLiteBehavior [ RunTime:0.000015s ]
INFO: [ app_init ] --END-- [ RunTime:0.000589s ]

[ 2016-10-20T10:39:49+08:00 ] ::1 /dawashop/admin.php/Admin/Productattr/addattr/id/4.html
INFO: [ app_init ] --START--
INFO: Run Behavior\BuildLiteBehavior [ RunTime:0.000014s ]
INFO: [ app_init ] --END-- [ RunTime:0.000444s ]

[ 2016-10-20T10:47:00+08:00 ] ::1 /dawashop/admin.php/Admin/Productattr/addattr/id/4.html
INFO: [ app_init ] --START--
INFO: Run Behavior\BuildLiteBehavior [ RunTime:0.000015s ]
INFO: [ app_init ] --END-- [ RunTime:0.000577s ]

[ 2016-10-20T10:48:58+08:00 ] ::1 /dawashop/admin.php/Admin/Productattr/addattr/id/4.html
INFO: [ app_init ] --START--
INFO: Run Behavior\BuildLiteBehavior [ RunTime:0.000015s ]
INFO: [ app_init ] --END-- [ RunTime:0.000585s ]

[ 2016-10-20T10:50:52+08:00 ] ::1 /dawashop/admin.php/Admin/Productattr/addattr/id/4.html
INFO: [ app_init ] --START--
INFO: Run Behavior\BuildLiteBehavior [ RunTime:0.000014s ]
INFO: [ app_init ] --END-- [ RunTime:0.000574s ]

[ 2016-10-20T10:52:25+08:00 ] ::1 /dawashop/admin.php/Admin/Productattr/addattr/id/4.html
INFO: [ app_init ] --START--
INFO: Run Behavior\BuildLiteBehavior [ RunTime:0.000023s ]
INFO: [ app_init ] --END-- [ RunTime:0.000843s ]

[ 2016-10-20T10:54:37+08:00 ] ::1 /dawashop/admin.php/Admin/Productattr/addattr/id/4.html
INFO: [ app_init ] --START--
INFO: Run Behavior\BuildLiteBehavior [ RunTime:0.000014s ]
INFO: [ app_init ] --END-- [ RunTime:0.000560s ]

[ 2016-10-20T10:55:51+08:00 ] ::1 /dawashop/admin.php/Admin/Productattr/addattr/id/4.html
INFO: [ app_init ] --START--
INFO: Run Behavior\BuildLiteBehavior [ RunTime:0.000015s ]
INFO: [ app_init ] --END-- [ RunTime:0.000553s ]
ERR: 1054:Unknown column '$attrgroup_id' in 'where clause'
 [ SQL语句 ] : SELECT `attr_name` FROM `think_product_attr` WHERE ( attr_id= $attrgroup_id ) 

[ 2016-10-20T10:57:28+08:00 ] ::1 /dawashop/admin.php/Admin/Productattr/addattr/id/4.html
INFO: [ app_init ] --START--
INFO: Run Behavior\BuildLiteBehavior [ RunTime:0.000016s ]
INFO: [ app_init ] --END-- [ RunTime:0.000585s ]

[ 2016-10-20T10:59:13+08:00 ] ::1 /dawashop/admin.php/Admin/Productattr/addattr/id/4.html
INFO: [ app_init ] --START--
INFO: Run Behavior\BuildLiteBehavior [ RunTime:0.000015s ]
INFO: [ app_init ] --END-- [ RunTime:0.000633s ]

[ 2016-10-20T10:59:25+08:00 ] ::1 /dawashop/admin.php/Admin/Productattr/addattr/id/4.html
INFO: [ app_init ] --START--
INFO: Run Behavior\BuildLiteBehavior [ RunTime:0.000022s ]
INFO: [ app_init ] --END-- [ RunTime:0.000670s ]

[ 2016-10-20T10:59:34+08:00 ] ::1 /dawashop/admin.php/Admin/Productattr/addattr/id/4.html
INFO: [ app_init ] --START--
INFO: Run Behavior\BuildLiteBehavior [ RunTime:0.000021s ]
INFO: [ app_init ] --END-- [ RunTime:0.000692s ]

[ 2016-10-20T10:59:43+08:00 ] ::1 /dawashop/admin.php/Admin/Productattr/index.html
INFO: [ app_init ] --START--
INFO: Run Behavior\BuildLiteBehavior [ RunTime:0.000016s ]
INFO: [ app_init ] --END-- [ RunTime:0.000681s ]

[ 2016-10-20T10:59:46+08:00 ] ::1 /dawashop/admin.php/Admin/Productattr/index.html
INFO: [ app_init ] --START--
INFO: Run Behavior\BuildLiteBehavior [ RunTime:0.000014s ]
INFO: [ app_init ] --END-- [ RunTime:0.000553s ]

[ 2016-10-20T10:59:47+08:00 ] ::1 /dawashop/admin.php/Admin/Productattr/addattr/id/6.html
INFO: [ app_init ] --START--
INFO: Run Behavior\BuildLiteBehavior [ RunTime:0.000013s ]
INFO: [ app_init ] --END-- [ RunTime:0.000556s ]

[ 2016-10-20T11:00:19+08:00 ] ::1 /dawashop/admin.php/Admin/Productattr/addattr/id/6.html
INFO: [ app_init ] --START--
INFO: Run Behavior\BuildLiteBehavior [ RunTime:0.000015s ]
INFO: [ app_init ] --END-- [ RunTime:0.000566s ]

[ 2016-10-20T11:00:32+08:00 ] ::1 /dawashop/admin.php/Admin/Productattr/addattr/id/6.html
INFO: [ app_init ] --START--
INFO: Run Behavior\BuildLiteBehavior [ RunTime:0.000014s ]
INFO: [ app_init ] --END-- [ RunTime:0.000567s ]

[ 2016-10-20T12:37:31+08:00 ] ::1 /dawashop/admin.php/Admin/Productattr/addattr/id/6.html
INFO: [ app_init ] --START--
INFO: Run Behavior\BuildLiteBehavior [ RunTime:0.000022s ]
INFO: [ app_init ] --END-- [ RunTime:0.012683s ]

[ 2016-10-20T12:39:05+08:00 ] ::1 /dawashop/admin.php/Admin/Productattr/index.html
INFO: [ app_init ] --START--
INFO: Run Behavior\BuildLiteBehavior [ RunTime:0.000018s ]
INFO: [ app_init ] --END-- [ RunTime:0.001261s ]

[ 2016-10-20T12:39:12+08:00 ] ::1 /dawashop/admin.php/Admin/Productattr/addattr/id/5.html
INFO: [ app_init ] --START--
INFO: Run Behavior\BuildLiteBehavior [ RunTime:0.000015s ]
INFO: [ app_init ] --END-- [ RunTime:0.000584s ]

[ 2016-10-20T12:39:23+08:00 ] ::1 /dawashop/admin.php/Admin/Productattr/getattr
INFO: [ app_init ] --START--
INFO: Run Behavior\BuildLiteBehavior [ RunTime:0.000014s ]
INFO: [ app_init ] --END-- [ RunTime:0.000569s ]
INFO: [ app_begin ] --START--
INFO: Run Behavior\ReadHtmlCacheBehavior [ RunTime:0.000725s ]
INFO: [ app_begin ] --END-- [ RunTime:0.000779s ]
INFO: [ app_end ] --START--
INFO: Run Behavior\ShowPageTraceBehavior [ RunTime:0.000717s ]
INFO: [ app_end ] --END-- [ RunTime:0.000763s ]

[ 2016-10-20T21:09:31+08:00 ] ::1 /dawashop/admin.php/Admin/Productattr/index.html
INFO: [ app_init ] --START--
INFO: Run Behavior\BuildLiteBehavior [ RunTime:0.000018s ]
INFO: [ app_init ] --END-- [ RunTime:0.021282s ]

[ 2016-10-20T21:10:42+08:00 ] ::1 /dawashop/admin.php/Admin/Productattr/addattr/id/4.html
INFO: [ app_init ] --START--
INFO: Run Behavior\BuildLiteBehavior [ RunTime:0.000022s ]
INFO: [ app_init ] --END-- [ RunTime:0.000684s ]

[ 2016-10-20T21:11:03+08:00 ] ::1 /dawashop/admin.php/Admin/Productattr/getattr
INFO: [ app_init ] --START--
INFO: Run Behavior\BuildLiteBehavior [ RunTime:0.000017s ]
INFO: [ app_init ] --END-- [ RunTime:0.000889s ]
INFO: [ app_begin ] --START--
INFO: Run Behavior\ReadHtmlCacheBehavior [ RunTime:0.000846s ]
INFO: [ app_begin ] --END-- [ RunTime:0.000909s ]
INFO: [ app_end ] --START--
INFO: Run Behavior\ShowPageTraceBehavior [ RunTime:0.000748s ]
INFO: [ app_end ] --END-- [ RunTime:0.000800s ]

[ 2016-10-20T21:13:31+08:00 ] ::1 /dawashop/admin.php/Admin/Productattr/addattr/id/4.html
INFO: [ app_init ] --START--
INFO: Run Behavior\BuildLiteBehavior [ RunTime:0.000024s ]
INFO: [ app_init ] --END-- [ RunTime:0.000876s ]

[ 2016-10-20T21:13:39+08:00 ] ::1 /dawashop/admin.php/Admin/Productattr/getattr
INFO: [ app_init ] --START--
INFO: Run Behavior\BuildLiteBehavior [ RunTime:0.000016s ]
INFO: [ app_init ] --END-- [ RunTime:0.000583s ]
INFO: [ app_begin ] --START--
INFO: Run Behavior\ReadHtmlCacheBehavior [ RunTime:0.001046s ]
INFO: [ app_begin ] --END-- [ RunTime:0.001098s ]
INFO: [ app_end ] --START--
INFO: Run Behavior\ShowPageTraceBehavior [ RunTime:0.000982s ]
INFO: [ app_end ] --END-- [ RunTime:0.001037s ]

[ 2016-10-20T21:14:11+08:00 ] ::1 /dawashop/admin.php/Admin/Productattr/addattr/id/4.html
INFO: [ app_init ] --START--
INFO: Run Behavior\BuildLiteBehavior [ RunTime:0.000016s ]
INFO: [ app_init ] --END-- [ RunTime:0.000509s ]

[ 2016-10-20T21:14:19+08:00 ] ::1 /dawashop/admin.php/Admin/Productattr/getattr
INFO: [ app_init ] --START--
INFO: Run Behavior\BuildLiteBehavior [ RunTime:0.000017s ]
INFO: [ app_init ] --END-- [ RunTime:0.000580s ]
INFO: [ app_begin ] --START--
INFO: Run Behavior\ReadHtmlCacheBehavior [ RunTime:0.000715s ]
INFO: [ app_begin ] --END-- [ RunTime:0.000767s ]
NOTIC: [8] Array to string conversion C:\AppServ\www\dawashop\dawashop\Admin\Controller\ProductattrController.class.php 第 47 行.
INFO: [ app_end ] --START--
INFO: Run Behavior\ShowPageTraceBehavior [ RunTime:0.000717s ]
INFO: [ app_end ] --END-- [ RunTime:0.000760s ]

[ 2016-10-20T21:14:37+08:00 ] ::1 /dawashop/admin.php/Admin/Productattr/addattr/id/4.html
INFO: [ app_init ] --START--
INFO: Run Behavior\BuildLiteBehavior [ RunTime:0.000018s ]
INFO: [ app_init ] --END-- [ RunTime:0.000674s ]

[ 2016-10-20T21:14:45+08:00 ] ::1 /dawashop/admin.php/Admin/Productattr/getattr
INFO: [ app_init ] --START--
INFO: Run Behavior\BuildLiteBehavior [ RunTime:0.000015s ]
INFO: [ app_init ] --END-- [ RunTime:0.000577s ]
INFO: [ app_begin ] --START--
INFO: Run Behavior\ReadHtmlCacheBehavior [ RunTime:0.000780s ]
INFO: [ app_begin ] --END-- [ RunTime:0.000841s ]
INFO: [ app_end ] --START--
INFO: Run Behavior\ShowPageTraceBehavior [ RunTime:0.000716s ]
INFO: [ app_end ] --END-- [ RunTime:0.000762s ]

[ 2016-10-20T21:15:48+08:00 ] ::1 /dawashop/admin.php/Admin/Productattr/getattr
INFO: [ app_init ] --START--
INFO: Run Behavior\BuildLiteBehavior [ RunTime:0.000014s ]
INFO: [ app_init ] --END-- [ RunTime:0.000555s ]
INFO: [ app_begin ] --START--
INFO: Run Behavior\ReadHtmlCacheBehavior [ RunTime:0.001034s ]
INFO: [ app_begin ] --END-- [ RunTime:0.001085s ]
INFO: [ app_end ] --START--
INFO: Run Behavior\ShowPageTraceBehavior [ RunTime:0.000927s ]
INFO: [ app_end ] --END-- [ RunTime:0.000974s ]

[ 2016-10-20T21:15:52+08:00 ] ::1 /dawashop/admin.php/Admin/Productattr/getattr
INFO: [ app_init ] --START--
INFO: Run Behavior\BuildLiteBehavior [ RunTime:0.000018s ]
INFO: [ app_init ] --END-- [ RunTime:0.000723s ]
INFO: [ app_begin ] --START--
INFO: Run Behavior\ReadHtmlCacheBehavior [ RunTime:0.000927s ]
INFO: [ app_begin ] --END-- [ RunTime:0.000995s ]
INFO: [ app_end ] --START--
INFO: Run Behavior\ShowPageTraceBehavior [ RunTime:0.000936s ]
INFO: [ app_end ] --END-- [ RunTime:0.001001s ]

[ 2016-10-20T21:16:07+08:00 ] ::1 /dawashop/admin.php/Admin/Productattr/addattr/id/4.html
INFO: [ app_init ] --START--
INFO: Run Behavior\BuildLiteBehavior [ RunTime:0.000016s ]
INFO: [ app_init ] --END-- [ RunTime:0.000577s ]

[ 2016-10-20T21:16:09+08:00 ] ::1 /dawashop/admin.php/Admin/Productattr/getattr
INFO: [ app_init ] --START--
INFO: Run Behavior\BuildLiteBehavior [ RunTime:0.000015s ]
INFO: [ app_init ] --END-- [ RunTime:0.000588s ]
INFO: [ app_begin ] --START--
INFO: Run Behavior\ReadHtmlCacheBehavior [ RunTime:0.001041s ]
INFO: [ app_begin ] --END-- [ RunTime:0.001093s ]
INFO: [ app_end ] --START--
INFO: Run Behavior\ShowPageTraceBehavior [ RunTime:0.000927s ]
INFO: [ app_end ] --END-- [ RunTime:0.000975s ]

[ 2016-10-20T21:19:31+08:00 ] ::1 /dawashop/admin.php/Admin/Productattr/getattr
INFO: [ app_init ] --START--
INFO: Run Behavior\BuildLiteBehavior [ RunTime:0.000014s ]
INFO: [ app_init ] --END-- [ RunTime:0.000584s ]
INFO: [ app_begin ] --START--
INFO: Run Behavior\ReadHtmlCacheBehavior [ RunTime:0.001108s ]
INFO: [ app_begin ] --END-- [ RunTime:0.001159s ]
INFO: [ app_end ] --START--
INFO: Run Behavior\ShowPageTraceBehavior [ RunTime:0.001000s ]
INFO: [ app_end ] --END-- [ RunTime:0.001052s ]

[ 2016-10-20T21:20:09+08:00 ] ::1 /dawashop/admin.php/Admin/Productattr/getattr
INFO: [ app_init ] --START--
INFO: Run Behavior\BuildLiteBehavior [ RunTime:0.000021s ]
INFO: [ app_init ] --END-- [ RunTime:0.000670s ]
INFO: [ app_begin ] --START--
INFO: Run Behavior\ReadHtmlCacheBehavior [ RunTime:0.000755s ]
INFO: [ app_begin ] --END-- [ RunTime:0.000810s ]
INFO: [ app_end ] --START--
INFO: Run Behavior\ShowPageTraceBehavior [ RunTime:0.000714s ]
INFO: [ app_end ] --END-- [ RunTime:0.000765s ]

[ 2016-10-20T21:22:45+08:00 ] ::1 /dawashop/admin.php/Admin/Productattr/addattr/id/4.html
INFO: [ app_init ] --START--
INFO: Run Behavior\BuildLiteBehavior [ RunTime:0.000016s ]
INFO: [ app_init ] --END-- [ RunTime:0.000628s ]

[ 2016-10-20T21:23:06+08:00 ] ::1 /dawashop/admin.php/Admin/Productattr/getattr
INFO: [ app_init ] --START--
INFO: Run Behavior\BuildLiteBehavior [ RunTime:0.000014s ]
INFO: [ app_init ] --END-- [ RunTime:0.000439s ]
INFO: [ app_begin ] --START--
INFO: Run Behavior\ReadHtmlCacheBehavior [ RunTime:0.000703s ]
INFO: [ app_begin ] --END-- [ RunTime:0.000753s ]
INFO: [ app_end ] --START--
INFO: Run Behavior\ShowPageTraceBehavior [ RunTime:0.000699s ]
INFO: [ app_end ] --END-- [ RunTime:0.000776s ]

[ 2016-10-20T21:35:11+08:00 ] ::1 /dawashop/admin.php/Admin/Productattr/getattr
INFO: [ app_init ] --START--
INFO: Run Behavior\BuildLiteBehavior [ RunTime:0.000014s ]
INFO: [ app_init ] --END-- [ RunTime:0.000557s ]
INFO: [ app_begin ] --START--
INFO: Run Behavior\ReadHtmlCacheBehavior [ RunTime:0.001048s ]
INFO: [ app_begin ] --END-- [ RunTime:0.001100s ]
SQL: SHOW COLUMNS FROM `think_product_attr` [ RunTime:0.0011s ]
SQL: SELECT * FROM `think_product_attr` WHERE ( attr_name= '' )  [ RunTime:0.0004s ]
NOTIC: [8] Undefined variable: data C:\AppServ\www\dawashop\dawashop\Admin\Controller\ProductattrController.class.php 第 52 行.

[ 2016-10-20T21:36:53+08:00 ] ::1 /dawashop/admin.php/Admin/Productattr/getattr
INFO: [ app_init ] --START--
INFO: Run Behavior\BuildLiteBehavior [ RunTime:0.000018s ]
INFO: [ app_init ] --END-- [ RunTime:0.000499s ]
INFO: [ app_begin ] --START--
INFO: Run Behavior\ReadHtmlCacheBehavior [ RunTime:0.000740s ]
INFO: [ app_begin ] --END-- [ RunTime:0.000796s ]
SQL: SHOW COLUMNS FROM `think_product_attr` [ RunTime:0.0851s ]
SQL: SELECT * FROM `think_product_attr` WHERE ( attr_name= '' )  [ RunTime:0.0004s ]
SQL: INSERT INTO `think_product_attr` (`attrgroup_id`,`attr_name`) VALUES ('4','') [ RunTime:0.1380s ]

[ 2016-10-20T21:37:11+08:00 ] ::1 /dawashop/admin.php/Admin/Productattr/getattr
INFO: [ app_init ] --START--
INFO: Run Behavior\BuildLiteBehavior [ RunTime:0.000014s ]
INFO: [ app_init ] --END-- [ RunTime:0.000451s ]
INFO: [ app_begin ] --START--
INFO: Run Behavior\ReadHtmlCacheBehavior [ RunTime:0.000721s ]
INFO: [ app_begin ] --END-- [ RunTime:0.000771s ]
SQL: SHOW COLUMNS FROM `think_product_attr` [ RunTime:0.0008s ]
SQL: SELECT * FROM `think_product_attr` WHERE ( attr_name= '' )  [ RunTime:0.0003s ]

[ 2016-10-20T21:41:56+08:00 ] ::1 /dawashop/admin.php/Admin/Productattr/getattr
INFO: [ app_init ] --START--
INFO: Run Behavior\BuildLiteBehavior [ RunTime:0.000016s ]
INFO: [ app_init ] --END-- [ RunTime:0.000562s ]
INFO: [ app_begin ] --START--
INFO: Run Behavior\ReadHtmlCacheBehavior [ RunTime:0.001053s ]
INFO: [ app_begin ] --END-- [ RunTime:0.001105s ]
SQL: SHOW COLUMNS FROM `think_product_attr` [ RunTime:0.0009s ]
SQL: SELECT * FROM `think_product_attr` WHERE ( attr_name= '老白金系列' )  [ RunTime:0.0004s ]
SQL: INSERT INTO `think_product_attr` (`attrgroup_id`,`attr_name`) VALUES ('4','老白金系列') [ RunTime:0.1631s ]

[ 2016-10-20T22:00:43+08:00 ] ::1 /dawashop/admin.php/Admin/Productattr/addattr/id/4.html
INFO: [ app_init ] --START--
INFO: Run Behavior\BuildLiteBehavior [ RunTime:0.000023s ]
INFO: [ app_init ] --END-- [ RunTime:0.000964s ]

[ 2016-10-20T22:00:46+08:00 ] ::1 /dawashop/admin.php/Admin/Productattr/getattr
INFO: [ app_init ] --START--
INFO: Run Behavior\BuildLiteBehavior [ RunTime:0.000027s ]
INFO: [ app_init ] --END-- [ RunTime:0.000958s ]
INFO: [ app_begin ] --START--
INFO: Run Behavior\ReadHtmlCacheBehavior [ RunTime:0.001596s ]
INFO: [ app_begin ] --END-- [ RunTime:0.001705s ]

[ 2016-10-20T22:01:01+08:00 ] ::1 /dawashop/admin.php/Admin/Productattr/getattr
INFO: [ app_init ] --START--
INFO: Run Behavior\BuildLiteBehavior [ RunTime:0.000025s ]
INFO: [ app_init ] --END-- [ RunTime:0.000948s ]
INFO: [ app_begin ] --START--
INFO: Run Behavior\ReadHtmlCacheBehavior [ RunTime:0.001710s ]
INFO: [ app_begin ] --END-- [ RunTime:0.001912s ]
SQL: SHOW COLUMNS FROM `think_product_attr` [ RunTime:0.0837s ]
SQL: SELECT * FROM `think_product_attr` WHERE ( attr_name= '口服液' )  [ RunTime:0.0077s ]
SQL: INSERT INTO `think_product_attr` (`attrgroup_id`,`attr_name`) VALUES ('4','口服液') [ RunTime:0.0766s ]

[ 2016-10-20T22:01:25+08:00 ] ::1 /dawashop/admin.php/Admin/Productattr/index.html
INFO: [ app_init ] --START--
INFO: Run Behavior\BuildLiteBehavior [ RunTime:0.000015s ]
INFO: [ app_init ] --END-- [ RunTime:0.000577s ]

[ 2016-10-20T22:01:31+08:00 ] ::1 /dawashop/admin.php/Admin/Productattr/index.html
INFO: [ app_init ] --START--
INFO: Run Behavior\BuildLiteBehavior [ RunTime:0.000026s ]
INFO: [ app_init ] --END-- [ RunTime:0.001305s ]

[ 2016-10-20T22:12:47+08:00 ] ::1 /dawashop/admin.php/Admin/Productattr/index.html
INFO: [ app_init ] --START--
INFO: Run Behavior\BuildLiteBehavior [ RunTime:0.000017s ]
INFO: [ app_init ] --END-- [ RunTime:0.000667s ]

[ 2016-10-20T22:18:09+08:00 ] ::1 /dawashop/admin.php/Admin/Productattr/index.html
INFO: [ app_init ] --START--
INFO: Run Behavior\BuildLiteBehavior [ RunTime:0.000018s ]
INFO: [ app_init ] --END-- [ RunTime:0.000628s ]

[ 2016-10-20T22:18:22+08:00 ] ::1 /dawashop/admin.php/Admin/Productattr/addattr/id/2.html
INFO: [ app_init ] --START--
INFO: Run Behavior\BuildLiteBehavior [ RunTime:0.000077s ]
INFO: [ app_init ] --END-- [ RunTime:0.001501s ]

[ 2016-10-20T22:18:28+08:00 ] ::1 /dawashop/admin.php/Admin/Productattr/getattr
INFO: [ app_init ] --START--
INFO: Run Behavior\BuildLiteBehavior [ RunTime:0.000026s ]
INFO: [ app_init ] --END-- [ RunTime:0.001030s ]
INFO: [ app_begin ] --START--
INFO: Run Behavior\ReadHtmlCacheBehavior [ RunTime:0.001430s ]
INFO: [ app_begin ] --END-- [ RunTime:0.001547s ]
SQL: SHOW COLUMNS FROM `think_product_attr` [ RunTime:0.0010s ]
SQL: SELECT * FROM `think_product_attr` WHERE ( attr_name= '西装' )  [ RunTime:0.0004s ]
SQL: INSERT INTO `think_product_attr` (`attrgroup_id`,`attr_name`) VALUES ('2','西装') [ RunTime:0.1037s ]

[ 2016-10-20T22:18:32+08:00 ] ::1 /dawashop/admin.php/Admin/Productattr/index.html
INFO: [ app_init ] --START--
INFO: Run Behavior\BuildLiteBehavior [ RunTime:0.000024s ]
INFO: [ app_init ] --END-- [ RunTime:0.000979s ]

[ 2016-10-20T22:20:02+08:00 ] ::1 /dawashop/admin.php/Admin/Productattr/index.html
INFO: [ app_init ] --START--
INFO: Run Behavior\BuildLiteBehavior [ RunTime:0.000016s ]
INFO: [ app_init ] --END-- [ RunTime:0.000592s ]

[ 2016-10-20T22:20:06+08:00 ] ::1 /dawashop/admin.php/Admin/Productattr/index/p/2.html
INFO: [ app_init ] --START--
INFO: Run Behavior\BuildLiteBehavior [ RunTime:0.000014s ]
INFO: [ app_init ] --END-- [ RunTime:0.000553s ]

[ 2016-10-20T22:20:08+08:00 ] ::1 /dawashop/admin.php/Admin/Productattr/index/p/1.html
INFO: [ app_init ] --START--
INFO: Run Behavior\BuildLiteBehavior [ RunTime:0.000015s ]
INFO: [ app_init ] --END-- [ RunTime:0.000552s ]

[ 2016-10-20T22:20:22+08:00 ] ::1 /dawashop/admin.php/Admin/Productattr/addattr/id/15.html
INFO: [ app_init ] --START--
INFO: Run Behavior\BuildLiteBehavior [ RunTime:0.000015s ]
INFO: [ app_init ] --END-- [ RunTime:0.000589s ]

[ 2016-10-20T22:20:33+08:00 ] ::1 /dawashop/admin.php/Admin/Productattr/getattr
INFO: [ app_init ] --START--
INFO: Run Behavior\BuildLiteBehavior [ RunTime:0.000014s ]
INFO: [ app_init ] --END-- [ RunTime:0.000574s ]
INFO: [ app_begin ] --START--
INFO: Run Behavior\ReadHtmlCacheBehavior [ RunTime:0.000726s ]
INFO: [ app_begin ] --END-- [ RunTime:0.000779s ]
SQL: SHOW COLUMNS FROM `think_product_attr` [ RunTime:0.0725s ]
SQL: SELECT * FROM `think_product_attr` WHERE ( attr_name= '领带' )  [ RunTime:0.0003s ]
SQL: INSERT INTO `think_product_attr` (`attrgroup_id`,`attr_name`) VALUES ('15','领带') [ RunTime:0.0797s ]

[ 2016-10-20T22:20:36+08:00 ] ::1 /dawashop/admin.php/Admin/Productattr/index.html
INFO: [ app_init ] --START--
INFO: Run Behavior\BuildLiteBehavior [ RunTime:0.000029s ]
INFO: [ app_init ] --END-- [ RunTime:0.001205s ]

[ 2016-10-20T22:20:38+08:00 ] ::1 /dawashop/admin.php/Admin/Productattr/index/p/2.html
INFO: [ app_init ] --START--
INFO: Run Behavior\BuildLiteBehavior [ RunTime:0.000016s ]
INFO: [ app_init ] --END-- [ RunTime:0.000636s ]

[ 2016-10-20T22:20:40+08:00 ] ::1 /dawashop/admin.php/Admin/Productattr/index/p/1.html
INFO: [ app_init ] --START--
INFO: Run Behavior\BuildLiteBehavior [ RunTime:0.000014s ]
INFO: [ app_init ] --END-- [ RunTime:0.000567s ]

[ 2016-10-20T22:20:47+08:00 ] ::1 /dawashop/admin.php/Admin/Productattr/index.html
INFO: [ app_init ] --START--
INFO: Run Behavior\BuildLiteBehavior [ RunTime:0.000013s ]
INFO: [ app_init ] --END-- [ RunTime:0.000560s ]

[ 2016-10-20T22:20:53+08:00 ] ::1 /dawashop/admin.php/Admin/Productattr/addattr/id/15.html
INFO: [ app_init ] --START--
INFO: Run Behavior\BuildLiteBehavior [ RunTime:0.000014s ]
INFO: [ app_init ] --END-- [ RunTime:0.000577s ]

[ 2016-10-20T22:20:58+08:00 ] ::1 /dawashop/admin.php/Admin/Productattr/getattr
INFO: [ app_init ] --START--
INFO: Run Behavior\BuildLiteBehavior [ RunTime:0.000015s ]
INFO: [ app_init ] --END-- [ RunTime:0.000569s ]
INFO: [ app_begin ] --START--
INFO: Run Behavior\ReadHtmlCacheBehavior [ RunTime:0.000736s ]
INFO: [ app_begin ] --END-- [ RunTime:0.000786s ]
SQL: SHOW COLUMNS FROM `think_product_attr` [ RunTime:0.0009s ]
SQL: SELECT * FROM `think_product_attr` WHERE ( attr_name= '领带' )  [ RunTime:0.0849s ]

[ 2016-10-20T22:21:01+08:00 ] ::1 /dawashop/admin.php/Admin/Productattr/index.html
INFO: [ app_init ] --START--
INFO: Run Behavior\BuildLiteBehavior [ RunTime:0.000016s ]
INFO: [ app_init ] --END-- [ RunTime:0.000719s ]

[ 2016-10-20T22:21:04+08:00 ] ::1 /dawashop/admin.php/Admin/Productattr/index/p/2.html
INFO: [ app_init ] --START--
INFO: Run Behavior\BuildLiteBehavior [ RunTime:0.000026s ]
INFO: [ app_init ] --END-- [ RunTime:0.000842s ]

[ 2016-10-20T22:21:07+08:00 ] ::1 /dawashop/admin.php/Admin/Productattr/index/p/1.html
INFO: [ app_init ] --START--
INFO: Run Behavior\BuildLiteBehavior [ RunTime:0.000014s ]
INFO: [ app_init ] --END-- [ RunTime:0.000563s ]

[ 2016-10-20T22:21:12+08:00 ] ::1 /dawashop/admin.php/Admin/Productattr/index/p/1.html
INFO: [ app_init ] --START--
INFO: Run Behavior\BuildLiteBehavior [ RunTime:0.000028s ]
INFO: [ app_init ] --END-- [ RunTime:0.001044s ]

[ 2016-10-20T22:21:44+08:00 ] ::1 /dawashop/admin.php/Admin/Productattr/index/p/2.html
INFO: [ app_init ] --START--
INFO: Run Behavior\BuildLiteBehavior [ RunTime:0.000015s ]
INFO: [ app_init ] --END-- [ RunTime:0.000574s ]

[ 2016-10-20T22:21:47+08:00 ] ::1 /dawashop/admin.php/Admin/Productattr/index/p/1.html
INFO: [ app_init ] --START--
INFO: Run Behavior\BuildLiteBehavior [ RunTime:0.000015s ]
INFO: [ app_init ] --END-- [ RunTime:0.000592s ]

[ 2016-10-20T22:22:23+08:00 ] ::1 /dawashop/admin.php/Admin/Productattr/index.html
INFO: [ app_init ] --START--
INFO: Run Behavior\BuildLiteBehavior [ RunTime:0.000017s ]
INFO: [ app_init ] --END-- [ RunTime:0.000567s ]

[ 2016-10-20T22:23:19+08:00 ] ::1 /dawashop/admin.php/Admin/Productattr/index.html
INFO: [ app_init ] --START--
INFO: Run Behavior\BuildLiteBehavior [ RunTime:0.000024s ]
INFO: [ app_init ] --END-- [ RunTime:0.001050s ]

[ 2016-10-20T22:25:39+08:00 ] ::1 /dawashop/admin.php/Admin/Productattr/index.html
INFO: [ app_init ] --START--
INFO: Run Behavior\BuildLiteBehavior [ RunTime:0.000015s ]
INFO: [ app_init ] --END-- [ RunTime:0.000594s ]

[ 2016-10-20T23:18:45+08:00 ] ::1 /dawashop/admin.php/Admin/Productattr/index.html
INFO: [ app_init ] --START--
INFO: Run Behavior\BuildLiteBehavior [ RunTime:0.000020s ]
INFO: [ app_init ] --END-- [ RunTime:0.011575s ]

[ 2016-10-20T23:18:47+08:00 ] ::1 /dawashop/admin.php/Admin/Productattr/index/p/2.html
INFO: [ app_init ] --START--
INFO: Run Behavior\BuildLiteBehavior [ RunTime:0.000015s ]
INFO: [ app_init ] --END-- [ RunTime:0.000581s ]

[ 2016-10-20T23:18:49+08:00 ] ::1 /dawashop/admin.php/Admin/Productattr/index/p/1.html
INFO: [ app_init ] --START--
INFO: Run Behavior\BuildLiteBehavior [ RunTime:0.000020s ]
INFO: [ app_init ] --END-- [ RunTime:0.001092s ]

[ 2016-10-20T23:22:28+08:00 ] ::1 /dawashop/admin.php/Admin/Productattr/index/p/1.html
INFO: [ app_init ] --START--
INFO: Run Behavior\BuildLiteBehavior [ RunTime:0.000028s ]
INFO: [ app_init ] --END-- [ RunTime:0.000988s ]

[ 2016-10-20T23:24:19+08:00 ] ::1 /dawashop/admin.php/Admin/Productattr/index/p/1.html
INFO: [ app_init ] --START--
INFO: Run Behavior\BuildLiteBehavior [ RunTime:0.000023s ]
INFO: [ app_init ] --END-- [ RunTime:0.001007s ]

[ 2016-10-20T23:25:33+08:00 ] ::1 /dawashop/admin.php/Admin/Productattr/index/p/1.html
INFO: [ app_init ] --START--
INFO: Run Behavior\BuildLiteBehavior [ RunTime:0.000017s ]
INFO: [ app_init ] --END-- [ RunTime:0.000640s ]

[ 2016-10-20T23:25:58+08:00 ] ::1 /dawashop/admin.php/Admin/Productattr/index/p/1.html
INFO: [ app_init ] --START--
INFO: Run Behavior\BuildLiteBehavior [ RunTime:0.000016s ]
INFO: [ app_init ] --END-- [ RunTime:0.000717s ]

[ 2016-10-20T23:26:10+08:00 ] ::1 /dawashop/admin.php/Admin/Productattr/index/p/1.html
INFO: [ app_init ] --START--
INFO: Run Behavior\BuildLiteBehavior [ RunTime:0.000020s ]
INFO: [ app_init ] --END-- [ RunTime:0.000606s ]

[ 2016-10-20T23:30:19+08:00 ] ::1 /dawashop/admin.php/Admin/Productattr/index/p/1.html
INFO: [ app_init ] --START--
INFO: Run Behavior\BuildLiteBehavior [ RunTime:0.000025s ]
INFO: [ app_init ] --END-- [ RunTime:0.001143s ]

[ 2016-10-20T23:30:58+08:00 ] ::1 /dawashop/admin.php/Admin/Productattr/index/p/1.html
INFO: [ app_init ] --START--
INFO: Run Behavior\BuildLiteBehavior [ RunTime:0.000016s ]
INFO: [ app_init ] --END-- [ RunTime:0.000590s ]

[ 2016-10-20T23:40:02+08:00 ] ::1 /dawashop/admin.php/Admin/Productattr/addattr/id/6.html
INFO: [ app_init ] --START--
INFO: Run Behavior\BuildLiteBehavior [ RunTime:0.000016s ]
INFO: [ app_init ] --END-- [ RunTime:0.000577s ]

[ 2016-10-20T23:44:16+08:00 ] ::1 /dawashop/admin.php/Admin/Productattr/add.html
INFO: [ app_init ] --START--
INFO: Run Behavior\BuildLiteBehavior [ RunTime:0.000015s ]
INFO: [ app_init ] --END-- [ RunTime:0.000607s ]

[ 2016-10-20T23:44:23+08:00 ] ::1 /dawashop/admin.php/Admin/Productattr/index.html
INFO: [ app_init ] --START--
INFO: Run Behavior\BuildLiteBehavior [ RunTime:0.000020s ]
INFO: [ app_init ] --END-- [ RunTime:0.001317s ]

[ 2016-10-20T23:44:27+08:00 ] ::1 /dawashop/admin.php/Admin/Productattr/addattr/id/4.html
INFO: [ app_init ] --START--
INFO: Run Behavior\BuildLiteBehavior [ RunTime:0.000015s ]
INFO: [ app_init ] --END-- [ RunTime:0.000685s ]

[ 2016-10-20T23:48:48+08:00 ] ::1 /dawashop/admin.php/Admin/Productattr/user-delete.html?id=1
INFO: [ app_init ] --START--
INFO: Run Behavior\BuildLiteBehavior [ RunTime:0.000016s ]
INFO: [ app_init ] --END-- [ RunTime:0.000641s ]
ERR: 非法操作:user-delete

[ 2016-10-20T23:49:30+08:00 ] ::1 /dawashop/admin.php/Admin/Productattr/index.html
INFO: [ app_init ] --START--
INFO: Run Behavior\BuildLiteBehavior [ RunTime:0.000023s ]
INFO: [ app_init ] --END-- [ RunTime:0.000628s ]

[ 2016-10-20T23:49:32+08:00 ] ::1 /dawashop/admin.php/Admin/Productattr/del/id/6.html
INFO: [ app_init ] --START--
INFO: Run Behavior\BuildLiteBehavior [ RunTime:0.000016s ]
INFO: [ app_init ] --END-- [ RunTime:0.000487s ]
ERR: 非法操作:del

[ 2016-10-20T23:49:56+08:00 ] ::1 /dawashop/admin.php/Admin/Productattr/del/id/6.html
INFO: [ app_init ] --START--
INFO: Run Behavior\BuildLiteBehavior [ RunTime:0.000016s ]
INFO: [ app_init ] --END-- [ RunTime:0.000588s ]
ERR: 非法操作:del

[ 2016-10-20T23:49:58+08:00 ] ::1 /dawashop/admin.php/Admin/Productattr/del/id/6.html
INFO: [ app_init ] --START--
INFO: Run Behavior\BuildLiteBehavior [ RunTime:0.000020s ]
INFO: [ app_init ] --END-- [ RunTime:0.000466s ]
ERR: 非法操作:del

[ 2016-10-20T23:50:00+08:00 ] ::1 /dawashop/admin.php/Admin/Productattr/index.html
INFO: [ app_init ] --START--
INFO: Run Behavior\BuildLiteBehavior [ RunTime:0.000015s ]
INFO: [ app_init ] --END-- [ RunTime:0.000484s ]

[ 2016-10-20T23:50:01+08:00 ] ::1 /dawashop/admin.php/Admin/Productattr/delattr/id/6.html
INFO: [ app_init ] --START--
INFO: Run Behavior\BuildLiteBehavior [ RunTime:0.000015s ]
INFO: [ app_init ] --END-- [ RunTime:0.000456s ]

[ 2016-10-20T23:50:09+08:00 ] ::1 /dawashop/admin.php/Admin/Productattr/delattr/id/4.html
INFO: [ app_init ] --START--
INFO: Run Behavior\BuildLiteBehavior [ RunTime:0.000015s ]
INFO: [ app_init ] --END-- [ RunTime:0.000468s ]

[ 2016-10-20T23:50:13+08:00 ] ::1 /dawashop/admin.php/Admin/Productattr/delattr/id/5.html
INFO: [ app_init ] --START--
INFO: Run Behavior\BuildLiteBehavior [ RunTime:0.000017s ]
INFO: [ app_init ] --END-- [ RunTime:0.000853s ]

[ 2016-10-20T23:50:24+08:00 ] ::1 /dawashop/admin.php/Admin/Productattr/index.html
INFO: [ app_init ] --START--
INFO: Run Behavior\BuildLiteBehavior [ RunTime:0.000018s ]
INFO: [ app_init ] --END-- [ RunTime:0.000928s ]

[ 2016-10-20T23:50:26+08:00 ] ::1 /dawashop/admin.php/Admin/Productattr/delattr/id/6.html
INFO: [ app_init ] --START--
INFO: Run Behavior\BuildLiteBehavior [ RunTime:0.000015s ]
INFO: [ app_init ] --END-- [ RunTime:0.000480s ]

[ 2016-10-20T23:59:04+08:00 ] ::1 /dawashop/admin.php/Admin/Productattr/index.html
INFO: [ app_init ] --START--
INFO: Run Behavior\BuildLiteBehavior [ RunTime:0.000016s ]
INFO: [ app_init ] --END-- [ RunTime:0.000627s ]

[ 2016-10-20T23:59:08+08:00 ] ::1 /dawashop/admin.php/Admin/Productattr/delattr/id/12.html
INFO: [ app_init ] --START--
INFO: Run Behavior\BuildLiteBehavior [ RunTime:0.000014s ]
INFO: [ app_init ] --END-- [ RunTime:0.000442s ]

[ 2016-10-20T23:59:09+08:00 ] ::1 /dawashop/admin.php/Admin/Productattr/index.html
INFO: [ app_init ] --START--
INFO: Run Behavior\BuildLiteBehavior [ RunTime:0.000025s ]
INFO: [ app_init ] --END-- [ RunTime:0.000763s ]

