[ 2016-10-03T17:10:52+08:00 ] ::1 /dawashop/admin.php/Admin/user/add
INFO: [ app_init ] --START--
INFO: Run Behavior\BuildLiteBehavior [ RunTime:0.000025s ]
INFO: [ app_init ] --END-- [ RunTime:0.046603s ]

[ 2016-10-03T17:12:28+08:00 ] ::1 /dawashop/admin.php/Admin/user/index.html
INFO: [ app_init ] --START--
INFO: Run Behavior\BuildLiteBehavior [ RunTime:0.000016s ]
INFO: [ app_init ] --END-- [ RunTime:0.000583s ]

[ 2016-10-03T17:12:41+08:00 ] ::1 /dawashop/admin.php/Admin/User/add.html
INFO: [ app_init ] --START--
INFO: Run Behavior\BuildLiteBehavior [ RunTime:0.000015s ]
INFO: [ app_init ] --END-- [ RunTime:0.000597s ]

[ 2016-10-03T17:12:42+08:00 ] ::1 /dawashop/admin.php/Admin/User/index.html
INFO: [ app_init ] --START--
INFO: Run Behavior\BuildLiteBehavior [ RunTime:0.000016s ]
INFO: [ app_init ] --END-- [ RunTime:0.000573s ]

[ 2016-10-03T20:08:34+08:00 ] ::1 /dawashop/admin.php/Admin/User/productClass.html
INFO: [ app_init ] --START--
INFO: Run Behavior\BuildLiteBehavior [ RunTime:0.000020s ]
INFO: [ app_init ] --END-- [ RunTime:0.000788s ]
ERR: 非法操作:productClass

