[ 2016-10-16T00:03:36+08:00 ] ::1 /dawashop/admin.php/Admin/Productattr/getattrdata
INFO: [ app_init ] --START--
INFO: Run Behavior\BuildLiteBehavior [ RunTime:0.000025s ]
INFO: [ app_init ] --END-- [ RunTime:0.026377s ]

[ 2016-10-16T00:03:58+08:00 ] ::1 /dawashop/admin.php/Admin/Productattr/getattrdata
INFO: [ app_init ] --START--
INFO: Run Behavior\BuildLiteBehavior [ RunTime:0.000015s ]
INFO: [ app_init ] --END-- [ RunTime:0.000531s ]

[ 2016-10-16T00:04:29+08:00 ] ::1 /dawashop/admin.php/Admin/Productattr/getattrdata
INFO: [ app_init ] --START--
INFO: Run Behavior\BuildLiteBehavior [ RunTime:0.000015s ]
INFO: [ app_init ] --END-- [ RunTime:0.000452s ]

[ 2016-10-16T00:05:04+08:00 ] ::1 /dawashop/admin.php/Admin/Productattr/getattrdata
INFO: [ app_init ] --START--
INFO: Run Behavior\BuildLiteBehavior [ RunTime:0.000015s ]
INFO: [ app_init ] --END-- [ RunTime:0.000447s ]

[ 2016-10-16T00:05:18+08:00 ] ::1 /dawashop/admin.php/Admin/Productattr/getattrdata
INFO: [ app_init ] --START--
INFO: Run Behavior\BuildLiteBehavior [ RunTime:0.000015s ]
INFO: [ app_init ] --END-- [ RunTime:0.000487s ]

[ 2016-10-16T00:43:27+08:00 ] ::1 /dawashop/admin.php/Admin/Productattr/add.html
INFO: [ app_init ] --START--
INFO: Run Behavior\BuildLiteBehavior [ RunTime:0.000018s ]
INFO: [ app_init ] --END-- [ RunTime:0.000854s ]

[ 2016-10-16T00:43:29+08:00 ] ::1 /dawashop/admin.php/Admin/Productattr/add.html
INFO: [ app_init ] --START--
INFO: Run Behavior\BuildLiteBehavior [ RunTime:0.000015s ]
INFO: [ app_init ] --END-- [ RunTime:0.000554s ]

[ 2016-10-16T00:43:31+08:00 ] ::1 /dawashop/admin.php/Admin/Productattr/add.html
INFO: [ app_init ] --START--
INFO: Run Behavior\BuildLiteBehavior [ RunTime:0.000014s ]
INFO: [ app_init ] --END-- [ RunTime:0.000435s ]

[ 2016-10-16T00:43:31+08:00 ] ::1 /dawashop/admin.php/Admin/Productattr/add.html
INFO: [ app_init ] --START--
INFO: Run Behavior\BuildLiteBehavior [ RunTime:0.000015s ]
INFO: [ app_init ] --END-- [ RunTime:0.000454s ]

[ 2016-10-16T00:43:32+08:00 ] ::1 /dawashop/admin.php/Admin/Productattr/add.html
INFO: [ app_init ] --START--
INFO: Run Behavior\BuildLiteBehavior [ RunTime:0.000016s ]
INFO: [ app_init ] --END-- [ RunTime:0.000566s ]

[ 2016-10-16T00:43:46+08:00 ] ::1 /dawashop/admin.php/Admin/Productattr/add.html
INFO: [ app_init ] --START--
INFO: Run Behavior\BuildLiteBehavior [ RunTime:0.000015s ]
INFO: [ app_init ] --END-- [ RunTime:0.000439s ]

[ 2016-10-16T00:43:48+08:00 ] ::1 /dawashop/admin.php/Admin/Productattr/add.html
INFO: [ app_init ] --START--
INFO: Run Behavior\BuildLiteBehavior [ RunTime:0.000016s ]
INFO: [ app_init ] --END-- [ RunTime:0.000927s ]

[ 2016-10-16T00:43:49+08:00 ] ::1 /dawashop/admin.php/Admin/Productattr/add.html
INFO: [ app_init ] --START--
INFO: Run Behavior\BuildLiteBehavior [ RunTime:0.000014s ]
INFO: [ app_init ] --END-- [ RunTime:0.000437s ]

[ 2016-10-16T00:46:32+08:00 ] ::1 /dawashop/admin.php/Admin/Productattr/add.html
INFO: [ app_init ] --START--
INFO: Run Behavior\BuildLiteBehavior [ RunTime:0.000018s ]
INFO: [ app_init ] --END-- [ RunTime:0.000961s ]

[ 2016-10-16T00:49:02+08:00 ] ::1 /dawashop/admin.php/Admin/Productattr/add.html
INFO: [ app_init ] --START--
INFO: Run Behavior\BuildLiteBehavior [ RunTime:0.000017s ]
INFO: [ app_init ] --END-- [ RunTime:0.000706s ]

[ 2016-10-16T00:49:20+08:00 ] ::1 /dawashop/admin.php/Admin/Productattr/add.html
INFO: [ app_init ] --START--
INFO: Run Behavior\BuildLiteBehavior [ RunTime:0.000015s ]
INFO: [ app_init ] --END-- [ RunTime:0.000559s ]

[ 2016-10-16T00:49:30+08:00 ] ::1 /dawashop/admin.php/Admin/Productattr/add.html
INFO: [ app_init ] --START--
INFO: Run Behavior\BuildLiteBehavior [ RunTime:0.000016s ]
INFO: [ app_init ] --END-- [ RunTime:0.000454s ]

[ 2016-10-16T00:49:42+08:00 ] ::1 /dawashop/admin.php/Admin/Productattr/add.html
INFO: [ app_init ] --START--
INFO: Run Behavior\BuildLiteBehavior [ RunTime:0.000016s ]
INFO: [ app_init ] --END-- [ RunTime:0.000463s ]

[ 2016-10-16T00:49:57+08:00 ] ::1 /dawashop/admin.php/Admin/Productattr/add.html
INFO: [ app_init ] --START--
INFO: Run Behavior\BuildLiteBehavior [ RunTime:0.000015s ]
INFO: [ app_init ] --END-- [ RunTime:0.000452s ]

[ 2016-10-16T01:00:01+08:00 ] ::1 /dawashop/admin.php/Admin/Productattr/add.html
INFO: [ app_init ] --START--
INFO: Run Behavior\BuildLiteBehavior [ RunTime:0.000016s ]
INFO: [ app_init ] --END-- [ RunTime:0.000656s ]

[ 2016-10-16T01:00:08+08:00 ] ::1 /dawashop/admin.php/Admin/Productattr/add.html
INFO: [ app_init ] --START--
INFO: Run Behavior\BuildLiteBehavior [ RunTime:0.000014s ]
INFO: [ app_init ] --END-- [ RunTime:0.000433s ]

[ 2016-10-16T01:00:08+08:00 ] ::1 /dawashop/admin.php/Admin/Productattr/%7BU('Admin/Product/getattrdata')%7D
INFO: [ app_init ] --START--
INFO: Run Behavior\BuildLiteBehavior [ RunTime:0.000015s ]
INFO: [ app_init ] --END-- [ RunTime:0.000567s ]
INFO: [ app_begin ] --START--
INFO: Run Behavior\ReadHtmlCacheBehavior [ RunTime:0.001335s ]
INFO: [ app_begin ] --END-- [ RunTime:0.001411s ]
ERR: 非法操作:{U('Admin

[ 2016-10-16T01:00:10+08:00 ] ::1 /dawashop/admin.php/Admin/Productattr/%7BU('Admin/Product/getattrdata')%7D
INFO: [ app_init ] --START--
INFO: Run Behavior\BuildLiteBehavior [ RunTime:0.000014s ]
INFO: [ app_init ] --END-- [ RunTime:0.000447s ]
INFO: [ app_begin ] --START--
INFO: Run Behavior\ReadHtmlCacheBehavior [ RunTime:0.000732s ]
INFO: [ app_begin ] --END-- [ RunTime:0.000785s ]
ERR: 非法操作:{U('Admin

[ 2016-10-16T01:00:10+08:00 ] ::1 /dawashop/admin.php/Admin/Productattr/add.html
INFO: [ app_init ] --START--
INFO: Run Behavior\BuildLiteBehavior [ RunTime:0.000013s ]
INFO: [ app_init ] --END-- [ RunTime:0.000443s ]

[ 2016-10-16T01:00:11+08:00 ] ::1 /dawashop/admin.php/Admin/Productattr/%7BU('Admin/Product/getattrdata')%7D
INFO: [ app_init ] --START--
INFO: Run Behavior\BuildLiteBehavior [ RunTime:0.000022s ]
INFO: [ app_init ] --END-- [ RunTime:0.000993s ]
INFO: [ app_begin ] --START--
INFO: Run Behavior\ReadHtmlCacheBehavior [ RunTime:0.000875s ]
INFO: [ app_begin ] --END-- [ RunTime:0.000935s ]
ERR: 非法操作:{U('Admin

[ 2016-10-16T01:00:11+08:00 ] ::1 /dawashop/admin.php/Admin/Productattr/add.html
INFO: [ app_init ] --START--
INFO: Run Behavior\BuildLiteBehavior [ RunTime:0.000015s ]
INFO: [ app_init ] --END-- [ RunTime:0.000441s ]

[ 2016-10-16T01:00:12+08:00 ] ::1 /dawashop/admin.php/Admin/Productattr/%7BU('Admin/Product/getattrdata')%7D
INFO: [ app_init ] --START--
INFO: Run Behavior\BuildLiteBehavior [ RunTime:0.000015s ]
INFO: [ app_init ] --END-- [ RunTime:0.000442s ]
INFO: [ app_begin ] --START--
INFO: Run Behavior\ReadHtmlCacheBehavior [ RunTime:0.001018s ]
INFO: [ app_begin ] --END-- [ RunTime:0.001089s ]
ERR: 非法操作:{U('Admin

[ 2016-10-16T01:00:12+08:00 ] ::1 /dawashop/admin.php/Admin/Productattr/add.html
INFO: [ app_init ] --START--
INFO: Run Behavior\BuildLiteBehavior [ RunTime:0.000019s ]
INFO: [ app_init ] --END-- [ RunTime:0.000466s ]

[ 2016-10-16T01:00:13+08:00 ] ::1 /dawashop/admin.php/Admin/Productattr/%7BU('Admin/Product/getattrdata')%7D
INFO: [ app_init ] --START--
INFO: Run Behavior\BuildLiteBehavior [ RunTime:0.000015s ]
INFO: [ app_init ] --END-- [ RunTime:0.000456s ]
INFO: [ app_begin ] --START--
INFO: Run Behavior\ReadHtmlCacheBehavior [ RunTime:0.000845s ]
INFO: [ app_begin ] --END-- [ RunTime:0.000915s ]
ERR: 非法操作:{U('Admin

[ 2016-10-16T01:00:13+08:00 ] ::1 /dawashop/admin.php/Admin/Productattr/add.html
INFO: [ app_init ] --START--
INFO: Run Behavior\BuildLiteBehavior [ RunTime:0.000015s ]
INFO: [ app_init ] --END-- [ RunTime:0.000444s ]

[ 2016-10-16T01:00:14+08:00 ] ::1 /dawashop/admin.php/Admin/Productattr/%7BU('Admin/Product/getattrdata')%7D
INFO: [ app_init ] --START--
INFO: Run Behavior\BuildLiteBehavior [ RunTime:0.000016s ]
INFO: [ app_init ] --END-- [ RunTime:0.000618s ]
INFO: [ app_begin ] --START--
INFO: Run Behavior\ReadHtmlCacheBehavior [ RunTime:0.000888s ]
INFO: [ app_begin ] --END-- [ RunTime:0.000952s ]
ERR: 非法操作:{U('Admin

[ 2016-10-16T01:00:14+08:00 ] ::1 /dawashop/admin.php/Admin/Productattr/add.html
INFO: [ app_init ] --START--
INFO: Run Behavior\BuildLiteBehavior [ RunTime:0.000021s ]
INFO: [ app_init ] --END-- [ RunTime:0.000613s ]

[ 2016-10-16T01:00:15+08:00 ] ::1 /dawashop/admin.php/Admin/Productattr/%7BU('Admin/Product/getattrdata')%7D
INFO: [ app_init ] --START--
INFO: Run Behavior\BuildLiteBehavior [ RunTime:0.000021s ]
INFO: [ app_init ] --END-- [ RunTime:0.000615s ]
INFO: [ app_begin ] --START--
INFO: Run Behavior\ReadHtmlCacheBehavior [ RunTime:0.000791s ]
INFO: [ app_begin ] --END-- [ RunTime:0.000850s ]
ERR: 非法操作:{U('Admin

[ 2016-10-16T01:00:15+08:00 ] ::1 /dawashop/admin.php/Admin/Productattr/add.html
INFO: [ app_init ] --START--
INFO: Run Behavior\BuildLiteBehavior [ RunTime:0.000019s ]
INFO: [ app_init ] --END-- [ RunTime:0.000467s ]

[ 2016-10-16T01:00:25+08:00 ] ::1 /dawashop/admin.php/Admin/Productattr/%7BU('Admin/Product/getattrdata')%7D
INFO: [ app_init ] --START--
INFO: Run Behavior\BuildLiteBehavior [ RunTime:0.000037s ]
INFO: [ app_init ] --END-- [ RunTime:0.000683s ]
INFO: [ app_begin ] --START--
INFO: Run Behavior\ReadHtmlCacheBehavior [ RunTime:0.000742s ]
INFO: [ app_begin ] --END-- [ RunTime:0.000795s ]
ERR: 非法操作:{U('Admin

[ 2016-10-16T01:00:25+08:00 ] ::1 /dawashop/admin.php/Admin/Productattr/add.html
INFO: [ app_init ] --START--
INFO: Run Behavior\BuildLiteBehavior [ RunTime:0.000014s ]
INFO: [ app_init ] --END-- [ RunTime:0.000455s ]

[ 2016-10-16T01:00:25+08:00 ] ::1 /dawashop/admin.php/Admin/Productattr/%7BU('Admin/Product/getattrdata')%7D
INFO: [ app_init ] --START--
INFO: Run Behavior\BuildLiteBehavior [ RunTime:0.000024s ]
INFO: [ app_init ] --END-- [ RunTime:0.000608s ]
INFO: [ app_begin ] --START--
INFO: Run Behavior\ReadHtmlCacheBehavior [ RunTime:0.000735s ]
INFO: [ app_begin ] --END-- [ RunTime:0.000788s ]
ERR: 非法操作:{U('Admin

[ 2016-10-16T01:00:26+08:00 ] ::1 /dawashop/admin.php/Admin/Productattr/add.html
INFO: [ app_init ] --START--
INFO: Run Behavior\BuildLiteBehavior [ RunTime:0.000014s ]
INFO: [ app_init ] --END-- [ RunTime:0.000448s ]

[ 2016-10-16T01:00:26+08:00 ] ::1 /dawashop/admin.php/Admin/Productattr/%7BU('Admin/Product/getattrdata')%7D
INFO: [ app_init ] --START--
INFO: Run Behavior\BuildLiteBehavior [ RunTime:0.000014s ]
INFO: [ app_init ] --END-- [ RunTime:0.000455s ]
INFO: [ app_begin ] --START--
INFO: Run Behavior\ReadHtmlCacheBehavior [ RunTime:0.001022s ]
INFO: [ app_begin ] --END-- [ RunTime:0.001102s ]
ERR: 非法操作:{U('Admin

[ 2016-10-16T01:00:26+08:00 ] ::1 /dawashop/admin.php/Admin/Productattr/add.html
INFO: [ app_init ] --START--
INFO: Run Behavior\BuildLiteBehavior [ RunTime:0.000014s ]
INFO: [ app_init ] --END-- [ RunTime:0.000474s ]

[ 2016-10-16T01:00:27+08:00 ] ::1 /dawashop/admin.php/Admin/Productattr/%7BU('Admin/Product/getattrdata')%7D
INFO: [ app_init ] --START--
INFO: Run Behavior\BuildLiteBehavior [ RunTime:0.000015s ]
INFO: [ app_init ] --END-- [ RunTime:0.000505s ]
INFO: [ app_begin ] --START--
INFO: Run Behavior\ReadHtmlCacheBehavior [ RunTime:0.001093s ]
INFO: [ app_begin ] --END-- [ RunTime:0.001183s ]
ERR: 非法操作:{U('Admin

[ 2016-10-16T01:00:27+08:00 ] ::1 /dawashop/admin.php/Admin/Productattr/add.html
INFO: [ app_init ] --START--
INFO: Run Behavior\BuildLiteBehavior [ RunTime:0.000021s ]
INFO: [ app_init ] --END-- [ RunTime:0.000706s ]

[ 2016-10-16T01:00:44+08:00 ] ::1 /dawashop/admin.php/Admin/Productattr/%7BU('Admin/Product/getattrdata')%7D
INFO: [ app_init ] --START--
INFO: Run Behavior\BuildLiteBehavior [ RunTime:0.000014s ]
INFO: [ app_init ] --END-- [ RunTime:0.000454s ]
INFO: [ app_begin ] --START--
INFO: Run Behavior\ReadHtmlCacheBehavior [ RunTime:0.000729s ]
INFO: [ app_begin ] --END-- [ RunTime:0.000785s ]
ERR: 非法操作:{U('Admin

[ 2016-10-16T01:00:44+08:00 ] ::1 /dawashop/admin.php/Admin/Productattr/add.html
INFO: [ app_init ] --START--
INFO: Run Behavior\BuildLiteBehavior [ RunTime:0.000014s ]
INFO: [ app_init ] --END-- [ RunTime:0.000456s ]

[ 2016-10-16T01:00:45+08:00 ] ::1 /dawashop/admin.php/Admin/Productattr/%7BU('Admin/Product/getattrdata')%7D
INFO: [ app_init ] --START--
INFO: Run Behavior\BuildLiteBehavior [ RunTime:0.000015s ]
INFO: [ app_init ] --END-- [ RunTime:0.000502s ]
INFO: [ app_begin ] --START--
INFO: Run Behavior\ReadHtmlCacheBehavior [ RunTime:0.000838s ]
INFO: [ app_begin ] --END-- [ RunTime:0.000902s ]
ERR: 非法操作:{U('Admin

[ 2016-10-16T01:00:45+08:00 ] ::1 /dawashop/admin.php/Admin/Productattr/add.html
INFO: [ app_init ] --START--
INFO: Run Behavior\BuildLiteBehavior [ RunTime:0.000016s ]
INFO: [ app_init ] --END-- [ RunTime:0.000578s ]

[ 2016-10-16T01:00:46+08:00 ] ::1 /dawashop/admin.php/Admin/Productattr/%7BU('Admin/Product/getattrdata')%7D
INFO: [ app_init ] --START--
INFO: Run Behavior\BuildLiteBehavior [ RunTime:0.000022s ]
INFO: [ app_init ] --END-- [ RunTime:0.000653s ]
INFO: [ app_begin ] --START--
INFO: Run Behavior\ReadHtmlCacheBehavior [ RunTime:0.000744s ]
INFO: [ app_begin ] --END-- [ RunTime:0.000804s ]
ERR: 非法操作:{U('Admin

[ 2016-10-16T01:00:46+08:00 ] ::1 /dawashop/admin.php/Admin/Productattr/add.html
INFO: [ app_init ] --START--
INFO: Run Behavior\BuildLiteBehavior [ RunTime:0.000028s ]
INFO: [ app_init ] --END-- [ RunTime:0.000680s ]

[ 2016-10-16T01:14:28+08:00 ] ::1 /dawashop/admin.php/Admin/Productattr/%7BU('Admin/Product/getattrdata')%7D
INFO: [ app_init ] --START--
INFO: Run Behavior\BuildLiteBehavior [ RunTime:0.000021s ]
INFO: [ app_init ] --END-- [ RunTime:0.001023s ]
INFO: [ app_begin ] --START--
INFO: Run Behavior\ReadHtmlCacheBehavior [ RunTime:0.001825s ]
INFO: [ app_begin ] --END-- [ RunTime:0.001914s ]
ERR: 非法操作:{U('Admin

[ 2016-10-16T01:14:28+08:00 ] ::1 /dawashop/admin.php/Admin/Productattr/add.html
INFO: [ app_init ] --START--
INFO: Run Behavior\BuildLiteBehavior [ RunTime:0.000017s ]
INFO: [ app_init ] --END-- [ RunTime:0.001061s ]

[ 2016-10-16T01:14:30+08:00 ] ::1 /dawashop/admin.php/Admin/Productattr/add.html
INFO: [ app_init ] --START--
INFO: Run Behavior\BuildLiteBehavior [ RunTime:0.000015s ]
INFO: [ app_init ] --END-- [ RunTime:0.000478s ]

[ 2016-10-16T01:14:31+08:00 ] ::1 /dawashop/admin.php/Admin/Productattr/add.html
INFO: [ app_init ] --START--
INFO: Run Behavior\BuildLiteBehavior [ RunTime:0.000025s ]
INFO: [ app_init ] --END-- [ RunTime:0.000590s ]

[ 2016-10-16T01:14:31+08:00 ] ::1 /dawashop/admin.php/Admin/Productattr/add.html
INFO: [ app_init ] --START--
INFO: Run Behavior\BuildLiteBehavior [ RunTime:0.000014s ]
INFO: [ app_init ] --END-- [ RunTime:0.000433s ]

[ 2016-10-16T01:14:37+08:00 ] ::1 /dawashop/admin.php/Admin/Productattr/add.html
INFO: [ app_init ] --START--
INFO: Run Behavior\BuildLiteBehavior [ RunTime:0.000018s ]
INFO: [ app_init ] --END-- [ RunTime:0.000445s ]

[ 2016-10-16T01:14:37+08:00 ] ::1 /dawashop/admin.php/Admin/Productattr/add.html
INFO: [ app_init ] --START--
INFO: Run Behavior\BuildLiteBehavior [ RunTime:0.000013s ]
INFO: [ app_init ] --END-- [ RunTime:0.000429s ]

[ 2016-10-16T01:14:39+08:00 ] ::1 /dawashop/admin.php/Admin/Productattr/add.html
INFO: [ app_init ] --START--
INFO: Run Behavior\BuildLiteBehavior [ RunTime:0.000015s ]
INFO: [ app_init ] --END-- [ RunTime:0.000446s ]

[ 2016-10-16T01:14:40+08:00 ] ::1 /dawashop/admin.php/Admin/Productattr/add.html
INFO: [ app_init ] --START--
INFO: Run Behavior\BuildLiteBehavior [ RunTime:0.000014s ]
INFO: [ app_init ] --END-- [ RunTime:0.000427s ]

[ 2016-10-16T01:14:41+08:00 ] ::1 /dawashop/admin.php/Admin/Productattr/add.html
INFO: [ app_init ] --START--
INFO: Run Behavior\BuildLiteBehavior [ RunTime:0.000022s ]
INFO: [ app_init ] --END-- [ RunTime:0.000631s ]

[ 2016-10-16T01:14:46+08:00 ] ::1 /dawashop/admin.php/Admin/Productattr/add.html
INFO: [ app_init ] --START--
INFO: Run Behavior\BuildLiteBehavior [ RunTime:0.000015s ]
INFO: [ app_init ] --END-- [ RunTime:0.000452s ]

[ 2016-10-16T01:14:49+08:00 ] ::1 /dawashop/admin.php/Admin/Productattr/add.html
INFO: [ app_init ] --START--
INFO: Run Behavior\BuildLiteBehavior [ RunTime:0.000014s ]
INFO: [ app_init ] --END-- [ RunTime:0.000434s ]

[ 2016-10-16T01:14:51+08:00 ] ::1 /dawashop/admin.php/Admin/Productattr/add.html
INFO: [ app_init ] --START--
INFO: Run Behavior\BuildLiteBehavior [ RunTime:0.000016s ]
INFO: [ app_init ] --END-- [ RunTime:0.000456s ]

[ 2016-10-16T01:14:53+08:00 ] ::1 /dawashop/admin.php/Admin/Productattr/add.html
INFO: [ app_init ] --START--
INFO: Run Behavior\BuildLiteBehavior [ RunTime:0.000022s ]
INFO: [ app_init ] --END-- [ RunTime:0.000675s ]

[ 2016-10-16T01:21:27+08:00 ] ::1 /dawashop/admin.php/Admin/Productattr/add.html
INFO: [ app_init ] --START--
INFO: Run Behavior\BuildLiteBehavior [ RunTime:0.000017s ]
INFO: [ app_init ] --END-- [ RunTime:0.000662s ]

[ 2016-10-16T01:21:29+08:00 ] ::1 /dawashop/admin.php/Admin/Productattr/add.html
INFO: [ app_init ] --START--
INFO: Run Behavior\BuildLiteBehavior [ RunTime:0.000015s ]
INFO: [ app_init ] --END-- [ RunTime:0.000604s ]

[ 2016-10-16T01:21:47+08:00 ] ::1 /dawashop/admin.php/Admin/Productattr/add.html
INFO: [ app_init ] --START--
INFO: Run Behavior\BuildLiteBehavior [ RunTime:0.000016s ]
INFO: [ app_init ] --END-- [ RunTime:0.000784s ]

[ 2016-10-16T01:24:24+08:00 ] ::1 /dawashop/admin.php/Admin/Productattr/add.html
INFO: [ app_init ] --START--
INFO: Run Behavior\BuildLiteBehavior [ RunTime:0.000015s ]
INFO: [ app_init ] --END-- [ RunTime:0.000595s ]

[ 2016-10-16T01:24:26+08:00 ] ::1 /dawashop/admin.php/Admin/Productattr/add.html
INFO: [ app_init ] --START--
INFO: Run Behavior\BuildLiteBehavior [ RunTime:0.000018s ]
INFO: [ app_init ] --END-- [ RunTime:0.000832s ]

[ 2016-10-16T01:24:28+08:00 ] ::1 /dawashop/admin.php/Admin/Productattr/add.html
INFO: [ app_init ] --START--
INFO: Run Behavior\BuildLiteBehavior [ RunTime:0.000013s ]
INFO: [ app_init ] --END-- [ RunTime:0.000429s ]

[ 2016-10-16T01:24:29+08:00 ] ::1 /dawashop/admin.php/Admin/Productattr/add.html
INFO: [ app_init ] --START--
INFO: Run Behavior\BuildLiteBehavior [ RunTime:0.000016s ]
INFO: [ app_init ] --END-- [ RunTime:0.000472s ]

[ 2016-10-16T01:24:30+08:00 ] ::1 /dawashop/admin.php/Admin/Productattr/add.html
INFO: [ app_init ] --START--
INFO: Run Behavior\BuildLiteBehavior [ RunTime:0.000015s ]
INFO: [ app_init ] --END-- [ RunTime:0.000462s ]

[ 2016-10-16T01:24:30+08:00 ] ::1 /dawashop/admin.php/Admin/Productattr/add.html
INFO: [ app_init ] --START--
INFO: Run Behavior\BuildLiteBehavior [ RunTime:0.000014s ]
INFO: [ app_init ] --END-- [ RunTime:0.000438s ]

[ 2016-10-16T01:24:31+08:00 ] ::1 /dawashop/admin.php/Admin/Productattr/add.html
INFO: [ app_init ] --START--
INFO: Run Behavior\BuildLiteBehavior [ RunTime:0.000015s ]
INFO: [ app_init ] --END-- [ RunTime:0.000436s ]

[ 2016-10-16T01:28:29+08:00 ] ::1 /dawashop/admin.php/Admin/Productattr/add.html
INFO: [ app_init ] --START--
INFO: Run Behavior\BuildLiteBehavior [ RunTime:0.000016s ]
INFO: [ app_init ] --END-- [ RunTime:0.000672s ]

[ 2016-10-16T01:28:31+08:00 ] ::1 /dawashop/admin.php/Admin/Productattr/%7BU('Admin/Product/getattrdata')%7D
INFO: [ app_init ] --START--
INFO: Run Behavior\BuildLiteBehavior [ RunTime:0.000017s ]
INFO: [ app_init ] --END-- [ RunTime:0.000458s ]
INFO: [ app_begin ] --START--
INFO: Run Behavior\ReadHtmlCacheBehavior [ RunTime:0.000798s ]
INFO: [ app_begin ] --END-- [ RunTime:0.000873s ]
ERR: 非法操作:{U('Admin

[ 2016-10-16T01:28:31+08:00 ] ::1 /dawashop/admin.php/Admin/Productattr/add.html
INFO: [ app_init ] --START--
INFO: Run Behavior\BuildLiteBehavior [ RunTime:0.000025s ]
INFO: [ app_init ] --END-- [ RunTime:0.000930s ]

[ 2016-10-16T01:28:39+08:00 ] ::1 /dawashop/admin.php/Admin/Productattr/%7BU('Admin/Product/getattrdata')%7D
INFO: [ app_init ] --START--
INFO: Run Behavior\BuildLiteBehavior [ RunTime:0.000016s ]
INFO: [ app_init ] --END-- [ RunTime:0.000550s ]
INFO: [ app_begin ] --START--
INFO: Run Behavior\ReadHtmlCacheBehavior [ RunTime:0.001551s ]
INFO: [ app_begin ] --END-- [ RunTime:0.001682s ]
ERR: 非法操作:{U('Admin

[ 2016-10-16T01:28:39+08:00 ] ::1 /dawashop/admin.php/Admin/Productattr/add.html
INFO: [ app_init ] --START--
INFO: Run Behavior\BuildLiteBehavior [ RunTime:0.000015s ]
INFO: [ app_init ] --END-- [ RunTime:0.000453s ]

[ 2016-10-16T01:28:41+08:00 ] ::1 /dawashop/admin.php/Admin/Productattr/%7BU('Admin/Product/getattrdata')%7D
INFO: [ app_init ] --START--
INFO: Run Behavior\BuildLiteBehavior [ RunTime:0.000015s ]
INFO: [ app_init ] --END-- [ RunTime:0.000450s ]
INFO: [ app_begin ] --START--
INFO: Run Behavior\ReadHtmlCacheBehavior [ RunTime:0.000731s ]
INFO: [ app_begin ] --END-- [ RunTime:0.000779s ]
ERR: 非法操作:{U('Admin

[ 2016-10-16T01:28:41+08:00 ] ::1 /dawashop/admin.php/Admin/Productattr/add.html
INFO: [ app_init ] --START--
INFO: Run Behavior\BuildLiteBehavior [ RunTime:0.000015s ]
INFO: [ app_init ] --END-- [ RunTime:0.000437s ]

[ 2016-10-16T01:28:42+08:00 ] ::1 /dawashop/admin.php/Admin/Productattr/%7BU('Admin/Product/getattrdata')%7D
INFO: [ app_init ] --START--
INFO: Run Behavior\BuildLiteBehavior [ RunTime:0.000016s ]
INFO: [ app_init ] --END-- [ RunTime:0.000478s ]
INFO: [ app_begin ] --START--
INFO: Run Behavior\ReadHtmlCacheBehavior [ RunTime:0.001080s ]
INFO: [ app_begin ] --END-- [ RunTime:0.001151s ]
ERR: 非法操作:{U('Admin

[ 2016-10-16T01:28:42+08:00 ] ::1 /dawashop/admin.php/Admin/Productattr/add.html
INFO: [ app_init ] --START--
INFO: Run Behavior\BuildLiteBehavior [ RunTime:0.000022s ]
INFO: [ app_init ] --END-- [ RunTime:0.000519s ]

[ 2016-10-16T01:28:42+08:00 ] ::1 /dawashop/admin.php/Admin/Productattr/%7BU('Admin/Product/getattrdata')%7D
INFO: [ app_init ] --START--
INFO: Run Behavior\BuildLiteBehavior [ RunTime:0.000015s ]
INFO: [ app_init ] --END-- [ RunTime:0.000477s ]
INFO: [ app_begin ] --START--
INFO: Run Behavior\ReadHtmlCacheBehavior [ RunTime:0.000915s ]
INFO: [ app_begin ] --END-- [ RunTime:0.000981s ]
ERR: 非法操作:{U('Admin

[ 2016-10-16T01:28:42+08:00 ] ::1 /dawashop/admin.php/Admin/Productattr/add.html
INFO: [ app_init ] --START--
INFO: Run Behavior\BuildLiteBehavior [ RunTime:0.000013s ]
INFO: [ app_init ] --END-- [ RunTime:0.000445s ]

[ 2016-10-16T01:36:38+08:00 ] ::1 /dawashop/admin.php/Admin/Productattr/add.html
INFO: [ app_init ] --START--
INFO: Run Behavior\BuildLiteBehavior [ RunTime:0.000037s ]
INFO: [ app_init ] --END-- [ RunTime:0.001570s ]

[ 2016-10-16T01:36:53+08:00 ] ::1 /dawashop/admin.php/Admin/Productattr/add.html
INFO: [ app_init ] --START--
INFO: Run Behavior\BuildLiteBehavior [ RunTime:0.000024s ]
INFO: [ app_init ] --END-- [ RunTime:0.000619s ]

[ 2016-10-16T01:36:53+08:00 ] ::1 /dawashop/admin.php/Admin/Productattr/%7BU('Admin/Product/getattrdata')%7D
INFO: [ app_init ] --START--
INFO: Run Behavior\BuildLiteBehavior [ RunTime:0.000014s ]
INFO: [ app_init ] --END-- [ RunTime:0.000625s ]
INFO: [ app_begin ] --START--
INFO: Run Behavior\ReadHtmlCacheBehavior [ RunTime:0.001088s ]
INFO: [ app_begin ] --END-- [ RunTime:0.001146s ]
ERR: 非法操作:{U('Admin

[ 2016-10-16T01:36:56+08:00 ] ::1 /dawashop/admin.php/Admin/Productattr/%7BU('Admin/Product/getattrdata')%7D
INFO: [ app_init ] --START--
INFO: Run Behavior\BuildLiteBehavior [ RunTime:0.000016s ]
INFO: [ app_init ] --END-- [ RunTime:0.000466s ]
INFO: [ app_begin ] --START--
INFO: Run Behavior\ReadHtmlCacheBehavior [ RunTime:0.000987s ]
INFO: [ app_begin ] --END-- [ RunTime:0.001144s ]
ERR: 非法操作:{U('Admin

[ 2016-10-16T01:36:56+08:00 ] ::1 /dawashop/admin.php/Admin/Productattr/add.html
INFO: [ app_init ] --START--
INFO: Run Behavior\BuildLiteBehavior [ RunTime:0.000016s ]
INFO: [ app_init ] --END-- [ RunTime:0.000445s ]

[ 2016-10-16T01:36:57+08:00 ] ::1 /dawashop/admin.php/Admin/Productattr/%7BU('Admin/Product/getattrdata')%7D
INFO: [ app_init ] --START--
INFO: Run Behavior\BuildLiteBehavior [ RunTime:0.000014s ]
INFO: [ app_init ] --END-- [ RunTime:0.000446s ]
INFO: [ app_begin ] --START--
INFO: Run Behavior\ReadHtmlCacheBehavior [ RunTime:0.000719s ]
INFO: [ app_begin ] --END-- [ RunTime:0.000769s ]
ERR: 非法操作:{U('Admin

[ 2016-10-16T01:36:57+08:00 ] ::1 /dawashop/admin.php/Admin/Productattr/add.html
INFO: [ app_init ] --START--
INFO: Run Behavior\BuildLiteBehavior [ RunTime:0.000015s ]
INFO: [ app_init ] --END-- [ RunTime:0.000434s ]

[ 2016-10-16T01:36:58+08:00 ] ::1 /dawashop/admin.php/Admin/Productattr/%7BU('Admin/Product/getattrdata')%7D
INFO: [ app_init ] --START--
INFO: Run Behavior\BuildLiteBehavior [ RunTime:0.000025s ]
INFO: [ app_init ] --END-- [ RunTime:0.001105s ]
INFO: [ app_begin ] --START--
INFO: Run Behavior\ReadHtmlCacheBehavior [ RunTime:0.000757s ]
INFO: [ app_begin ] --END-- [ RunTime:0.000808s ]
ERR: 非法操作:{U('Admin

[ 2016-10-16T01:36:58+08:00 ] ::1 /dawashop/admin.php/Admin/Productattr/add.html
INFO: [ app_init ] --START--
INFO: Run Behavior\BuildLiteBehavior [ RunTime:0.000024s ]
INFO: [ app_init ] --END-- [ RunTime:0.000613s ]

[ 2016-10-16T01:36:58+08:00 ] ::1 /dawashop/admin.php/Admin/Productattr/%7BU('Admin/Product/getattrdata')%7D
INFO: [ app_init ] --START--
INFO: Run Behavior\BuildLiteBehavior [ RunTime:0.000022s ]
INFO: [ app_init ] --END-- [ RunTime:0.000659s ]
INFO: [ app_begin ] --START--
INFO: Run Behavior\ReadHtmlCacheBehavior [ RunTime:0.001169s ]
INFO: [ app_begin ] --END-- [ RunTime:0.001229s ]
ERR: 非法操作:{U('Admin

[ 2016-10-16T01:36:58+08:00 ] ::1 /dawashop/admin.php/Admin/Productattr/add.html
INFO: [ app_init ] --START--
INFO: Run Behavior\BuildLiteBehavior [ RunTime:0.000024s ]
INFO: [ app_init ] --END-- [ RunTime:0.000645s ]

[ 2016-10-16T01:36:59+08:00 ] ::1 /dawashop/admin.php/Admin/Productattr/%7BU('Admin/Product/getattrdata')%7D
INFO: [ app_init ] --START--
INFO: Run Behavior\BuildLiteBehavior [ RunTime:0.000024s ]
INFO: [ app_init ] --END-- [ RunTime:0.000651s ]
INFO: [ app_begin ] --START--
INFO: Run Behavior\ReadHtmlCacheBehavior [ RunTime:0.001062s ]
INFO: [ app_begin ] --END-- [ RunTime:0.001135s ]
ERR: 非法操作:{U('Admin

[ 2016-10-16T01:36:59+08:00 ] ::1 /dawashop/admin.php/Admin/Productattr/add.html
INFO: [ app_init ] --START--
INFO: Run Behavior\BuildLiteBehavior [ RunTime:0.000014s ]
INFO: [ app_init ] --END-- [ RunTime:0.000442s ]

[ 2016-10-16T01:36:59+08:00 ] ::1 /dawashop/admin.php/Admin/Productattr/%7BU('Admin/Product/getattrdata')%7D
INFO: [ app_init ] --START--
INFO: Run Behavior\BuildLiteBehavior [ RunTime:0.000015s ]
INFO: [ app_init ] --END-- [ RunTime:0.000442s ]
INFO: [ app_begin ] --START--
INFO: Run Behavior\ReadHtmlCacheBehavior [ RunTime:0.000716s ]
INFO: [ app_begin ] --END-- [ RunTime:0.000764s ]
ERR: 非法操作:{U('Admin

[ 2016-10-16T01:36:59+08:00 ] ::1 /dawashop/admin.php/Admin/Productattr/add.html
INFO: [ app_init ] --START--
INFO: Run Behavior\BuildLiteBehavior [ RunTime:0.000014s ]
INFO: [ app_init ] --END-- [ RunTime:0.000442s ]

[ 2016-10-16T01:37:00+08:00 ] ::1 /dawashop/admin.php/Admin/Productattr/%7BU('Admin/Product/getattrdata')%7D
INFO: [ app_init ] --START--
INFO: Run Behavior\BuildLiteBehavior [ RunTime:0.000016s ]
INFO: [ app_init ] --END-- [ RunTime:0.000447s ]
INFO: [ app_begin ] --START--
INFO: Run Behavior\ReadHtmlCacheBehavior [ RunTime:0.000725s ]
INFO: [ app_begin ] --END-- [ RunTime:0.000782s ]
ERR: 非法操作:{U('Admin

[ 2016-10-16T01:37:00+08:00 ] ::1 /dawashop/admin.php/Admin/Productattr/add.html
INFO: [ app_init ] --START--
INFO: Run Behavior\BuildLiteBehavior [ RunTime:0.000014s ]
INFO: [ app_init ] --END-- [ RunTime:0.000428s ]

[ 2016-10-16T01:37:00+08:00 ] ::1 /dawashop/admin.php/Admin/Productattr/add.html
INFO: [ app_init ] --START--
INFO: Run Behavior\BuildLiteBehavior [ RunTime:0.000016s ]
INFO: [ app_init ] --END-- [ RunTime:0.000507s ]

[ 2016-10-16T01:37:00+08:00 ] ::1 /dawashop/admin.php/Admin/Productattr/%7BU('Admin/Product/getattrdata')%7D
INFO: [ app_init ] --START--
INFO: Run Behavior\BuildLiteBehavior [ RunTime:0.000013s ]
INFO: [ app_init ] --END-- [ RunTime:0.000508s ]
INFO: [ app_begin ] --START--
INFO: Run Behavior\ReadHtmlCacheBehavior [ RunTime:0.000939s ]
INFO: [ app_begin ] --END-- [ RunTime:0.001002s ]
ERR: 非法操作:{U('Admin

[ 2016-10-16T01:37:01+08:00 ] ::1 /dawashop/admin.php/Admin/Productattr/%7BU('Admin/Product/getattrdata')%7D
INFO: [ app_init ] --START--
INFO: Run Behavior\BuildLiteBehavior [ RunTime:0.000016s ]
INFO: [ app_init ] --END-- [ RunTime:0.000545s ]
INFO: [ app_begin ] --START--
INFO: Run Behavior\ReadHtmlCacheBehavior [ RunTime:0.001100s ]
INFO: [ app_begin ] --END-- [ RunTime:0.001186s ]
ERR: 非法操作:{U('Admin

[ 2016-10-16T01:37:01+08:00 ] ::1 /dawashop/admin.php/Admin/Productattr/add.html
INFO: [ app_init ] --START--
INFO: Run Behavior\BuildLiteBehavior [ RunTime:0.000024s ]
INFO: [ app_init ] --END-- [ RunTime:0.000522s ]

[ 2016-10-16T01:37:01+08:00 ] ::1 /dawashop/admin.php/Admin/Productattr/add.html
INFO: [ app_init ] --START--
INFO: Run Behavior\BuildLiteBehavior [ RunTime:0.000024s ]
INFO: [ app_init ] --END-- [ RunTime:0.000565s ]

[ 2016-10-16T01:37:01+08:00 ] ::1 /dawashop/admin.php/Admin/Productattr/%7BU('Admin/Product/getattrdata')%7D
INFO: [ app_init ] --START--
INFO: Run Behavior\BuildLiteBehavior [ RunTime:0.000015s ]
INFO: [ app_init ] --END-- [ RunTime:0.000686s ]
INFO: [ app_begin ] --START--
INFO: Run Behavior\ReadHtmlCacheBehavior [ RunTime:0.000808s ]
INFO: [ app_begin ] --END-- [ RunTime:0.000859s ]
ERR: 非法操作:{U('Admin

[ 2016-10-16T01:37:01+08:00 ] ::1 /dawashop/admin.php/Admin/Productattr/%7BU('Admin/Product/getattrdata')%7D
INFO: [ app_init ] --START--
INFO: Run Behavior\BuildLiteBehavior [ RunTime:0.000025s ]
INFO: [ app_init ] --END-- [ RunTime:0.000493s ]
INFO: [ app_begin ] --START--
INFO: Run Behavior\ReadHtmlCacheBehavior [ RunTime:0.000892s ]
INFO: [ app_begin ] --END-- [ RunTime:0.000963s ]
ERR: 非法操作:{U('Admin

[ 2016-10-16T01:37:01+08:00 ] ::1 /dawashop/admin.php/Admin/Productattr/add.html
INFO: [ app_init ] --START--
INFO: Run Behavior\BuildLiteBehavior [ RunTime:0.000017s ]
INFO: [ app_init ] --END-- [ RunTime:0.001038s ]

[ 2016-10-16T01:37:02+08:00 ] ::1 /dawashop/admin.php/Admin/Productattr/%7BU('Admin/Product/getattrdata')%7D
INFO: [ app_init ] --START--
INFO: Run Behavior\BuildLiteBehavior [ RunTime:0.000016s ]
INFO: [ app_init ] --END-- [ RunTime:0.000452s ]
INFO: [ app_begin ] --START--
INFO: Run Behavior\ReadHtmlCacheBehavior [ RunTime:0.000741s ]
INFO: [ app_begin ] --END-- [ RunTime:0.000795s ]
ERR: 非法操作:{U('Admin

[ 2016-10-16T01:37:02+08:00 ] ::1 /dawashop/admin.php/Admin/Productattr/add.html
INFO: [ app_init ] --START--
INFO: Run Behavior\BuildLiteBehavior [ RunTime:0.000016s ]
INFO: [ app_init ] --END-- [ RunTime:0.000470s ]

[ 2016-10-16T01:40:00+08:00 ] ::1 /dawashop/admin.php/Admin/Productattr/add.html
INFO: [ app_init ] --START--
INFO: Run Behavior\BuildLiteBehavior [ RunTime:0.000019s ]
INFO: [ app_init ] --END-- [ RunTime:0.001333s ]

[ 2016-10-16T01:40:01+08:00 ] ::1 /dawashop/admin.php/Admin/Productattr/%7BU('Admin/Product/getattrdata')%7D
INFO: [ app_init ] --START--
INFO: Run Behavior\BuildLiteBehavior [ RunTime:0.000025s ]
INFO: [ app_init ] --END-- [ RunTime:0.000580s ]
INFO: [ app_begin ] --START--
INFO: Run Behavior\ReadHtmlCacheBehavior [ RunTime:0.001176s ]
INFO: [ app_begin ] --END-- [ RunTime:0.001369s ]
ERR: 非法操作:{U('Admin

[ 2016-10-16T01:40:01+08:00 ] ::1 /dawashop/admin.php/Admin/Productattr/add.html
INFO: [ app_init ] --START--
INFO: Run Behavior\BuildLiteBehavior [ RunTime:0.000028s ]
INFO: [ app_init ] --END-- [ RunTime:0.000929s ]

[ 2016-10-16T01:40:02+08:00 ] ::1 /dawashop/admin.php/Admin/Productattr/%7BU('Admin/Product/getattrdata')%7D
INFO: [ app_init ] --START--
INFO: Run Behavior\BuildLiteBehavior [ RunTime:0.000017s ]
INFO: [ app_init ] --END-- [ RunTime:0.000449s ]
INFO: [ app_begin ] --START--
INFO: Run Behavior\ReadHtmlCacheBehavior [ RunTime:0.000706s ]
INFO: [ app_begin ] --END-- [ RunTime:0.000754s ]
ERR: 非法操作:{U('Admin

[ 2016-10-16T01:40:02+08:00 ] ::1 /dawashop/admin.php/Admin/Productattr/add.html
INFO: [ app_init ] --START--
INFO: Run Behavior\BuildLiteBehavior [ RunTime:0.000016s ]
INFO: [ app_init ] --END-- [ RunTime:0.000443s ]

[ 2016-10-16T01:40:03+08:00 ] ::1 /dawashop/admin.php/Admin/Productattr/%7BU('Admin/Product/getattrdata')%7D
INFO: [ app_init ] --START--
INFO: Run Behavior\BuildLiteBehavior [ RunTime:0.000015s ]
INFO: [ app_init ] --END-- [ RunTime:0.000467s ]
INFO: [ app_begin ] --START--
INFO: Run Behavior\ReadHtmlCacheBehavior [ RunTime:0.000731s ]
INFO: [ app_begin ] --END-- [ RunTime:0.000779s ]
ERR: 非法操作:{U('Admin

[ 2016-10-16T01:40:03+08:00 ] ::1 /dawashop/admin.php/Admin/Productattr/add.html
INFO: [ app_init ] --START--
INFO: Run Behavior\BuildLiteBehavior [ RunTime:0.000016s ]
INFO: [ app_init ] --END-- [ RunTime:0.000445s ]

[ 2016-10-16T01:40:03+08:00 ] ::1 /dawashop/admin.php/Admin/Productattr/%7BU('Admin/Product/getattrdata')%7D
INFO: [ app_init ] --START--
INFO: Run Behavior\BuildLiteBehavior [ RunTime:0.000015s ]
INFO: [ app_init ] --END-- [ RunTime:0.000500s ]
INFO: [ app_begin ] --START--
INFO: Run Behavior\ReadHtmlCacheBehavior [ RunTime:0.001048s ]
INFO: [ app_begin ] --END-- [ RunTime:0.001122s ]
ERR: 非法操作:{U('Admin

[ 2016-10-16T01:40:03+08:00 ] ::1 /dawashop/admin.php/Admin/Productattr/add.html
INFO: [ app_init ] --START--
INFO: Run Behavior\BuildLiteBehavior [ RunTime:0.000014s ]
INFO: [ app_init ] --END-- [ RunTime:0.000431s ]

[ 2016-10-16T01:40:04+08:00 ] ::1 /dawashop/admin.php/Admin/Productattr/add.html
INFO: [ app_init ] --START--
INFO: Run Behavior\BuildLiteBehavior [ RunTime:0.000016s ]
INFO: [ app_init ] --END-- [ RunTime:0.000499s ]

[ 2016-10-16T01:40:04+08:00 ] ::1 /dawashop/admin.php/Admin/Productattr/%7BU('Admin/Product/getattrdata')%7D
INFO: [ app_init ] --START--
INFO: Run Behavior\BuildLiteBehavior [ RunTime:0.000023s ]
INFO: [ app_init ] --END-- [ RunTime:0.000683s ]
INFO: [ app_begin ] --START--
INFO: Run Behavior\ReadHtmlCacheBehavior [ RunTime:0.001229s ]
INFO: [ app_begin ] --END-- [ RunTime:0.001317s ]
ERR: 非法操作:{U('Admin

[ 2016-10-16T01:40:05+08:00 ] ::1 /dawashop/admin.php/Admin/Productattr/%7BU('Admin/Product/getattrdata')%7D
INFO: [ app_init ] --START--
INFO: Run Behavior\BuildLiteBehavior [ RunTime:0.000026s ]
INFO: [ app_init ] --END-- [ RunTime:0.000646s ]
INFO: [ app_begin ] --START--
INFO: Run Behavior\ReadHtmlCacheBehavior [ RunTime:0.000728s ]
INFO: [ app_begin ] --END-- [ RunTime:0.000778s ]
ERR: 非法操作:{U('Admin

[ 2016-10-16T01:40:05+08:00 ] ::1 /dawashop/admin.php/Admin/Productattr/add.html
INFO: [ app_init ] --START--
INFO: Run Behavior\BuildLiteBehavior [ RunTime:0.000027s ]
INFO: [ app_init ] --END-- [ RunTime:0.001024s ]

[ 2016-10-16T01:40:06+08:00 ] ::1 /dawashop/admin.php/Admin/Productattr/%7BU('Admin/Product/getattrdata')%7D
INFO: [ app_init ] --START--
INFO: Run Behavior\BuildLiteBehavior [ RunTime:0.000016s ]
INFO: [ app_init ] --END-- [ RunTime:0.000459s ]
INFO: [ app_begin ] --START--
INFO: Run Behavior\ReadHtmlCacheBehavior [ RunTime:0.001321s ]
INFO: [ app_begin ] --END-- [ RunTime:0.001378s ]
ERR: 非法操作:{U('Admin

[ 2016-10-16T01:40:06+08:00 ] ::1 /dawashop/admin.php/Admin/Productattr/add.html
INFO: [ app_init ] --START--
INFO: Run Behavior\BuildLiteBehavior [ RunTime:0.000023s ]
INFO: [ app_init ] --END-- [ RunTime:0.000690s ]

[ 2016-10-16T01:40:07+08:00 ] ::1 /dawashop/admin.php/Admin/Productattr/%7BU('Admin/Product/getattrdata')%7D
INFO: [ app_init ] --START--
INFO: Run Behavior\BuildLiteBehavior [ RunTime:0.000019s ]
INFO: [ app_init ] --END-- [ RunTime:0.000465s ]
INFO: [ app_begin ] --START--
INFO: Run Behavior\ReadHtmlCacheBehavior [ RunTime:0.000736s ]
INFO: [ app_begin ] --END-- [ RunTime:0.000792s ]
ERR: 非法操作:{U('Admin

[ 2016-10-16T01:40:07+08:00 ] ::1 /dawashop/admin.php/Admin/Productattr/add.html
INFO: [ app_init ] --START--
INFO: Run Behavior\BuildLiteBehavior [ RunTime:0.000014s ]
INFO: [ app_init ] --END-- [ RunTime:0.000448s ]

[ 2016-10-16T01:40:08+08:00 ] ::1 /dawashop/admin.php/Admin/Productattr/add.html
INFO: [ app_init ] --START--
INFO: Run Behavior\BuildLiteBehavior [ RunTime:0.000070s ]
INFO: [ app_init ] --END-- [ RunTime:0.001288s ]

[ 2016-10-16T01:40:08+08:00 ] ::1 /dawashop/admin.php/Admin/Productattr/%7BU('Admin/Product/getattrdata')%7D
INFO: [ app_init ] --START--
INFO: Run Behavior\BuildLiteBehavior [ RunTime:0.000024s ]
INFO: [ app_init ] --END-- [ RunTime:0.000944s ]
INFO: [ app_begin ] --START--
INFO: Run Behavior\ReadHtmlCacheBehavior [ RunTime:0.002179s ]
INFO: [ app_begin ] --END-- [ RunTime:0.002266s ]
ERR: 非法操作:{U('Admin

[ 2016-10-16T01:50:42+08:00 ] ::1 /dawashop/admin.php/Admin/Productattr/add.html
INFO: [ app_init ] --START--
INFO: Run Behavior\BuildLiteBehavior [ RunTime:0.000019s ]
INFO: [ app_init ] --END-- [ RunTime:0.000979s ]

[ 2016-10-16T01:50:44+08:00 ] ::1 /dawashop/admin.php/Admin/Productattr/%7BU('Admin/Product/getattrdata')%7D
INFO: [ app_init ] --START--
INFO: Run Behavior\BuildLiteBehavior [ RunTime:0.000024s ]
INFO: [ app_init ] --END-- [ RunTime:0.000628s ]
INFO: [ app_begin ] --START--
INFO: Run Behavior\ReadHtmlCacheBehavior [ RunTime:0.001084s ]
INFO: [ app_begin ] --END-- [ RunTime:0.001149s ]
ERR: 非法操作:{U('Admin

[ 2016-10-16T01:50:44+08:00 ] ::1 /dawashop/admin.php/Admin/Productattr/add.html
INFO: [ app_init ] --START--
INFO: Run Behavior\BuildLiteBehavior [ RunTime:0.000054s ]
INFO: [ app_init ] --END-- [ RunTime:0.000762s ]

[ 2016-10-16T01:50:45+08:00 ] ::1 /dawashop/admin.php/Admin/Productattr/%7BU('Admin/Product/getattrdata')%7D
INFO: [ app_init ] --START--
INFO: Run Behavior\BuildLiteBehavior [ RunTime:0.000015s ]
INFO: [ app_init ] --END-- [ RunTime:0.000454s ]
INFO: [ app_begin ] --START--
INFO: Run Behavior\ReadHtmlCacheBehavior [ RunTime:0.000720s ]
INFO: [ app_begin ] --END-- [ RunTime:0.000772s ]
ERR: 非法操作:{U('Admin

[ 2016-10-16T01:50:45+08:00 ] ::1 /dawashop/admin.php/Admin/Productattr/add.html
INFO: [ app_init ] --START--
INFO: Run Behavior\BuildLiteBehavior [ RunTime:0.000014s ]
INFO: [ app_init ] --END-- [ RunTime:0.000445s ]

[ 2016-10-16T01:50:46+08:00 ] ::1 /dawashop/admin.php/Admin/Productattr/%7BU('Admin/Product/getattrdata')%7D
INFO: [ app_init ] --START--
INFO: Run Behavior\BuildLiteBehavior [ RunTime:0.000026s ]
INFO: [ app_init ] --END-- [ RunTime:0.000645s ]
INFO: [ app_begin ] --START--
INFO: Run Behavior\ReadHtmlCacheBehavior [ RunTime:0.001066s ]
INFO: [ app_begin ] --END-- [ RunTime:0.001139s ]
ERR: 非法操作:{U('Admin

[ 2016-10-16T01:50:46+08:00 ] ::1 /dawashop/admin.php/Admin/Productattr/add.html
INFO: [ app_init ] --START--
INFO: Run Behavior\BuildLiteBehavior [ RunTime:0.000023s ]
INFO: [ app_init ] --END-- [ RunTime:0.000641s ]

[ 2016-10-16T01:50:50+08:00 ] ::1 /dawashop/admin.php/Admin/Productattr/%7BU('Admin/Product/getattrdata')%7D
INFO: [ app_init ] --START--
INFO: Run Behavior\BuildLiteBehavior [ RunTime:0.000015s ]
INFO: [ app_init ] --END-- [ RunTime:0.000439s ]
INFO: [ app_begin ] --START--
INFO: Run Behavior\ReadHtmlCacheBehavior [ RunTime:0.000731s ]
INFO: [ app_begin ] --END-- [ RunTime:0.000780s ]
ERR: 非法操作:{U('Admin

[ 2016-10-16T01:50:50+08:00 ] ::1 /dawashop/admin.php/Admin/Productattr/add.html
INFO: [ app_init ] --START--
INFO: Run Behavior\BuildLiteBehavior [ RunTime:0.000015s ]
INFO: [ app_init ] --END-- [ RunTime:0.000441s ]

[ 2016-10-16T01:51:54+08:00 ] ::1 /dawashop/admin.php/Admin/Productattr/add.html
INFO: [ app_init ] --START--
INFO: Run Behavior\BuildLiteBehavior [ RunTime:0.000016s ]
INFO: [ app_init ] --END-- [ RunTime:0.000487s ]

[ 2016-10-16T01:52:59+08:00 ] ::1 /dawashop/admin.php/Admin/Productattr/add.html
INFO: [ app_init ] --START--
INFO: Run Behavior\BuildLiteBehavior [ RunTime:0.000017s ]
INFO: [ app_init ] --END-- [ RunTime:0.000651s ]

[ 2016-10-16T01:53:01+08:00 ] ::1 /dawashop/admin.php/Admin/Productattr/add.html
INFO: [ app_init ] --START--
INFO: Run Behavior\BuildLiteBehavior [ RunTime:0.000016s ]
INFO: [ app_init ] --END-- [ RunTime:0.000565s ]

[ 2016-10-16T01:53:02+08:00 ] ::1 /dawashop/admin.php/Admin/Productattr/add.html
INFO: [ app_init ] --START--
INFO: Run Behavior\BuildLiteBehavior [ RunTime:0.000015s ]
INFO: [ app_init ] --END-- [ RunTime:0.000481s ]

[ 2016-10-16T23:32:06+08:00 ] ::1 /dawashop/admin.php/Admin/Productattr/add.html
INFO: [ app_init ] --START--
INFO: Run Behavior\BuildLiteBehavior [ RunTime:0.000020s ]
INFO: [ app_init ] --END-- [ RunTime:0.032712s ]

[ 2016-10-16T23:32:13+08:00 ] ::1 /dawashop/admin.php/Admin/Productattr/add.html
INFO: [ app_init ] --START--
INFO: Run Behavior\BuildLiteBehavior [ RunTime:0.000018s ]
INFO: [ app_init ] --END-- [ RunTime:0.000569s ]

[ 2016-10-16T23:32:21+08:00 ] ::1 /dawashop/admin.php/Admin/Productattr/add.html
INFO: [ app_init ] --START--
INFO: Run Behavior\BuildLiteBehavior [ RunTime:0.000018s ]
INFO: [ app_init ] --END-- [ RunTime:0.001016s ]

[ 2016-10-16T23:32:24+08:00 ] ::1 /dawashop/admin.php/Admin/Productattr/add.html
INFO: [ app_init ] --START--
INFO: Run Behavior\BuildLiteBehavior [ RunTime:0.000023s ]
INFO: [ app_init ] --END-- [ RunTime:0.000848s ]

[ 2016-10-16T23:32:26+08:00 ] ::1 /dawashop/admin.php/Admin/Productattr/add.html
INFO: [ app_init ] --START--
INFO: Run Behavior\BuildLiteBehavior [ RunTime:0.000015s ]
INFO: [ app_init ] --END-- [ RunTime:0.000446s ]

[ 2016-10-16T23:32:27+08:00 ] ::1 /dawashop/admin.php/Admin/Productattr/add.html
INFO: [ app_init ] --START--
INFO: Run Behavior\BuildLiteBehavior [ RunTime:0.000015s ]
INFO: [ app_init ] --END-- [ RunTime:0.000438s ]

[ 2016-10-16T23:35:20+08:00 ] ::1 /dawashop/admin.php/Admin/Productattr/add.html
INFO: [ app_init ] --START--
INFO: Run Behavior\BuildLiteBehavior [ RunTime:0.000016s ]
INFO: [ app_init ] --END-- [ RunTime:0.000669s ]

[ 2016-10-16T23:35:22+08:00 ] ::1 /dawashop/admin.php/Admin/Productattr/add.html
INFO: [ app_init ] --START--
INFO: Run Behavior\BuildLiteBehavior [ RunTime:0.000042s ]
INFO: [ app_init ] --END-- [ RunTime:0.000745s ]

[ 2016-10-16T23:35:22+08:00 ] ::1 /dawashop/admin.php/Admin/Productattr/add.html
INFO: [ app_init ] --START--
INFO: Run Behavior\BuildLiteBehavior [ RunTime:0.000041s ]
INFO: [ app_init ] --END-- [ RunTime:0.000742s ]

[ 2016-10-16T23:35:23+08:00 ] ::1 /dawashop/admin.php/Admin/Productattr/add.html
INFO: [ app_init ] --START--
INFO: Run Behavior\BuildLiteBehavior [ RunTime:0.000021s ]
INFO: [ app_init ] --END-- [ RunTime:0.000523s ]

[ 2016-10-16T23:35:42+08:00 ] ::1 /dawashop/admin.php/Admin/Productattr/add.html
INFO: [ app_init ] --START--
INFO: Run Behavior\BuildLiteBehavior [ RunTime:0.000015s ]
INFO: [ app_init ] --END-- [ RunTime:0.000467s ]

[ 2016-10-16T23:35:43+08:00 ] ::1 /dawashop/admin.php/Admin/Productattr/add.html
INFO: [ app_init ] --START--
INFO: Run Behavior\BuildLiteBehavior [ RunTime:0.000013s ]
INFO: [ app_init ] --END-- [ RunTime:0.000434s ]

[ 2016-10-16T23:35:44+08:00 ] ::1 /dawashop/admin.php/Admin/Productattr/add.html
INFO: [ app_init ] --START--
INFO: Run Behavior\BuildLiteBehavior [ RunTime:0.000019s ]
INFO: [ app_init ] --END-- [ RunTime:0.001354s ]

[ 2016-10-16T23:35:44+08:00 ] ::1 /dawashop/admin.php/Admin/Productattr/add.html
INFO: [ app_init ] --START--
INFO: Run Behavior\BuildLiteBehavior [ RunTime:0.000016s ]
INFO: [ app_init ] --END-- [ RunTime:0.000450s ]

[ 2016-10-16T23:35:45+08:00 ] ::1 /dawashop/admin.php/Admin/Productattr/add.html
INFO: [ app_init ] --START--
INFO: Run Behavior\BuildLiteBehavior [ RunTime:0.000027s ]
INFO: [ app_init ] --END-- [ RunTime:0.000718s ]

