[ 2016-10-10T09:59:15+08:00 ] ::1 /dawashop/admin.php/Admin/Product/%7BU:('Admin/User/index.html')%7D
INFO: [ app_init ] --START--
INFO: Run Behavior\BuildLiteBehavior [ RunTime:0.000018s ]
INFO: [ app_init ] --END-- [ RunTime:0.000716s ]
NOTIC: [2] preg_replace(): Compilation failed: unmatched parentheses at offset 7 C:\AppServ\www\dawashop\ThinkPHP\Library\Think\Dispatcher.class.php 第 127 行.
INFO: [ app_begin ] --START--
INFO: Run Behavior\ReadHtmlCacheBehavior [ RunTime:0.001392s ]
INFO: [ app_begin ] --END-- [ RunTime:0.001468s ]
ERR: 无法加载控制器:Product

[ 2016-10-10T09:59:20+08:00 ] ::1 /dawashop/admin.php/Admin/Product/%7BU:('Admin/User/index.html')%7D
INFO: [ app_init ] --START--
INFO: Run Behavior\BuildLiteBehavior [ RunTime:0.000019s ]
INFO: [ app_init ] --END-- [ RunTime:0.000595s ]
NOTIC: [2] preg_replace(): Compilation failed: unmatched parentheses at offset 7 C:\AppServ\www\dawashop\ThinkPHP\Library\Think\Dispatcher.class.php 第 127 行.
INFO: [ app_begin ] --START--
INFO: Run Behavior\ReadHtmlCacheBehavior [ RunTime:0.001501s ]
INFO: [ app_begin ] --END-- [ RunTime:0.001582s ]
ERR: 无法加载控制器:Product

[ 2016-10-10T09:59:23+08:00 ] ::1 /dawashop/admin.php/Admin/Product/%7BU:('Admin/User/index.html')%7D
INFO: [ app_init ] --START--
INFO: Run Behavior\BuildLiteBehavior [ RunTime:0.000017s ]
INFO: [ app_init ] --END-- [ RunTime:0.000602s ]
NOTIC: [2] preg_replace(): Compilation failed: unmatched parentheses at offset 7 C:\AppServ\www\dawashop\ThinkPHP\Library\Think\Dispatcher.class.php 第 127 行.
INFO: [ app_begin ] --START--
INFO: Run Behavior\ReadHtmlCacheBehavior [ RunTime:0.001204s ]
INFO: [ app_begin ] --END-- [ RunTime:0.001267s ]
ERR: 无法加载控制器:Product

[ 2016-10-10T10:00:56+08:00 ] ::1 /dawashop/admin.php/Admin/Product/%7BU:('Admin/User/index.html')%7D
INFO: [ app_init ] --START--
INFO: Run Behavior\BuildLiteBehavior [ RunTime:0.000021s ]
INFO: [ app_init ] --END-- [ RunTime:0.000680s ]
NOTIC: [2] preg_replace(): Compilation failed: unmatched parentheses at offset 7 C:\AppServ\www\dawashop\ThinkPHP\Library\Think\Dispatcher.class.php 第 127 行.
INFO: [ app_begin ] --START--
INFO: Run Behavior\ReadHtmlCacheBehavior [ RunTime:0.001387s ]
INFO: [ app_begin ] --END-- [ RunTime:0.001456s ]
ERR: 无法加载控制器:Product

[ 2016-10-10T10:01:57+08:00 ] ::1 /dawashop/admin.php/Admin/Product/%7BU:('Admin/User/index.html')%7D
INFO: [ app_init ] --START--
INFO: Run Behavior\BuildLiteBehavior [ RunTime:0.000043s ]
INFO: [ app_init ] --END-- [ RunTime:0.001006s ]
NOTIC: [2] preg_replace(): Compilation failed: unmatched parentheses at offset 7 C:\AppServ\www\dawashop\ThinkPHP\Library\Think\Dispatcher.class.php 第 127 行.
INFO: [ app_begin ] --START--
INFO: Run Behavior\ReadHtmlCacheBehavior [ RunTime:0.001344s ]
INFO: [ app_begin ] --END-- [ RunTime:0.001408s ]
ERR: 无法加载控制器:Product

